New log file opened at Wed Nov 30 18:27:56 EST 2016 by 4460@T-Dell
Sending msg to client activator-ea1f301b-eac5-4d0f-8e87-51e5f99de5e0: DetachedLogEvent(LogMessage(debug,sbt server socket logs are in: C:\Users\T\Downloads\typesafe-activator-1.3.12\activator-dist-1.3.12\bin\play-java\.sbtserver\connections\master.log))
Sending msg to client activator-ea1f301b-eac5-4d0f-8e87-51e5f99de5e0: DetachedLogEvent(LogMessage(debug,sbt client logs are in: C:\Users\T\Downloads\typesafe-activator-1.3.12\activator-dist-1.3.12\bin\play-java\.sbtserver\connections\activator-ea1f301b-eac5-4d0f-8e87-51e5f99de5e0.log))
Sending msg to client activator-ea1f301b-eac5-4d0f-8e87-51e5f99de5e0: DetachedLogEvent(LogMessage(debug,sbt general server logs are in: C:\Users\T\Downloads\typesafe-activator-1.3.12\activator-dist-1.3.12\bin\play-java\.sbtserver\master.log))
Reading next message from client.
Got request: ListenToEvents()
Reading next message from client.
Got request: ListenToBuildChange()
Reading next message from client.
Got request: SendSyntheticBuildChanged()
Reading next message from client.
Got request: KeyLookupRequest(discoveredMainClasses)
Reading next message from client.
Got request: KeyLookupRequest(mainClass)
Reading next message from client.
Sending msg to client activator-ea1f301b-eac5-4d0f-8e87-51e5f99de5e0: DetachedLogEvent(LogMessage(debug,> --initialize))
Sending msg to client activator-ea1f301b-eac5-4d0f-8e87-51e5f99de5e0: (3,ReceivedResponse())
Sending msg to client activator-ea1f301b-eac5-4d0f-8e87-51e5f99de5e0: DetachedLogEvent(LogMessage(debug,> initialize))
Sending msg to client activator-ea1f301b-eac5-4d0f-8e87-51e5f99de5e0: DetachedLogEvent(LogMessage(debug,> onFailure load-failed))
Sending msg to client activator-ea1f301b-eac5-4d0f-8e87-51e5f99de5e0: DetachedLogEvent(LogMessage(debug,> boot))
Sending msg to client activator-ea1f301b-eac5-4d0f-8e87-51e5f99de5e0: DetachedLogEvent(LogMessage(debug,> reload))
Sending msg to client activator-ea1f301b-eac5-4d0f-8e87-51e5f99de5e0: DetachedLogEvent(LogMessage(debug,[Loading] Scanning directory C:\Users\T\Downloads\typesafe-activator-1.3.12\activator-dist-1.3.12\bin\play-java\project))
Sending msg to client activator-ea1f301b-eac5-4d0f-8e87-51e5f99de5e0: DetachedLogEvent(LogMessage(debug,[Loading] Found non-root projects ))
Sending msg to client activator-ea1f301b-eac5-4d0f-8e87-51e5f99de5e0: DetachedLogEvent(LogMessage(debug,[Loading] Done in C:\Users\T\Downloads\typesafe-activator-1.3.12\activator-dist-1.3.12\bin\play-java\project, returning: ()))
Sending msg to client activator-ea1f301b-eac5-4d0f-8e87-51e5f99de5e0: DetachedLogEvent(LogMessage(debug,deducing auto plugins based on known facts Set(Atom(sbt.plugins.CorePlugin)) and clauses Clauses(List(Clause(Atom(sbt.plugins.JvmPlugin),Set(Atom(sbt.plugins.IvyPlugin))), Clause(Atom(sbt.plugins.JUnitXmlReportPlugin),Set(Atom(sbt.plugins.JvmPlugin))), Clause(Atom(sbt.plugins.CorePlugin),Set(Atom(sbt.plugins.IvyPlugin))), Clause(Atom(sbt.plugins.IvyPlugin),Set(Atom(sbt.plugins.JvmPlugin))), Clause(Atom(sbt.plugins.JvmPlugin),Set(Atom(sbt.plugins.JUnitXmlReportPlugin)))))))
Sending msg to client activator-ea1f301b-eac5-4d0f-8e87-51e5f99de5e0: DetachedLogEvent(LogMessage(debug,  :: deduced result: Matched(sbt.plugins.CorePlugin,sbt.plugins.IvyPlugin,sbt.plugins.JvmPlugin,sbt.plugins.JUnitXmlReportPlugin)))
Sending msg to client activator-ea1f301b-eac5-4d0f-8e87-51e5f99de5e0: DetachedLogEvent(LogMessage(debug,sorting: ns: List(sbt.plugins.CorePlugin, sbt.plugins.IvyPlugin, sbt.plugins.JvmPlugin, sbt.plugins.JUnitXmlReportPlugin)))
Sending msg to client activator-ea1f301b-eac5-4d0f-8e87-51e5f99de5e0: DetachedLogEvent(LogMessage(debug,  :: sorting:: found: List(sbt.plugins.CorePlugin) not found List(sbt.plugins.IvyPlugin, sbt.plugins.JvmPlugin, sbt.plugins.JUnitXmlReportPlugin)))
Sending msg to client activator-ea1f301b-eac5-4d0f-8e87-51e5f99de5e0: DetachedLogEvent(LogMessage(debug,  :: sorting:: found: List(sbt.plugins.CorePlugin, sbt.plugins.IvyPlugin) not found List(sbt.plugins.JvmPlugin, sbt.plugins.JUnitXmlReportPlugin)))
Sending msg to client activator-ea1f301b-eac5-4d0f-8e87-51e5f99de5e0: DetachedLogEvent(LogMessage(debug,  :: sorting:: found: List(sbt.plugins.CorePlugin, sbt.plugins.IvyPlugin, sbt.plugins.JvmPlugin) not found List(sbt.plugins.JUnitXmlReportPlugin)))
Sending msg to client activator-ea1f301b-eac5-4d0f-8e87-51e5f99de5e0: DetachedLogEvent(LogMessage(debug,  :: sorting:: found: List(sbt.plugins.CorePlugin, sbt.plugins.IvyPlugin, sbt.plugins.JvmPlugin, sbt.plugins.JUnitXmlReportPlugin) not found List()))
Sending msg to client activator-ea1f301b-eac5-4d0f-8e87-51e5f99de5e0: DetachedLogEvent(LogMessage(debug,  :: sorted deduced result: List(sbt.plugins.CorePlugin, sbt.plugins.IvyPlugin, sbt.plugins.JvmPlugin, sbt.plugins.JUnitXmlReportPlugin)))
Sending msg to client activator-ea1f301b-eac5-4d0f-8e87-51e5f99de5e0: DetachedLogEvent(LogMessage(debug,[Loading] Done in C:\Users\T\Downloads\typesafe-activator-1.3.12\activator-dist-1.3.12\bin\play-java\project, returning: (play-java-build)))
Sending msg to client activator-ea1f301b-eac5-4d0f-8e87-51e5f99de5e0: DetachedLogEvent(LogMessage(info,Loading project definition from C:\Users\T\Downloads\typesafe-activator-1.3.12\activator-dist-1.3.12\bin\play-java\project))
Sending msg to client activator-ea1f301b-eac5-4d0f-8e87-51e5f99de5e0: DetachedLogEvent(LogMessage(debug,Running task... Cancel: sbt.TaskCancellationStrategy$Null$@65e60dec, check cycles: false))
Sending msg to client activator-ea1f301b-eac5-4d0f-8e87-51e5f99de5e0: DetachedLogEvent(LogStdOut([info] Updating {file:/C:/Users/T/Downloads/typesafe-activator-1.3.12/activator-dist-1.3.12/bin/play-java/project/}play-java-build...))
Sending msg to client activator-ea1f301b-eac5-4d0f-8e87-51e5f99de5e0: DetachedLogEvent(LogMessage(info,Updating {file:/C:/Users/T/Downloads/typesafe-activator-1.3.12/activator-dist-1.3.12/bin/play-java/project/}play-java-build...))
Sending msg to client activator-ea1f301b-eac5-4d0f-8e87-51e5f99de5e0: DetachedLogEvent(LogMessage(debug,Other repositories:))
Sending msg to client activator-ea1f301b-eac5-4d0f-8e87-51e5f99de5e0: DetachedLogEvent(LogMessage(debug,Default repositories:))
Sending msg to client activator-ea1f301b-eac5-4d0f-8e87-51e5f99de5e0: DetachedLogEvent(LogMessage(debug,Using inline dependencies specified in Scala.))
Sending msg to client activator-ea1f301b-eac5-4d0f-8e87-51e5f99de5e0: DetachedLogEvent(LogMessage(debug,:: resolving dependencies :: default#play-java-build;0.1-SNAPSHOT))
Sending msg to client activator-ea1f301b-eac5-4d0f-8e87-51e5f99de5e0: DetachedLogEvent(LogMessage(debug,	confs: [compile, runtime, test, provided, optional, compile-internal, runtime-internal, test-internal, plugin, sources, docs, pom, scala-tool]))
Sending msg to client activator-ea1f301b-eac5-4d0f-8e87-51e5f99de5e0: DetachedLogEvent(LogMessage(debug,	validate = true))
Sending msg to client activator-ea1f301b-eac5-4d0f-8e87-51e5f99de5e0: DetachedLogEvent(LogMessage(debug,	refresh = false))
Sending msg to client activator-ea1f301b-eac5-4d0f-8e87-51e5f99de5e0: DetachedLogEvent(LogMessage(debug,resolving dependencies for configuration 'compile'))
Sending msg to client activator-ea1f301b-eac5-4d0f-8e87-51e5f99de5e0: DetachedLogEvent(LogMessage(debug,== resolving dependencies for default#play-java-build;0.1-SNAPSHOT [compile]))
Sending msg to client activator-ea1f301b-eac5-4d0f-8e87-51e5f99de5e0: DetachedLogEvent(LogMessage(debug,== resolving dependencies default#play-java-build;0.1-SNAPSHOT->com.typesafe.play#sbt-fork-run-plugin;2.5.9 [compile->default(compile)]))
Sending msg to client activator-ea1f301b-eac5-4d0f-8e87-51e5f99de5e0: DetachedLogEvent(LogStdOut([info] Resolving com.typesafe.play#sbt-fork-run-plugin;2.5.9 ...))
Sending msg to client activator-ea1f301b-eac5-4d0f-8e87-51e5f99de5e0: DetachedLogEvent(LogMessage(info,Resolving com.typesafe.play#sbt-fork-run-plugin;2.5.9 ...))
Sending msg to client activator-ea1f301b-eac5-4d0f-8e87-51e5f99de5e0: DetachedLogEvent(LogMessage(debug,sbt-chain: Checking cache for: dependency: com.typesafe.play#sbt-fork-run-plugin;2.5.9 {compile=[default(compile)]}))
Sending msg to client activator-ea1f301b-eac5-4d0f-8e87-51e5f99de5e0: DetachedLogEvent(LogMessage(debug,sbt-chain: module revision found in cache: com.typesafe.play#sbt-fork-run-plugin;2.5.9))
Sending msg to client activator-ea1f301b-eac5-4d0f-8e87-51e5f99de5e0: DetachedLogEvent(LogMessage(debug,	found com.typesafe.play#sbt-fork-run-plugin;2.5.9 in sbt-chain))
Sending msg to client activator-ea1f301b-eac5-4d0f-8e87-51e5f99de5e0: DetachedLogEvent(LogMessage(debug,dependency descriptor has been mediated: dependency: org.scala-lang#scala-library;2.10.6 {provided=[default(compile)]} => dependency: org.scala-lang#scala-library;2.10.4 {provided=[default(compile)]}))
Sending msg to client activator-ea1f301b-eac5-4d0f-8e87-51e5f99de5e0: DetachedLogEvent(LogMessage(debug,== resolving dependencies com.typesafe.play#sbt-fork-run-plugin;2.5.9->com.typesafe.play#sbt-fork-run-protocol_2.10;2.5.9 [compile->default(compile)]))
Sending msg to client activator-ea1f301b-eac5-4d0f-8e87-51e5f99de5e0: DetachedLogEvent(LogMessage(debug,dependency descriptor has been mediated: dependency: org.scala-lang#scala-library;2.10.6 {provided=[default(compile)]} => dependency: org.scala-lang#scala-library;2.10.4 {provided=[default(compile)]}))
Sending msg to client activator-ea1f301b-eac5-4d0f-8e87-51e5f99de5e0: DetachedLogEvent(LogMessage(debug,dependency descriptor has been mediated: dependency: org.scala-lang#scala-library;2.10.6 {provided=[default(compile)]} => dependency: org.scala-lang#scala-library;2.10.4 {provided=[default(compile)]}))
Sending msg to client activator-ea1f301b-eac5-4d0f-8e87-51e5f99de5e0: DetachedLogEvent(LogMessage(debug,dependency descriptor has been mediated: dependency: org.scala-lang#scala-compiler;2.10.4 {scala-tool=[default, optional(default)]} => dependency: org.scala-lang#scala-compiler;2.10.4 {scala-tool=[default, optional(default)]}))
Sending msg to client activator-ea1f301b-eac5-4d0f-8e87-51e5f99de5e0: DetachedLogEvent(LogMessage(debug,dependency descriptor has been mediated: sbt.ivyint.MergedDescriptors@7aa48f08 => sbt.ivyint.MergedDescriptors@1671d98f))
Sending msg to client activator-ea1f301b-eac5-4d0f-8e87-51e5f99de5e0: DetachedLogEvent(LogStdOut([info] Resolving com.typesafe.play#sbt-fork-run-protocol_2.10;2.5.9 ...))
Sending msg to client activator-ea1f301b-eac5-4d0f-8e87-51e5f99de5e0: DetachedLogEvent(LogMessage(info,Resolving com.typesafe.play#sbt-fork-run-protocol_2.10;2.5.9 ...))
Sending msg to client activator-ea1f301b-eac5-4d0f-8e87-51e5f99de5e0: DetachedLogEvent(LogMessage(debug,sbt-chain: Checking cache for: dependency: com.typesafe.play#sbt-fork-run-protocol_2.10;2.5.9 {compile=[default(compile)]}))
Sending msg to client activator-ea1f301b-eac5-4d0f-8e87-51e5f99de5e0: DetachedLogEvent(LogMessage(debug,sbt-chain: module revision found in cache: com.typesafe.play#sbt-fork-run-protocol_2.10;2.5.9))
Sending msg to client activator-ea1f301b-eac5-4d0f-8e87-51e5f99de5e0: DetachedLogEvent(LogMessage(debug,	found com.typesafe.play#sbt-fork-run-protocol_2.10;2.5.9 in sbt-chain))
Sending msg to client activator-ea1f301b-eac5-4d0f-8e87-51e5f99de5e0: DetachedLogEvent(LogMessage(debug,== resolving dependencies com.typesafe.play#sbt-fork-run-plugin;2.5.9->com.typesafe.play#sbt-fork-run-protocol_2.10;2.5.9 [compile->runtime]))
Sending msg to client activator-ea1f301b-eac5-4d0f-8e87-51e5f99de5e0: DetachedLogEvent(LogMessage(debug,== resolving dependencies com.typesafe.play#sbt-fork-run-plugin;2.5.9->com.typesafe.play#sbt-fork-run-protocol_2.10;2.5.9 [compile->compile]))
Sending msg to client activator-ea1f301b-eac5-4d0f-8e87-51e5f99de5e0: DetachedLogEvent(LogMessage(debug,dependency descriptor has been mediated: dependency: org.scala-lang#scala-library;2.10.6 {compile=[compile(*), master(compile)], runtime=[runtime(*)]} => dependency: org.scala-lang#scala-library;2.10.4 {compile=[compile(*), master(compile)], runtime=[runtime(*)]}))
Sending msg to client activator-ea1f301b-eac5-4d0f-8e87-51e5f99de5e0: DetachedLogEvent(LogMessage(debug,== resolving dependencies com.typesafe.play#sbt-fork-run-protocol_2.10;2.5.9->org.scala-lang#scala-library;2.10.4 [compile->master(compile)]))
Sending msg to client activator-ea1f301b-eac5-4d0f-8e87-51e5f99de5e0: DetachedLogEvent(LogMessage(debug,dependency descriptor has been mediated: dependency: org.scala-lang#scala-library;2.10.6 {compile=[compile(*), master(compile)], runtime=[runtime(*)]} => dependency: org.scala-lang#scala-library;2.10.4 {compile=[compile(*), master(compile)], runtime=[runtime(*)]}))
Sending msg to client activator-ea1f301b-eac5-4d0f-8e87-51e5f99de5e0: DetachedLogEvent(LogMessage(debug,dependency descriptor has been mediated: dependency: org.scala-lang#scala-library;2.10.6 {compile=[compile(*), master(compile)], runtime=[runtime(*)]} => dependency: org.scala-lang#scala-library;2.10.4 {compile=[compile(*), master(compile)], runtime=[runtime(*)]}))
Sending msg to client activator-ea1f301b-eac5-4d0f-8e87-51e5f99de5e0: DetachedLogEvent(LogMessage(debug,dependency descriptor has been mediated: dependency: org.scala-lang#scala-library;2.10.6 {compile=[compile(*), master(compile)], runtime=[runtime(*)]} => dependency: org.scala-lang#scala-library;2.10.4 {compile=[compile(*), master(compile)], runtime=[runtime(*)]}))
Sending msg to client activator-ea1f301b-eac5-4d0f-8e87-51e5f99de5e0: DetachedLogEvent(LogMessage(debug,dependency descriptor has been mediated: dependency: org.scala-lang#scala-library;2.10.6 {compile=[compile(*), master(compile)], runtime=[runtime(*)]} => dependency: org.scala-lang#scala-library;2.10.4 {compile=[compile(*), master(compile)], runtime=[runtime(*)]}))
Sending msg to client activator-ea1f301b-eac5-4d0f-8e87-51e5f99de5e0: DetachedLogEvent(LogMessage(debug,dependency descriptor has been mediated: dependency: org.scala-lang#scala-library;2.10.6 {compile=[compile(*), master(compile)], runtime=[runtime(*)]} => dependency: org.scala-lang#scala-library;2.10.4 {compile=[compile(*), master(compile)], runtime=[runtime(*)]}))
Sending msg to client activator-ea1f301b-eac5-4d0f-8e87-51e5f99de5e0: DetachedLogEvent(LogMessage(debug,dependency descriptor has been mediated: dependency: org.scala-lang#scala-library;2.10.6 {provided=[default(compile)]} => dependency: org.scala-lang#scala-library;2.10.4 {provided=[default(compile)]}))
Sending msg to client activator-ea1f301b-eac5-4d0f-8e87-51e5f99de5e0: DetachedLogEvent(LogMessage(debug,dependency descriptor has been mediated: dependency: org.scala-lang#scala-library;2.10.6 {provided=[default(compile)]} => dependency: org.scala-lang#scala-library;2.10.4 {provided=[default(compile)]}))
Sending msg to client activator-ea1f301b-eac5-4d0f-8e87-51e5f99de5e0: DetachedLogEvent(LogMessage(debug,dependency descriptor has been mediated: dependency: org.scala-lang#scala-compiler;2.10.4 {scala-tool=[default, optional(default)]} => dependency: org.scala-lang#scala-compiler;2.10.4 {scala-tool=[default, optional(default)]}))
Sending msg to client activator-ea1f301b-eac5-4d0f-8e87-51e5f99de5e0: DetachedLogEvent(LogMessage(debug,dependency descriptor has been mediated: sbt.ivyint.MergedDescriptors@7aa48f08 => sbt.ivyint.MergedDescriptors@595bf4a1))
Sending msg to client activator-ea1f301b-eac5-4d0f-8e87-51e5f99de5e0: DetachedLogEvent(LogStdOut([info] Resolving org.scala-lang#scala-library;2.10.4 ...))
Sending msg to client activator-ea1f301b-eac5-4d0f-8e87-51e5f99de5e0: DetachedLogEvent(LogMessage(info,Resolving org.scala-lang#scala-library;2.10.4 ...))
Sending msg to client activator-ea1f301b-eac5-4d0f-8e87-51e5f99de5e0: DetachedLogEvent(LogMessage(debug,sbt-chain: Checking cache for: dependency: org.scala-lang#scala-library;2.10.4 {compile=[compile(*), master(compile)], runtime=[runtime(*)]}))
Sending msg to client activator-ea1f301b-eac5-4d0f-8e87-51e5f99de5e0: DetachedLogEvent(LogMessage(debug,sbt-chain: module revision found in cache: org.scala-lang#scala-library;2.10.4))
Sending msg to client activator-ea1f301b-eac5-4d0f-8e87-51e5f99de5e0: DetachedLogEvent(LogMessage(debug,	found org.scala-lang#scala-library;2.10.4 in sbt-chain))
Sending msg to client activator-ea1f301b-eac5-4d0f-8e87-51e5f99de5e0: DetachedLogEvent(LogMessage(debug,	[2.10.4] org.scala-lang#scala-library;2.10.4))
Sending msg to client activator-ea1f301b-eac5-4d0f-8e87-51e5f99de5e0: DetachedLogEvent(LogMessage(debug,== resolving dependencies com.typesafe.play#sbt-fork-run-protocol_2.10;2.5.9->org.scala-lang#scala-library;2.10.4 [compile->compile(*)]))
Sending msg to client activator-ea1f301b-eac5-4d0f-8e87-51e5f99de5e0: DetachedLogEvent(LogMessage(debug,== resolving dependencies com.typesafe.play#sbt-fork-run-protocol_2.10;2.5.9->org.scala-lang#scala-library;2.10.4 [compile->runtime(*)]))
Sending msg to client activator-ea1f301b-eac5-4d0f-8e87-51e5f99de5e0: DetachedLogEvent(LogMessage(debug,== resolving dependencies com.typesafe.play#sbt-fork-run-protocol_2.10;2.5.9->org.scala-lang#scala-library;2.10.4 [compile->compile]))
Sending msg to client activator-ea1f301b-eac5-4d0f-8e87-51e5f99de5e0: DetachedLogEvent(LogMessage(debug,== resolving dependencies com.typesafe.play#sbt-fork-run-protocol_2.10;2.5.9->com.typesafe.play#sbt-run-support_2.10;2.5.9 [compile->master(compile)]))
Sending msg to client activator-ea1f301b-eac5-4d0f-8e87-51e5f99de5e0: DetachedLogEvent(LogMessage(debug,dependency descriptor has been mediated: dependency: org.scala-lang#scala-library;2.10.6 {compile=[compile(*), master(compile)], runtime=[runtime(*)]} => dependency: org.scala-lang#scala-library;2.10.4 {compile=[compile(*), master(compile)], runtime=[runtime(*)]}))
Sending msg to client activator-ea1f301b-eac5-4d0f-8e87-51e5f99de5e0: DetachedLogEvent(LogMessage(debug,dependency descriptor has been mediated: dependency: org.scala-lang#scala-library;2.10.6 {compile=[compile(*), master(compile)], runtime=[runtime(*)]} => dependency: org.scala-lang#scala-library;2.10.4 {compile=[compile(*), master(compile)], runtime=[runtime(*)]}))
Sending msg to client activator-ea1f301b-eac5-4d0f-8e87-51e5f99de5e0: DetachedLogEvent(LogMessage(debug,dependency descriptor has been mediated: dependency: org.scala-lang#scala-library;2.10.6 {compile=[compile(*), master(compile)], runtime=[runtime(*)]} => dependency: org.scala-lang#scala-library;2.10.4 {compile=[compile(*), master(compile)], runtime=[runtime(*)]}))
Sending msg to client activator-ea1f301b-eac5-4d0f-8e87-51e5f99de5e0: DetachedLogEvent(LogMessage(debug,dependency descriptor has been mediated: dependency: org.scala-lang#scala-library;2.10.6 {compile=[compile(*), master(compile)], runtime=[runtime(*)]} => dependency: org.scala-lang#scala-library;2.10.4 {compile=[compile(*), master(compile)], runtime=[runtime(*)]}))
Sending msg to client activator-ea1f301b-eac5-4d0f-8e87-51e5f99de5e0: DetachedLogEvent(LogMessage(debug,dependency descriptor has been mediated: dependency: org.scala-lang#scala-library;2.10.6 {compile=[compile(*), master(compile)], runtime=[runtime(*)]} => dependency: org.scala-lang#scala-library;2.10.4 {compile=[compile(*), master(compile)], runtime=[runtime(*)]}))
Sending msg to client activator-ea1f301b-eac5-4d0f-8e87-51e5f99de5e0: DetachedLogEvent(LogMessage(debug,dependency descriptor has been mediated: dependency: org.scala-lang#scala-library;2.10.6 {provided=[default(compile)]} => dependency: org.scala-lang#scala-library;2.10.4 {provided=[default(compile)]}))
Sending msg to client activator-ea1f301b-eac5-4d0f-8e87-51e5f99de5e0: DetachedLogEvent(LogMessage(debug,dependency descriptor has been mediated: dependency: org.scala-lang#scala-library;2.10.6 {provided=[default(compile)]} => dependency: org.scala-lang#scala-library;2.10.4 {provided=[default(compile)]}))
Sending msg to client activator-ea1f301b-eac5-4d0f-8e87-51e5f99de5e0: DetachedLogEvent(LogMessage(debug,dependency descriptor has been mediated: dependency: org.scala-lang#scala-compiler;2.10.4 {scala-tool=[default, optional(default)]} => dependency: org.scala-lang#scala-compiler;2.10.4 {scala-tool=[default, optional(default)]}))
Sending msg to client activator-ea1f301b-eac5-4d0f-8e87-51e5f99de5e0: DetachedLogEvent(LogMessage(debug,dependency descriptor has been mediated: sbt.ivyint.MergedDescriptors@7aa48f08 => sbt.ivyint.MergedDescriptors@74874a82))
Sending msg to client activator-ea1f301b-eac5-4d0f-8e87-51e5f99de5e0: DetachedLogEvent(LogStdOut([info] Resolving com.typesafe.play#sbt-run-support_2.10;2.5.9 ...))
Sending msg to client activator-ea1f301b-eac5-4d0f-8e87-51e5f99de5e0: DetachedLogEvent(LogMessage(info,Resolving com.typesafe.play#sbt-run-support_2.10;2.5.9 ...))
Sending msg to client activator-ea1f301b-eac5-4d0f-8e87-51e5f99de5e0: DetachedLogEvent(LogMessage(debug,sbt-chain: Checking cache for: dependency: com.typesafe.play#sbt-run-support_2.10;2.5.9 {compile=[compile(*), master(compile)], runtime=[runtime(*)]}))
Sending msg to client activator-ea1f301b-eac5-4d0f-8e87-51e5f99de5e0: DetachedLogEvent(LogMessage(debug,sbt-chain: module revision found in cache: com.typesafe.play#sbt-run-support_2.10;2.5.9))
Sending msg to client activator-ea1f301b-eac5-4d0f-8e87-51e5f99de5e0: DetachedLogEvent(LogMessage(debug,	found com.typesafe.play#sbt-run-support_2.10;2.5.9 in sbt-chain))
Sending msg to client activator-ea1f301b-eac5-4d0f-8e87-51e5f99de5e0: DetachedLogEvent(LogMessage(debug,dependency descriptor has been mediated: dependency: org.scala-lang#scala-library;2.10.6 {compile=[compile(*), master(compile)], runtime=[runtime(*)]} => dependency: org.scala-lang#scala-library;2.10.4 {compile=[compile(*), master(compile)], runtime=[runtime(*)]}))
Sending msg to client activator-ea1f301b-eac5-4d0f-8e87-51e5f99de5e0: DetachedLogEvent(LogMessage(debug,== resolving dependencies com.typesafe.play#sbt-fork-run-protocol_2.10;2.5.9->com.typesafe.play#sbt-run-support_2.10;2.5.9 [compile->compile(*)]))
Sending msg to client activator-ea1f301b-eac5-4d0f-8e87-51e5f99de5e0: DetachedLogEvent(LogMessage(debug,dependency descriptor has been mediated: dependency: org.scala-lang#scala-library;2.10.6 {compile=[compile(*), master(compile)], runtime=[runtime(*)]} => dependency: org.scala-lang#scala-library;2.10.4 {compile=[compile(*), master(compile)], runtime=[runtime(*)]}))
Sending msg to client activator-ea1f301b-eac5-4d0f-8e87-51e5f99de5e0: DetachedLogEvent(LogMessage(debug,== resolving dependencies com.typesafe.play#sbt-run-support_2.10;2.5.9->org.scala-lang#scala-library;2.10.4 [compile->master(compile)]))
Sending msg to client activator-ea1f301b-eac5-4d0f-8e87-51e5f99de5e0: DetachedLogEvent(LogMessage(debug,dependency descriptor has been mediated: dependency: org.scala-lang#scala-library;2.10.6 {compile=[compile(*), master(compile)], runtime=[runtime(*)]} => dependency: org.scala-lang#scala-library;2.10.4 {compile=[compile(*), master(compile)], runtime=[runtime(*)]}))
Sending msg to client activator-ea1f301b-eac5-4d0f-8e87-51e5f99de5e0: DetachedLogEvent(LogMessage(debug,dependency descriptor has been mediated: dependency: org.scala-lang#scala-library;2.10.6 {compile=[compile(*), master(compile)], runtime=[runtime(*)]} => dependency: org.scala-lang#scala-library;2.10.4 {compile=[compile(*), master(compile)], runtime=[runtime(*)]}))
Sending msg to client activator-ea1f301b-eac5-4d0f-8e87-51e5f99de5e0: DetachedLogEvent(LogMessage(debug,dependency descriptor has been mediated: dependency: org.scala-lang#scala-library;2.10.6 {compile=[compile(*), master(compile)], runtime=[runtime(*)]} => dependency: org.scala-lang#scala-library;2.10.4 {compile=[compile(*), master(compile)], runtime=[runtime(*)]}))
Sending msg to client activator-ea1f301b-eac5-4d0f-8e87-51e5f99de5e0: DetachedLogEvent(LogMessage(debug,dependency descriptor has been mediated: dependency: org.scala-lang#scala-library;2.10.6 {compile=[compile(*), master(compile)], runtime=[runtime(*)]} => dependency: org.scala-lang#scala-library;2.10.4 {compile=[compile(*), master(compile)], runtime=[runtime(*)]}))
Sending msg to client activator-ea1f301b-eac5-4d0f-8e87-51e5f99de5e0: DetachedLogEvent(LogMessage(debug,dependency descriptor has been mediated: dependency: org.scala-lang#scala-library;2.10.6 {compile=[compile(*), master(compile)], runtime=[runtime(*)]} => dependency: org.scala-lang#scala-library;2.10.4 {compile=[compile(*), master(compile)], runtime=[runtime(*)]}))
Sending msg to client activator-ea1f301b-eac5-4d0f-8e87-51e5f99de5e0: DetachedLogEvent(LogMessage(debug,== resolving dependencies com.typesafe.play#sbt-run-support_2.10;2.5.9->org.scala-lang#scala-library;2.10.4 [compile->compile(*)]))
Sending msg to client activator-ea1f301b-eac5-4d0f-8e87-51e5f99de5e0: DetachedLogEvent(LogMessage(debug,== resolving dependencies com.typesafe.play#sbt-run-support_2.10;2.5.9->com.typesafe.play#build-link;2.5.9 [compile->master(compile)]))
Sending msg to client activator-ea1f301b-eac5-4d0f-8e87-51e5f99de5e0: DetachedLogEvent(LogMessage(debug,dependency descriptor has been mediated: dependency: org.scala-lang#scala-library;2.10.6 {compile=[compile(*), master(compile)], runtime=[runtime(*)]} => dependency: org.scala-lang#scala-library;2.10.4 {compile=[compile(*), master(compile)], runtime=[runtime(*)]}))
Sending msg to client activator-ea1f301b-eac5-4d0f-8e87-51e5f99de5e0: DetachedLogEvent(LogMessage(debug,dependency descriptor has been mediated: dependency: org.scala-lang#scala-library;2.10.6 {compile=[compile(*), master(compile)], runtime=[runtime(*)]} => dependency: org.scala-lang#scala-library;2.10.4 {compile=[compile(*), master(compile)], runtime=[runtime(*)]}))
Sending msg to client activator-ea1f301b-eac5-4d0f-8e87-51e5f99de5e0: DetachedLogEvent(LogMessage(debug,dependency descriptor has been mediated: dependency: org.scala-lang#scala-library;2.10.6 {compile=[compile(*), master(compile)], runtime=[runtime(*)]} => dependency: org.scala-lang#scala-library;2.10.4 {compile=[compile(*), master(compile)], runtime=[runtime(*)]}))
Sending msg to client activator-ea1f301b-eac5-4d0f-8e87-51e5f99de5e0: DetachedLogEvent(LogMessage(debug,dependency descriptor has been mediated: dependency: org.scala-lang#scala-library;2.10.6 {compile=[compile(*), master(compile)], runtime=[runtime(*)]} => dependency: org.scala-lang#scala-library;2.10.4 {compile=[compile(*), master(compile)], runtime=[runtime(*)]}))
Sending msg to client activator-ea1f301b-eac5-4d0f-8e87-51e5f99de5e0: DetachedLogEvent(LogMessage(debug,dependency descriptor has been mediated: dependency: org.scala-lang#scala-library;2.10.6 {compile=[compile(*), master(compile)], runtime=[runtime(*)]} => dependency: org.scala-lang#scala-library;2.10.4 {compile=[compile(*), master(compile)], runtime=[runtime(*)]}))
Sending msg to client activator-ea1f301b-eac5-4d0f-8e87-51e5f99de5e0: DetachedLogEvent(LogMessage(debug,dependency descriptor has been mediated: dependency: org.scala-lang#scala-library;2.10.6 {compile=[compile(*), master(compile)], runtime=[runtime(*)]} => dependency: org.scala-lang#scala-library;2.10.4 {compile=[compile(*), master(compile)], runtime=[runtime(*)]}))
Sending msg to client activator-ea1f301b-eac5-4d0f-8e87-51e5f99de5e0: DetachedLogEvent(LogMessage(debug,dependency descriptor has been mediated: dependency: org.scala-lang#scala-library;2.10.6 {compile=[compile(*), master(compile)], runtime=[runtime(*)]} => dependency: org.scala-lang#scala-library;2.10.4 {compile=[compile(*), master(compile)], runtime=[runtime(*)]}))
Sending msg to client activator-ea1f301b-eac5-4d0f-8e87-51e5f99de5e0: DetachedLogEvent(LogMessage(debug,dependency descriptor has been mediated: dependency: org.scala-lang#scala-library;2.10.6 {compile=[compile(*), master(compile)], runtime=[runtime(*)]} => dependency: org.scala-lang#scala-library;2.10.4 {compile=[compile(*), master(compile)], runtime=[runtime(*)]}))
Sending msg to client activator-ea1f301b-eac5-4d0f-8e87-51e5f99de5e0: DetachedLogEvent(LogMessage(debug,dependency descriptor has been mediated: dependency: org.scala-lang#scala-library;2.10.6 {compile=[compile(*), master(compile)], runtime=[runtime(*)]} => dependency: org.scala-lang#scala-library;2.10.4 {compile=[compile(*), master(compile)], runtime=[runtime(*)]}))
Sending msg to client activator-ea1f301b-eac5-4d0f-8e87-51e5f99de5e0: DetachedLogEvent(LogMessage(debug,dependency descriptor has been mediated: dependency: org.scala-lang#scala-library;2.10.6 {compile=[compile(*), master(compile)], runtime=[runtime(*)]} => dependency: org.scala-lang#scala-library;2.10.4 {compile=[compile(*), master(compile)], runtime=[runtime(*)]}))
Sending msg to client activator-ea1f301b-eac5-4d0f-8e87-51e5f99de5e0: DetachedLogEvent(LogMessage(debug,dependency descriptor has been mediated: dependency: org.scala-lang#scala-library;2.10.6 {provided=[default(compile)]} => dependency: org.scala-lang#scala-library;2.10.4 {provided=[default(compile)]}))
Got request: UnlistenToEvents()
Reading next message from client.
Sending msg to client activator-ea1f301b-eac5-4d0f-8e87-51e5f99de5e0: DetachedLogEvent(LogMessage(debug,dependency descriptor has been mediated: dependency: org.scala-lang#scala-library;2.10.6 {provided=[default(compile)]} => dependency: org.scala-lang#scala-library;2.10.4 {provided=[default(compile)]}))
Sending msg to client activator-ea1f301b-eac5-4d0f-8e87-51e5f99de5e0: DetachedLogEvent(LogMessage(debug,dependency descriptor has been mediated: dependency: org.scala-lang#scala-compiler;2.10.4 {scala-tool=[default, optional(default)]} => dependency: org.scala-lang#scala-compiler;2.10.4 {scala-tool=[default, optional(default)]}))
Sending msg to client activator-ea1f301b-eac5-4d0f-8e87-51e5f99de5e0: DetachedLogEvent(LogMessage(debug,dependency descriptor has been mediated: sbt.ivyint.MergedDescriptors@7aa48f08 => sbt.ivyint.MergedDescriptors@389eb2fd))
Sending msg to client activator-ea1f301b-eac5-4d0f-8e87-51e5f99de5e0: DetachedLogEvent(LogStdOut([info] Resolving com.typesafe.play#build-link;2.5.9 ...))
Sending msg to client activator-ea1f301b-eac5-4d0f-8e87-51e5f99de5e0: DetachedLogEvent(LogMessage(info,Resolving com.typesafe.play#build-link;2.5.9 ...))
Sending msg to client activator-ea1f301b-eac5-4d0f-8e87-51e5f99de5e0: DetachedLogEvent(LogMessage(debug,sbt-chain: Checking cache for: dependency: com.typesafe.play#build-link;2.5.9 {compile=[compile(*), master(compile)], runtime=[runtime(*)]}))
Got request: UnlistenToBuildChange()
Reading next message from client.
Client activator-ea1f301b-eac5-4d0f-8e87-51e5f99de5e0 EOF, shutting down.
Stopping client.
Dropping message (8,ReceivedResponse()) to dead client activator-ea1f301b-eac5-4d0f-8e87-51e5f99de5e0
Dropping message (0,ReceivedResponse()) to dead client activator-ea1f301b-eac5-4d0f-8e87-51e5f99de5e0
Client activator-ea1f301b-eac5-4d0f-8e87-51e5f99de5e0 thread exiting.
Dropping message (4,ReceivedResponse()) to dead client activator-ea1f301b-eac5-4d0f-8e87-51e5f99de5e0
Dropping message BuildStructureChanged(MinimalBuildStructure(Vector(file:/C:/Users/T/Downloads/typesafe-activator-1.3.12/activator-dist-1.3.12/bin/play-java/),Vector(BuildData(file:/C:/Users/T/Downloads/typesafe-activator-1.3.12/activator-dist-1.3.12/bin/play-java/,Vector(C:\Users\T\Downloads\typesafe-activator-1.3.12\activator-dist-1.3.12\bin\play-java\project\target\scala-2.10\sbt-0.13\classes, C:\Users\T\.ivy2\cache\scala_2.10\sbt_0.13\com.typesafe.play\sbt-fork-run-plugin\jars\sbt-fork-run-plugin-2.5.9.jar, C:\Users\T\.ivy2\cache\com.typesafe.play\sbt-fork-run-protocol_2.10\jars\sbt-fork-run-protocol_2.10-2.5.9.jar, C:\Users\T\.sbt\boot\scala-2.10.4\lib\scala-library.jar, C:\Users\T\Downloads\typesafe-activator-1.3.12\activator-dist-1.3.12\repository\com.typesafe.play\sbt-run-support_2.10\2.5.9\jars\sbt-run-support_2.10.jar, C:\Users\T\Downloads\typesafe-activator-1.3.12\activator-dist-1.3.12\repository\com.typesafe.play\build-link\2.5.9\jars\build-link.jar, C:\Users\T\Downloads\typesafe-activator-1.3.12\activator-dist-1.3.12\repository\com.typesafe.play\play-exceptions\2.5.9\jars\play-exceptions.jar, C:\Users\T\Downloads\typesafe-activator-1.3.12\activator-dist-1.3.12\repository\com.typesafe.play\twirl-compiler_2.10\1.1.1\jars\twirl-compiler_2.10.jar, C:\Users\T\.sbt\boot\scala-2.10.4\lib\scala-compiler.jar, C:\Users\T\.sbt\boot\scala-2.10.4\lib\scala-reflect.jar, C:\Users\T\Downloads\typesafe-activator-1.3.12\activator-dist-1.3.12\repository\com.typesafe.play\twirl-api_2.10\1.1.1\jars\twirl-api_2.10.jar, C:\Users\T\Downloads\typesafe-activator-1.3.12\activator-dist-1.3.12\repository\org.apache.commons\commons-lang3\3.4\jars\commons-lang3.jar, C:\Users\T\Downloads\typesafe-activator-1.3.12\activator-dist-1.3.12\repository\com.typesafe.play\twirl-parser_2.10\1.1.1\jars\twirl-parser_2.10.jar, C:\Users\T\.ivy2\cache\com.typesafe.sbtrc\client-2-10\jars\client-2-10-0.3.1.jar, C:\Users\T\.ivy2\cache\org.scala-sbt\serialization_2.10\jars\serialization_2.10-0.1.0.jar, C:\Users\T\.ivy2\cache\org.scala-lang.modules\scala-pickling_2.10\jars\scala-pickling_2.10-0.10.0.jar, C:\Users\T\.ivy2\cache\org.scalamacros\quasiquotes_2.10\jars\quasiquotes_2.10-2.0.1.jar, C:\Users\T\.ivy2\cache\org.json4s\json4s-core_2.10\jars\json4s-core_2.10-3.2.10.jar, C:\Users\T\.ivy2\cache\org.json4s\json4s-ast_2.10\jars\json4s-ast_2.10-3.2.10.jar, C:\Users\T\.ivy2\cache\com.thoughtworks.paranamer\paranamer\jars\paranamer-2.6.jar, C:\Users\T\.ivy2\cache\org.spire-math\jawn-parser_2.10\jars\jawn-parser_2.10-0.6.0.jar, C:\Users\T\.ivy2\cache\org.spire-math\json4s-support_2.10\jars\json4s-support_2.10-0.6.0.jar, C:\Users\T\.ivy2\cache\org.scala-sbt\launcher-interface\jars\launcher-interface-0.13.8-M3.jar, C:\Users\T\.ivy2\cache\org.scala-sbt\interface\jars\interface-0.13.8-M3.jar, C:\Users\T\.ivy2\cache\org.scala-sbt\io\jars\io-0.13.8-M3.jar, C:\Users\T\.ivy2\cache\org.scala-sbt\control\jars\control-0.13.8-M3.jar, C:\Users\T\.ivy2\cache\org.scala-sbt\collections\jars\collections-0.13.8-M3.jar, C:\Users\T\.ivy2\cache\scala_2.10\sbt_0.13\com.typesafe.play\sbt-plugin\jars\sbt-plugin-2.5.9.jar, C:\Users\T\Downloads\typesafe-activator-1.3.12\activator-dist-1.3.12\repository\com.typesafe.play\sbt-routes-compiler_2.10\2.5.9\jars\sbt-routes-compiler_2.10.jar, C:\Users\T\Downloads\typesafe-activator-1.3.12\activator-dist-1.3.12\repository\commons-io\commons-io\2.4\jars\commons-io.jar, C:\Users\T\Downloads\typesafe-activator-1.3.12\activator-dist-1.3.12\repository\com.typesafe\config\1.3.0\bundles\config.jar, C:\Users\T\.ivy2\cache\net.contentobjects.jnotify\jnotify\jars\jnotify-0.94-play-1.jar, C:\Users\T\.ivy2\cache\scala_2.10\sbt_0.13\com.typesafe.sbt\sbt-twirl\jars\sbt-twirl-1.1.1.jar, C:\Users\T\.ivy2\cache\scala_2.10\sbt_0.13\com.typesafe.sbt\sbt-native-packager\jars\sbt-native-packager-1.0.3.jar, C:\Users\T\Downloads\typesafe-activator-1.3.12\activator-dist-1.3.12\repository\org.vafer\jdeb\1.3\jars\jdeb.jar, C:\Users\T\Downloads\typesafe-activator-1.3.12\activator-dist-1.3.12\repository\org.apache.maven\maven-core\3.2.2\jars\maven-core.jar, C:\Users\T\Downloads\typesafe-activator-1.3.12\activator-dist-1.3.12\repository\org.apache.maven\maven-model\3.2.2\jars\maven-model.jar, C:\Users\T\Downloads\typesafe-activator-1.3.12\activator-dist-1.3.12\repository\org.codehaus.plexus\plexus-utils\3.0.17\jars\plexus-utils.jar, C:\Users\T\Downloads\typesafe-activator-1.3.12\activator-dist-1.3.12\repository\org.apache.maven\maven-settings\3.2.2\jars\maven-settings.jar, C:\Users\T\Downloads\typesafe-activator-1.3.12\activator-dist-1.3.12\repository\org.apache.maven\maven-settings-builder\3.2.2\jars\maven-settings-builder.jar, C:\Users\T\Downloads\typesafe-activator-1.3.12\activator-dist-1.3.12\repository\org.codehaus.plexus\plexus-interpolation\1.19\jars\plexus-interpolation.jar, C:\Users\T\Downloads\typesafe-activator-1.3.12\activator-dist-1.3.12\repository\org.codehaus.plexus\plexus-component-annotations\1.5.5\jars\plexus-component-annotations.jar, C:\Users\T\Downloads\typesafe-activator-1.3.12\activator-dist-1.3.12\repository\org.sonatype.plexus\plexus-sec-dispatcher\1.3\jars\plexus-sec-dispatcher.jar, C:\Users\T\Downloads\typesafe-activator-1.3.12\activator-dist-1.3.12\repository\org.sonatype.plexus\plexus-cipher\1.4\jars\plexus-cipher.jar, C:\Users\T\Downloads\typesafe-activator-1.3.12\activator-dist-1.3.12\repository\org.apache.maven\maven-repository-metadata\3.2.2\jars\maven-repository-metadata.jar, C:\Users\T\Downloads\typesafe-activator-1.3.12\activator-dist-1.3.12\repository\org.apache.maven\maven-artifact\3.2.2\jars\maven-artifact.jar, C:\Users\T\Downloads\typesafe-activator-1.3.12\activator-dist-1.3.12\repository\org.apache.maven\maven-plugin-api\3.2.2\jars\maven-plugin-api.jar, C:\Users\T\Downloads\typesafe-activator-1.3.12\activator-dist-1.3.12\repository\org.eclipse.sisu\org.eclipse.sisu.plexus\0.0.0.M5\eclipse-plugins\org.eclipse.sisu.plexus.jar, C:\Users\T\Downloads\typesafe-activator-1.3.12\activator-dist-1.3.12\repository\javax.enterprise\cdi-api\1.0\jars\cdi-api.jar, C:\Users\T\Downloads\typesafe-activator-1.3.12\activator-dist-1.3.12\repository\javax.annotation\jsr250-api\1.0\jars\jsr250-api.jar, C:\Users\T\Downloads\typesafe-activator-1.3.12\activator-dist-1.3.12\repository\javax.inject\javax.inject\1\jars\javax.inject.jar, C:\Users\T\Downloads\typesafe-activator-1.3.12\activator-dist-1.3.12\repository\com.google.code.findbugs\jsr305\1.3.9\jars\jsr305.jar, C:\Users\T\.ivy2\cache\org.sonatype.sisu\sisu-guice\jars\sisu-guice-3.1.0.jar, C:\Users\T\Downloads\typesafe-activator-1.3.12\activator-dist-1.3.12\repository\aopalliance\aopalliance\1.0\jars\aopalliance.jar, C:\Users\T\Downloads\typesafe-activator-1.3.12\activator-dist-1.3.12\repository\org.eclipse.sisu\org.eclipse.sisu.inject\0.0.0.M5\eclipse-plugins\org.eclipse.sisu.inject.jar, C:\Users\T\Downloads\typesafe-activator-1.3.12\activator-dist-1.3.12\repository\org.codehaus.plexus\plexus-classworlds\2.5.1\bundles\plexus-classworlds.jar, C:\Users\T\Downloads\typesafe-activator-1.3.12\activator-dist-1.3.12\repository\org.apache.maven\maven-model-builder\3.2.2\jars\maven-model-builder.jar, C:\Users\T\Downloads\typesafe-activator-1.3.12\activator-dist-1.3.12\repository\org.apache.maven\maven-aether-provider\3.2.2\jars\maven-aether-provider.jar, C:\Users\T\Downloads\typesafe-activator-1.3.12\activator-dist-1.3.12\repository\org.eclipse.aether\aether-api\0.9.0.M2\jars\aether-api.jar, C:\Users\T\Downloads\typesafe-activator-1.3.12\activator-dist-1.3.12\repository\org.eclipse.aether\aether-spi\0.9.0.M2\jars\aether-spi.jar, C:\Users\T\Downloads\typesafe-activator-1.3.12\activator-dist-1.3.12\repository\org.eclipse.aether\aether-util\0.9.0.M2\jars\aether-util.jar, C:\Users\T\Downloads\typesafe-activator-1.3.12\activator-dist-1.3.12\repository\org.eclipse.aether\aether-impl\0.9.0.M2\jars\aether-impl.jar, C:\Users\T\Downloads\typesafe-activator-1.3.12\activator-dist-1.3.12\repository\org.apache.ant\ant\1.9.3\jars\ant.jar, C:\Users\T\Downloads\typesafe-activator-1.3.12\activator-dist-1.3.12\repository\org.apache.ant\ant-launcher\1.9.3\jars\ant-launcher.jar, C:\Users\T\Downloads\typesafe-activator-1.3.12\activator-dist-1.3.12\repository\org.bouncycastle\bcpg-jdk15on\1.51\jars\bcpg-jdk15on.jar, C:\Users\T\Downloads\typesafe-activator-1.3.12\activator-dist-1.3.12\repository\org.bouncycastle\bcprov-jdk15on\1.51\jars\bcprov-jdk15on.jar, C:\Users\T\.ivy2\cache\scala_2.10\sbt_0.13\com.typesafe.sbt\sbt-web\jars\sbt-web-1.3.0.jar, C:\Users\T\Downloads\typesafe-activator-1.3.12\activator-dist-1.3.12\repository\org.webjars\webjars-locator\0.26\jars\webjars-locator.jar, C:\Users\T\Downloads\typesafe-activator-1.3.12\activator-dist-1.3.12\repository\org.webjars\webjars-locator-core\0.26\jars\webjars-locator-core.jar, C:\Users\T\Downloads\typesafe-activator-1.3.12\activator-dist-1.3.12\repository\org.apache.commons\commons-compress\1.9\jars\commons-compress.jar, C:\Users\T\Downloads\typesafe-activator-1.3.12\activator-dist-1.3.12\repository\com.typesafe\jse_2.10\1.1.2\jars\jse_2.10.jar, C:\Users\T\Downloads\typesafe-activator-1.3.12\activator-dist-1.3.12\repository\com.typesafe.akka\akka-actor_2.10\2.3.11\jars\akka-actor_2.10.jar, C:\Users\T\Downloads\typesafe-activator-1.3.12\activator-dist-1.3.12\repository\com.typesafe.akka\akka-contrib_2.10\2.3.11\jars\akka-contrib_2.10.jar, C:\Users\T\Downloads\typesafe-activator-1.3.12\activator-dist-1.3.12\repository\com.typesafe.akka\akka-remote_2.10\2.3.11\jars\akka-remote_2.10.jar, C:\Users\T\Downloads\typesafe-activator-1.3.12\activator-dist-1.3.12\repository\io.netty\netty\3.8.0.Final\bundles\netty.jar, C:\Users\T\.ivy2\cache\com.google.protobuf\protobuf-java\bundles\protobuf-java-2.5.0.jar, C:\Users\T\Downloads\typesafe-activator-1.3.12\activator-dist-1.3.12\repository\org.uncommons.maths\uncommons-maths\1.2.2a\jars\uncommons-maths.jar, C:\Users\T\Downloads\typesafe-activator-1.3.12\activator-dist-1.3.12\repository\com.typesafe.akka\akka-cluster_2.10\2.3.11\jars\akka-cluster_2.10.jar, C:\Users\T\Downloads\typesafe-activator-1.3.12\activator-dist-1.3.12\repository\com.typesafe.akka\akka-persistence-experimental_2.10\2.3.11\jars\akka-persistence-experimental_2.10.jar, C:\Users\T\Downloads\typesafe-activator-1.3.12\activator-dist-1.3.12\repository\org.iq80.leveldb\leveldb\0.5\jars\leveldb.jar, C:\Users\T\Downloads\typesafe-activator-1.3.12\activator-dist-1.3.12\repository\org.iq80.leveldb\leveldb-api\0.5\jars\leveldb-api.jar, C:\Users\T\Downloads\typesafe-activator-1.3.12\activator-dist-1.3.12\repository\com.google.guava\guava\12.0\jars\guava.jar, C:\Users\T\Downloads\typesafe-activator-1.3.12\activator-dist-1.3.12\repository\org.fusesource.leveldbjni\leveldbjni-all\1.7\bundles\leveldbjni-all.jar, C:\Users\T\Downloads\typesafe-activator-1.3.12\activator-dist-1.3.12\repository\org.fusesource.leveldbjni\leveldbjni\1.7\jars\leveldbjni.jar, C:\Users\T\Downloads\typesafe-activator-1.3.12\activator-dist-1.3.12\repository\org.fusesource.hawtjni\hawtjni-runtime\1.8\jars\hawtjni-runtime.jar, C:\Users\T\Downloads\typesafe-activator-1.3.12\activator-dist-1.3.12\repository\org.fusesource.leveldbjni\leveldbjni-osx\1.5\jars\leveldbjni-osx.jar, C:\Users\T\Downloads\typesafe-activator-1.3.12\activator-dist-1.3.12\repository\org.fusesource.leveldbjni\leveldbjni-linux32\1.5\jars\leveldbjni-linux32.jar, C:\Users\T\Downloads\typesafe-activator-1.3.12\activator-dist-1.3.12\repository\org.fusesource.leveldbjni\leveldbjni-linux64\1.5\jars\leveldbjni-linux64.jar, C:\Users\T\Downloads\typesafe-activator-1.3.12\activator-dist-1.3.12\repository\org.fusesource.leveldbjni\leveldbjni-win32\1.5\jars\leveldbjni-win32.jar, C:\Users\T\Downloads\typesafe-activator-1.3.12\activator-dist-1.3.12\repository\org.fusesource.leveldbjni\leveldbjni-win64\1.5\jars\leveldbjni-win64.jar, C:\Users\T\Downloads\typesafe-activator-1.3.12\activator-dist-1.3.12\repository\io.apigee.trireme\trireme-core\0.8.5\jars\trireme-core.jar, C:\Users\T\Downloads\typesafe-activator-1.3.12\activator-dist-1.3.12\repository\io.apigee\rhino\1.7R5pre4\jars\rhino.jar, C:\Users\T\Downloads\typesafe-activator-1.3.12\activator-dist-1.3.12\repository\io.apigee.trireme\trireme-node10src\0.8.5\jars\trireme-node10src.jar, C:\Users\T\Downloads\typesafe-activator-1.3.12\activator-dist-1.3.12\repository\io.spray\spray-json_2.10\1.3.2\bundles\spray-json_2.10.jar, C:\Users\T\Downloads\typesafe-activator-1.3.12\activator-dist-1.3.12\repository\org.slf4j\slf4j-simple\1.7.12\jars\slf4j-simple.jar, C:\Users\T\Downloads\typesafe-activator-1.3.12\activator-dist-1.3.12\repository\org.slf4j\slf4j-api\1.7.12\jars\slf4j-api.jar, C:\Users\T\Downloads\typesafe-activator-1.3.12\activator-dist-1.3.12\repository\com.typesafe\npm_2.10\1.1.1\jars\npm_2.10.jar, C:\Users\T\Downloads\typesafe-activator-1.3.12\activator-dist-1.3.12\repository\org.webjars\npm\2.11.2\jars\npm.jar, C:\Users\T\.ivy2\cache\scala_2.10\sbt_0.13\org.scala-sbt\sbt-core-next\jars\sbt-core-next-0.1.1.jar, C:\Users\T\.ivy2\cache\org.scala-sbt\core-next_2.10\jars\core-next_2.10-0.1.1.jar, C:\Users\T\.ivy2\cache\scala_2.10\sbt_0.13\com.typesafe.sbt\sbt-coffeescript\jars\sbt-coffeescript-1.0.0.jar, C:\Users\T\Downloads\typesafe-activator-1.3.12\activator-dist-1.3.12\repository\org.webjars\coffee-script-node\1.7.1\jars\coffee-script-node.jar, C:\Users\T\.ivy2\cache\scala_2.10\sbt_0.13\com.typesafe.sbt\sbt-less\jars\sbt-less-1.1.0.jar, C:\Users\T\Downloads\typesafe-activator-1.3.12\activator-dist-1.3.12\repository\org.webjars\less-node\2.5.0\jars\less-node.jar, C:\Users\T\Downloads\typesafe-activator-1.3.12\activator-dist-1.3.12\repository\org.webjars\source-map\0.1.40-1\jars\source-map.jar, C:\Users\T\Downloads\typesafe-activator-1.3.12\activator-dist-1.3.12\repository\org.webjars\amdefine\0.1.0-2\jars\amdefine.jar, C:\Users\T\Downloads\typesafe-activator-1.3.12\activator-dist-1.3.12\repository\org.webjars\mkdirp\0.5.0\jars\mkdirp.jar, C:\Users\T\Downloads\typesafe-activator-1.3.12\activator-dist-1.3.12\repository\org.webjars\clean-css\2.2.7\jars\clean-css.jar, C:\Users\T\Downloads\typesafe-activator-1.3.12\activator-dist-1.3.12\repository\org.webjars\es6-promise-node\2.1.1\jars\es6-promise-node.jar, C:\Users\T\.ivy2\cache\scala_2.10\sbt_0.13\com.typesafe.sbt\sbt-jshint\jars\sbt-jshint-1.0.4.jar, C:\Users\T\Downloads\typesafe-activator-1.3.12\activator-dist-1.3.12\repository\org.webjars\jshint-node\2.6.3-2\jars\jshint-node.jar, C:\Users\T\Downloads\typesafe-activator-1.3.12\activator-dist-1.3.12\repository\org.webjars\underscorejs\1.5.2-2\jars\underscorejs.jar, C:\Users\T\Downloads\typesafe-activator-1.3.12\activator-dist-1.3.12\repository\org.webjars\console-browserify\0.1.6-1\jars\console-browserify.jar, C:\Users\T\Downloads\typesafe-activator-1.3.12\activator-dist-1.3.12\repository\org.webjars\strip-json-comments\1.0.2-1\jars\strip-json-comments.jar, C:\Users\T\.ivy2\cache\scala_2.10\sbt_0.13\com.typesafe.sbt\sbt-rjs\jars\sbt-rjs-1.0.8.jar, C:\Users\T\Downloads\typesafe-activator-1.3.12\activator-dist-1.3.12\repository\org.webjars\rjs\2.2.0\jars\rjs.jar, C:\Users\T\.ivy2\cache\scala_2.10\sbt_0.13\com.typesafe.sbt\sbt-js-engine\jars\sbt-js-engine-1.1.4.jar, C:\Users\T\.ivy2\cache\scala_2.10\sbt_0.13\com.typesafe.sbt\sbt-digest\jars\sbt-digest-1.1.1.jar, C:\Users\T\.ivy2\cache\scala_2.10\sbt_0.13\com.typesafe.sbt\sbt-mocha\jars\sbt-mocha-1.1.0.jar, C:\Users\T\Downloads\typesafe-activator-1.3.12\activator-dist-1.3.12\repository\org.webjars\mocha\1.17.1\jars\mocha.jar, C:\Users\T\Downloads\typesafe-activator-1.3.12\activator-dist-1.3.12\repository\org.webjars\debug\0.7.4\jars\debug.jar, C:\Users\T\Downloads\typesafe-activator-1.3.12\activator-dist-1.3.12\repository\org.webjars\diff\1.0.7\jars\diff.jar, C:\Users\T\.ivy2\cache\scala_2.10\sbt_0.13\org.irundaia.sbt\sbt-sassify\jars\sbt-sassify-1.4.6.jar, C:\Users\T\Downloads\typesafe-activator-1.3.12\activator-dist-1.3.12\repository\com.typesafe.play\play-json_2.10\2.4.6\jars\play-json_2.10.jar, C:\Users\T\Downloads\typesafe-activator-1.3.12\activator-dist-1.3.12\repository\com.typesafe.play\play-iteratees_2.10\2.4.6\jars\play-iteratees_2.10.jar, C:\Users\T\Downloads\typesafe-activator-1.3.12\activator-dist-1.3.12\repository\org.scala-stm\scala-stm_2.10\0.7\jars\scala-stm_2.10.jar, C:\Users\T\Downloads\typesafe-activator-1.3.12\activator-dist-1.3.12\repository\com.typesafe.play\play-functional_2.10\2.4.6\jars\play-functional_2.10.jar, C:\Users\T\Downloads\typesafe-activator-1.3.12\activator-dist-1.3.12\repository\com.typesafe.play\play-datacommons_2.10\2.4.6\jars\play-datacommons_2.10.jar, C:\Users\T\Downloads\typesafe-activator-1.3.12\activator-dist-1.3.12\repository\joda-time\joda-time\2.8.1\jars\joda-time.jar, C:\Users\T\Downloads\typesafe-activator-1.3.12\activator-dist-1.3.12\repository\org.joda\joda-convert\1.7\jars\joda-convert.jar, C:\Users\T\Downloads\typesafe-activator-1.3.12\activator-dist-1.3.12\repository\com.fasterxml.jackson.core\jackson-core\2.5.4\bundles\jackson-core.jar, C:\Users\T\Downloads\typesafe-activator-1.3.12\activator-dist-1.3.12\repository\com.fasterxml.jackson.core\jackson-annotations\2.5.4\bundles\jackson-annotations.jar, C:\Users\T\Downloads\typesafe-activator-1.3.12\activator-dist-1.3.12\repository\com.fasterxml.jackson.core\jackson-databind\2.5.4\bundles\jackson-databind.jar, C:\Users\T\Downloads\typesafe-activator-1.3.12\activator-dist-1.3.12\repository\com.fasterxml.jackson.datatype\jackson-datatype-jdk8\2.5.4\bundles\jackson-datatype-jdk8.jar, C:\Users\T\Downloads\typesafe-activator-1.3.12\activator-dist-1.3.12\repository\com.fasterxml.jackson.datatype\jackson-datatype-jsr310\2.5.4\bundles\jackson-datatype-jsr310.jar, C:\Users\T\Downloads\typesafe-activator-1.3.12\activator-dist-1.3.12\repository\com.nativelibs4java\jnaerator-runtime\0.12\jars\jnaerator-runtime.jar, C:\Users\T\Downloads\typesafe-activator-1.3.12\activator-dist-1.3.12\repository\com.nativelibs4java\ochafik-util\0.12\jars\ochafik-util.jar, C:\Users\T\Downloads\typesafe-activator-1.3.12\activator-dist-1.3.12\repository\net.java.dev.jna\jna\4.1.0\jars\jna.jar, C:\Users\T\.ivy2\cache\scala_2.10\sbt_0.13\com.typesafe.sbt\sbt-play-enhancer\jars\sbt-play-enhancer-1.1.0.jar, C:\Users\T\Downloads\typesafe-activator-1.3.12\activator-dist-1.3.12\repository\com.typesafe.play\play-enhancer\1.1.0\jars\play-enhancer.jar, C:\Users\T\.ivy2\cache\org.javassist\javassist\bundles\javassist-3.18.2-GA.jar, C:\Users\T\.ivy2\cache\scala_2.10\sbt_0.13\com.typesafe.sbt\sbt-play-ebean\jars\sbt-play-ebean-3.0.2.jar, C:\Users\T\.ivy2\cache\org.avaje.ebeanorm\avaje-ebeanorm-agent\jars\avaje-ebeanorm-agent-4.9.2.jar, C:\Users\T\.ivy2\cache\javax.persistence\persistence-api\jars\persistence-api-1.0.jar, C:\Users\T\.sbt\boot\scala-2.10.4\com.typesafe.sbtrc\server-0-13\0.3.5\actions-0.13.8.jar, C:\Users\T\.sbt\boot\scala-2.10.4\com.typesafe.sbtrc\server-0-13\0.3.5\api-0.13.8.jar, C:\Users\T\.sbt\boot\scala-2.10.4\com.typesafe.sbtrc\server-0-13\0.3.5\apply-macro-0.13.8.jar, C:\Users\T\.sbt\boot\scala-2.10.4\com.typesafe.sbtrc\server-0-13\0.3.5\cache-0.13.8.jar, C:\Users\T\.sbt\boot\scala-2.10.4\com.typesafe.sbtrc\server-0-13\0.3.5\classfile-0.13.8.jar, C:\Users\T\.sbt\boot\scala-2.10.4\com.typesafe.sbtrc\server-0-13\0.3.5\classpath-0.13.8.jar, C:\Users\T\.sbt\boot\scala-2.10.4\com.typesafe.sbtrc\server-0-13\0.3.5\collections-0.13.8.jar, C:\Users\T\.sbt\boot\scala-2.10.4\com.typesafe.sbtrc\server-0-13\0.3.5\command-0.13.8.jar, C:\Users\T\.sbt\boot\scala-2.10.4\com.typesafe.sbtrc\server-0-13\0.3.5\compile-0.13.8.jar, C:\Users\T\.sbt\boot\scala-2.10.4\com.typesafe.sbtrc\server-0-13\0.3.5\compiler-integration-0.13.8.jar, C:\Users\T\.sbt\boot\scala-2.10.4\com.typesafe.sbtrc\server-0-13\0.3.5\compiler-ivy-integration-0.13.8.jar, C:\Users\T\.sbt\boot\scala-2.10.4\com.typesafe.sbtrc\server-0-13\0.3.5\completion-0.13.8.jar, C:\Users\T\.sbt\boot\scala-2.10.4\com.typesafe.sbtrc\server-0-13\0.3.5\control-0.13.8.jar, C:\Users\T\.sbt\boot\scala-2.10.4\com.typesafe.sbtrc\server-0-13\0.3.5\core-next_2.10-0.1.1.jar, C:\Users\T\.sbt\boot\scala-2.10.4\com.typesafe.sbtrc\server-0-13\0.3.5\cross-0.13.8.jar, C:\Users\T\.sbt\boot\scala-2.10.4\com.typesafe.sbtrc\server-0-13\0.3.5\incremental-compiler-0.13.8.jar, C:\Users\T\.sbt\boot\scala-2.10.4\com.typesafe.sbtrc\server-0-13\0.3.5\io-0.13.8.jar, C:\Users\T\.sbt\boot\scala-2.10.4\com.typesafe.sbtrc\server-0-13\0.3.5\ivy-0.13.8.jar, C:\Users\T\.sbt\boot\scala-2.10.4\com.typesafe.sbtrc\server-0-13\0.3.5\ivy-2.3.0-sbt-fccfbd44c9f64523b61398a0155784dcbaeae28f.jar, C:\Users\T\.sbt\boot\scala-2.10.4\com.typesafe.sbtrc\server-0-13\0.3.5\jawn-parser_2.10-0.6.0.jar, C:\Users\T\.sbt\boot\scala-2.10.4\com.typesafe.sbtrc\server-0-13\0.3.5\jline-2.11.jar, C:\Users\T\.sbt\boot\scala-2.10.4\com.typesafe.sbtrc\server-0-13\0.3.5\jsch-0.1.46.jar, C:\Users\T\.sbt\boot\scala-2.10.4\com.typesafe.sbtrc\server-0-13\0.3.5\json4s-ast_2.10-3.2.10.jar, C:\Users\T\.sbt\boot\scala-2.10.4\com.typesafe.sbtrc\server-0-13\0.3.5\json4s-core_2.10-3.2.10.jar, C:\Users\T\.sbt\boot\scala-2.10.4\com.typesafe.sbtrc\server-0-13\0.3.5\json4s-support_2.10-0.6.0.jar, C:\Users\T\.sbt\boot\scala-2.10.4\com.typesafe.sbtrc\server-0-13\0.3.5\launcher-interface-0.13.8.jar, C:\Users\T\.sbt\boot\scala-2.10.4\com.typesafe.sbtrc\server-0-13\0.3.5\logging-0.13.8.jar, C:\Users\T\.sbt\boot\scala-2.10.4\com.typesafe.sbtrc\server-0-13\0.3.5\logic-0.13.8.jar, C:\Users\T\.sbt\boot\scala-2.10.4\com.typesafe.sbtrc\server-0-13\0.3.5\main-0.13.8.jar, C:\Users\T\.sbt\boot\scala-2.10.4\com.typesafe.sbtrc\server-0-13\0.3.5\main-settings-0.13.8.jar, C:\Users\T\.sbt\boot\scala-2.10.4\com.typesafe.sbtrc\server-0-13\0.3.5\paranamer-2.6.jar, C:\Users\T\.sbt\boot\scala-2.10.4\com.typesafe.sbtrc\server-0-13\0.3.5\persist-0.13.8.jar, C:\Users\T\.sbt\boot\scala-2.10.4\com.typesafe.sbtrc\server-0-13\0.3.5\process-0.13.8.jar, C:\Users\T\.sbt\boot\scala-2.10.4\com.typesafe.sbtrc\server-0-13\0.3.5\quasiquotes_2.10-2.0.1.jar, C:\Users\T\.sbt\boot\scala-2.10.4\com.typesafe.sbtrc\server-0-13\0.3.5\relation-0.13.8.jar, C:\Users\T\.sbt\boot\scala-2.10.4\com.typesafe.sbtrc\server-0-13\0.3.5\run-0.13.8.jar, C:\Users\T\.sbt\boot\scala-2.10.4\com.typesafe.sbtrc\server-0-13\0.3.5\sbinary_2.10-0.4.2.jar, C:\Users\T\.sbt\boot\scala-2.10.4\com.typesafe.sbtrc\server-0-13\0.3.5\sbt-0.13.8.jar, C:\Users\T\.sbt\boot\scala-2.10.4\com.typesafe.sbtrc\server-0-13\0.3.5\scala-pickling_2.10-0.10.0.jar, C:\Users\T\.sbt\boot\scala-2.10.4\com.typesafe.sbtrc\server-0-13\0.3.5\scala-reflect-2.10.4.jar, C:\Users\T\.sbt\boot\scala-2.10.4\com.typesafe.sbtrc\server-0-13\0.3.5\serialization_2.10-0.1.1.jar, C:\Users\T\.sbt\boot\scala-2.10.4\com.typesafe.sbtrc\server-0-13\0.3.5\server-0-13-0.3.5.jar, C:\Users\T\.sbt\boot\scala-2.10.4\com.typesafe.sbtrc\server-0-13\0.3.5\task-system-0.13.8.jar, C:\Users\T\.sbt\boot\scala-2.10.4\com.typesafe.sbtrc\server-0-13\0.3.5\tasks-0.13.8.jar, C:\Users\T\.sbt\boot\scala-2.10.4\com.typesafe.sbtrc\server-0-13\0.3.5\test-agent-0.13.8.jar, C:\Users\T\.sbt\boot\scala-2.10.4\com.typesafe.sbtrc\server-0-13\0.3.5\test-interface-1.0.jar, C:\Users\T\.sbt\boot\scala-2.10.4\com.typesafe.sbtrc\server-0-13\0.3.5\testing-0.13.8.jar, C:\Users\T\.sbt\boot\scala-2.10.4\com.typesafe.sbtrc\server-0-13\0.3.5\tracking-0.13.8.jar, C:\Users\T\.sbt\boot\scala-2.10.4\com.typesafe.sbtrc\server-0-13\0.3.5\xsbti\interface-0.13.8.jar, C:\Users\T\.sbt\boot\scala-2.10.4\lib\jansi.jar, C:\Users\T\.sbt\boot\scala-2.10.4\lib\jline.jar, C:\Users\T\Downloads\typesafe-activator-1.3.12\activator-dist-1.3.12\bin\play-java\project\target\config-classes),Vector(import sbt._, Keys._, dsl._, import _root_.play.sbt.forkrun.PlayForkRun.autoImport._, _root_.play.sbt.Play.autoImport._, _root_.play.sbt.routes.RoutesCompiler.autoImport._, _root_.play.twirl.sbt.SbtTwirl.autoImport._, _root_.com.typesafe.sbt.SbtNativePackager.autoImport._, _root_.com.typesafe.sbt.packager.archetypes.JavaAppPackaging.autoImport._, _root_.com.typesafe.sbt.packager.archetypes.jar.ClasspathJarPlugin.autoImport._, _root_.com.typesafe.sbt.packager.archetypes.jar.LauncherJarPlugin.autoImport._, _root_.com.typesafe.sbt.packager.debian.DebianPlugin.autoImport._, _root_.com.typesafe.sbt.packager.docker.DockerPlugin.autoImport._, _root_.com.typesafe.sbt.packager.jdkpackager.JDKPackagerPlugin.autoImport._, _root_.com.typesafe.sbt.packager.linux.LinuxPlugin.autoImport._, _root_.com.typesafe.sbt.packager.rpm.RpmPlugin.autoImport._, _root_.com.typesafe.sbt.packager.universal.UniversalPlugin.autoImport._, _root_.com.typesafe.sbt.packager.windows.WindowsPlugin.autoImport._, _root_.com.typesafe.sbt.web.SbtWeb.autoImport._, _root_.com.typesafe.sbt.coffeescript.SbtCoffeeScript.autoImport._, _root_.com.typesafe.sbt.less.SbtLess.autoImport._, _root_.com.typesafe.sbt.jshint.SbtJSHint.autoImport._, _root_.com.typesafe.sbt.rjs.SbtRjs.autoImport._, _root_.com.typesafe.sbt.jse.SbtJsEngine.autoImport._, _root_.com.typesafe.sbt.jse.SbtJsTask.autoImport._, _root_.com.typesafe.sbt.digest.SbtDigest.autoImport._, _root_.com.typesafe.sbt.mocha.SbtMocha.autoImport._, _root_.org.irundaia.sbt.sass.SbtSassify.autoImport._, _root_.com.typesafe.play.sbt.enhancer.PlayEnhancer.autoImport._, _root_.play.ebean.sbt.PlayEbean.autoImport._, import _root_.sbt.plugins.IvyPlugin, _root_.sbt.plugins.JvmPlugin, _root_.sbt.plugins.CorePlugin, _root_.sbt.plugins.JUnitXmlReportPlugin, _root_.play.sbt.forkrun.PlayForkRun, _root_.play.sbt.Play, _root_.play.sbt.PlayAkkaHttpServer, _root_.play.sbt.PlayJava, _root_.play.sbt.PlayLayoutPlugin, _root_.play.sbt.PlayLogback, _root_.play.sbt.PlayNettyServer, _root_.play.sbt.PlayScala, _root_.play.sbt.routes.RoutesCompiler, _root_.play.twirl.sbt.SbtTwirl, _root_.com.typesafe.sbt.SbtNativePackager, _root_.com.typesafe.sbt.packager.archetypes.AkkaAppPackaging, _root_.com.typesafe.sbt.packager.archetypes.JavaAppPackaging, _root_.com.typesafe.sbt.packager.archetypes.JavaServerAppPackaging, _root_.com.typesafe.sbt.packager.archetypes.jar.ClasspathJarPlugin, _root_.com.typesafe.sbt.packager.archetypes.jar.LauncherJarPlugin, _root_.com.typesafe.sbt.packager.debian.DebianDeployPlugin, _root_.com.typesafe.sbt.packager.debian.DebianPlugin, _root_.com.typesafe.sbt.packager.debian.JDebPackaging, _root_.com.typesafe.sbt.packager.docker.DockerPlugin, _root_.com.typesafe.sbt.packager.jdkpackager.JDKPackagerDeployPlugin, _root_.com.typesafe.sbt.packager.jdkpackager.JDKPackagerPlugin, _root_.com.typesafe.sbt.packager.linux.LinuxPlugin, _root_.com.typesafe.sbt.packager.rpm.RpmDeployPlugin, _root_.com.typesafe.sbt.packager.rpm.RpmPlugin, _root_.com.typesafe.sbt.packager.universal.UniversalDeployPlugin, _root_.com.typesafe.sbt.packager.universal.UniversalPlugin, _root_.com.typesafe.sbt.packager.windows.WindowsDeployPlugin, _root_.com.typesafe.sbt.packager.windows.WindowsPlugin, _root_.com.typesafe.sbt.web.SbtWeb, _root_.sbt.plugins.BackgroundRunPlugin, _root_.sbt.plugins.InteractionServicePlugin, _root_.sbt.plugins.SendEventServicePlugin, _root_.sbt.plugins.SerializersPlugin, _root_.com.typesafe.sbt.coffeescript.SbtCoffeeScript, _root_.com.typesafe.sbt.less.SbtLess, _root_.com.typesafe.sbt.jshint.SbtJSHint, _root_.com.typesafe.sbt.rjs.SbtRjs, _root_.com.typesafe.sbt.jse.SbtJsEngine, _root_.com.typesafe.sbt.jse.SbtJsTask, _root_.com.typesafe.sbt.digest.SbtDigest, _root_.com.typesafe.sbt.mocha.SbtMocha, _root_.org.irundaia.sbt.sass.SbtSassify, _root_.com.typesafe.play.sbt.enhancer.PlayEnhancer, _root_.play.ebean.sbt.PlayEbean, import $66213d9698290e44e8d1.root))),Vector(MinimalProjectStructure(ProjectReference(file:/C:/Users/T/Downloads/typesafe-activator-1.3.12/activator-dist-1.3.12/bin/play-java/,root),Vector(sbt.plugins.CorePlugin, com.typesafe.sbt.SbtNativePackager, sbt.plugins.InteractionServicePlugin, sbt.plugins.SendEventServicePlugin, sbt.plugins.SerializersPlugin, sbt.plugins.IvyPlugin, com.typesafe.sbt.packager.universal.UniversalPlugin, sbt.plugins.JvmPlugin, com.typesafe.sbt.packager.windows.WindowsPlugin, com.typesafe.sbt.packager.docker.DockerPlugin, com.typesafe.sbt.packager.linux.LinuxPlugin, com.typesafe.play.sbt.enhancer.PlayEnhancer, play.twirl.sbt.SbtTwirl, play.sbt.routes.RoutesCompiler, sbt.plugins.JUnitXmlReportPlugin, sbt.plugins.BackgroundRunPlugin, com.typesafe.sbt.packager.rpm.RpmPlugin, com.typesafe.sbt.web.SbtWeb, com.typesafe.sbt.packager.debian.DebianPlugin, play.ebean.sbt.PlayEbean, com.typesafe.sbt.packager.archetypes.JavaAppPackaging, com.typesafe.sbt.jse.SbtJsEngine, org.irundaia.sbt.sass.SbtSassify, com.typesafe.sbt.digest.SbtDigest, com.typesafe.sbt.packager.archetypes.JavaServerAppPackaging, com.typesafe.sbt.jse.SbtJsTask, play.sbt.Play, com.typesafe.sbt.jshint.SbtJSHint, com.typesafe.sbt.mocha.SbtMocha, com.typesafe.sbt.less.SbtLess, com.typesafe.sbt.rjs.SbtRjs, com.typesafe.sbt.coffeescript.SbtCoffeeScript, play.sbt.PlayJava, play.sbt.PlayNettyServer, play.sbt.PlayLayoutPlugin, play.sbt.PlayLogback, play.sbt.forkrun.PlayForkRun),Some(ProjectDependencies(List(),List())))))) to dead client activator-ea1f301b-eac5-4d0f-8e87-51e5f99de5e0
Dropping message (6,KeyLookupResponse(discoveredMainClasses,Vector(AttributeKey[scala.collection.Seq[java.lang.String]]("discoveredMainClasses") in Scope(Build: file:/C:/Users/T/Downloads/typesafe-activator-1.3.12/activator-dist-1.3.12/bin/play-java/, , Project: ProjectReference(file:/C:/Users/T/Downloads/typesafe-activator-1.3.12/activator-dist-1.3.12/bin/play-java/,root), Config: compile)))) to dead client activator-ea1f301b-eac5-4d0f-8e87-51e5f99de5e0
Dropping message (7,KeyLookupResponse(mainClass,Vector(AttributeKey[scala.Option[java.lang.String]]("mainClass") in Scope(Build: file:/C:/Users/T/Downloads/typesafe-activator-1.3.12/activator-dist-1.3.12/bin/play-java/, , Project: ProjectReference(file:/C:/Users/T/Downloads/typesafe-activator-1.3.12/activator-dist-1.3.12/bin/play-java/,root), Config: compile)))) to dead client activator-ea1f301b-eac5-4d0f-8e87-51e5f99de5e0
Dropping message (9,ReceivedResponse()) to dead client activator-ea1f301b-eac5-4d0f-8e87-51e5f99de5e0
