New log file opened at Thu Nov 17 09:18:22 EST 2016 by 11444@T-Dell
Sending msg to client play-fork-run-23c7adb7-50cd-46bc-8596-0d6b00bb501b: DetachedLogEvent(LogMessage(debug,sbt server socket logs are in: C:\Users\T\Downloads\typesafe-activator-1.3.12\activator-dist-1.3.12\bin\play-java\.sbtserver\connections\master.log))
Sending msg to client play-fork-run-23c7adb7-50cd-46bc-8596-0d6b00bb501b: DetachedLogEvent(LogMessage(debug,sbt general server logs are in: C:\Users\T\Downloads\typesafe-activator-1.3.12\activator-dist-1.3.12\bin\play-java\.sbtserver\master.log))
Sending msg to client play-fork-run-23c7adb7-50cd-46bc-8596-0d6b00bb501b: DetachedLogEvent(LogMessage(debug,sbt client logs are in: C:\Users\T\Downloads\typesafe-activator-1.3.12\activator-dist-1.3.12\bin\play-java\.sbtserver\connections\play-fork-run-23c7adb7-50cd-46bc-8596-0d6b00bb501b.log))
Reading next message from client.
Got request: ListenToEvents()
Reading next message from client.
Sending msg to client play-fork-run-23c7adb7-50cd-46bc-8596-0d6b00bb501b: BackgroundJobStarted(5,BackgroundJobInfo(1,backgroundRun,AttributeKey[sbt.BackgroundJobHandle]("backgroundRun") in Scope(Build: file:/C:/Users/T/Downloads/typesafe-activator-1.3.12/activator-dist-1.3.12/bin/play-java/, , Project: ProjectReference(file:/C:/Users/T/Downloads/typesafe-activator-1.3.12/activator-dist-1.3.12/bin/play-java/,root), Config: compile)))
Sending msg to client play-fork-run-23c7adb7-50cd-46bc-8596-0d6b00bb501b: (3,ReceivedResponse())
Sending msg to client play-fork-run-23c7adb7-50cd-46bc-8596-0d6b00bb501b: ExecutionWaiting(82,{file:/C:/Users/T/Downloads/typesafe-activator-1.3.12/activator-dist-1.3.12/bin/play-java/}root/compile:discoveredMainClasses,ClientInfo(9b2eb57f-726b-47ca-92b2-b6ad0f963451,activator,Activator,3,Vector()))
Sending msg to client play-fork-run-23c7adb7-50cd-46bc-8596-0d6b00bb501b: ExecutionStarting(82)
Sending msg to client play-fork-run-23c7adb7-50cd-46bc-8596-0d6b00bb501b: DetachedLogEvent(LogMessage(debug,> {file:/C:/Users/T/Downloads/typesafe-activator-1.3.12/activator-dist-1.3.12/bin/play-java/}root/compile:discoveredMainClasses))
Sending msg to client play-fork-run-23c7adb7-50cd-46bc-8596-0d6b00bb501b: ExecutionWaiting(83,{file:/C:/Users/T/Downloads/typesafe-activator-1.3.12/activator-dist-1.3.12/bin/play-java/}root/compile:mainClass,ClientInfo(9b2eb57f-726b-47ca-92b2-b6ad0f963451,activator,Activator,3,Vector()))
Sending msg to client play-fork-run-23c7adb7-50cd-46bc-8596-0d6b00bb501b: DetachedLogEvent(LogMessage(debug,Evaluating tasks: compile:discoveredMainClasses))
Sending msg to client play-fork-run-23c7adb7-50cd-46bc-8596-0d6b00bb501b: DetachedLogEvent(LogMessage(debug,Running task... Cancel: sbt.server.ServerTaskCancellation@6cff7614, check cycles: false))
Sending msg to client play-fork-run-23c7adb7-50cd-46bc-8596-0d6b00bb501b: DetachedLogEvent(LogMessage(debug,cancel strategy start enabled=true lastCommand=Some(LastCommand(CommandExecutionWork(ExecutionId(82),{file:/C:/Users/T/Downloads/typesafe-activator-1.3.12/activator-dist-1.3.12/bin/play-java/}root/compile:discoveredMainClasses,Set(LiveClient(activator 9b2eb57f-726b-47ca-92b2-b6ad0f963451)),sbt.server.WorkCancellationStatus$$anon$1@6e9928b4)))))
Sending msg to client play-fork-run-23c7adb7-50cd-46bc-8596-0d6b00bb501b: TaskStarted(82,20657,Some(AttributeKey[sbt.inc.IncOptions]("incOptions") in Scope(Global)))
Sending msg to client play-fork-run-23c7adb7-50cd-46bc-8596-0d6b00bb501b: TaskStarted(82,20659,None)
Sending msg to client play-fork-run-23c7adb7-50cd-46bc-8596-0d6b00bb501b: TaskStarted(82,20660,Some(AttributeKey[boolean]("skip") in Scope(Global)))
Sending msg to client play-fork-run-23c7adb7-50cd-46bc-8596-0d6b00bb501b: TaskStarted(82,20661,Some(AttributeKey[java.lang.String]("compileAnalysisFilename") in Scope(Build: file:/C:/Users/T/Downloads/typesafe-activator-1.3.12/activator-dist-1.3.12/bin/play-java/, , Project: ProjectReference(file:/C:/Users/T/Downloads/typesafe-activator-1.3.12/activator-dist-1.3.12/bin/play-java/,root), Config: compile)))
Sending msg to client play-fork-run-23c7adb7-50cd-46bc-8596-0d6b00bb501b: TaskStarted(82,20662,Some(AttributeKey[scala.Function1[java.io.File,scala.Function1[java.lang.String,boolean]]]("definesClass") in Scope(Global)))
Sending msg to client play-fork-run-23c7adb7-50cd-46bc-8596-0d6b00bb501b: TaskStarted(82,20670,None)
Sending msg to client play-fork-run-23c7adb7-50cd-46bc-8596-0d6b00bb501b: TaskStarted(82,20675,Some(AttributeKey[scala.collection.Seq[sbt.Credentials]]("credentials") in Scope(Global)))
Sending msg to client play-fork-run-23c7adb7-50cd-46bc-8596-0d6b00bb501b: TaskStarted(82,20679,Some(AttributeKey[scala.Option[scala.collection.Seq[sbt.Resolver]]]("bootResolvers") in Scope(Build: file:/C:/Users/T/Downloads/typesafe-activator-1.3.12/activator-dist-1.3.12/bin/play-java/, , Project: ProjectReference(file:/C:/Users/T/Downloads/typesafe-activator-1.3.12/activator-dist-1.3.12/bin/play-java/,root))))
Sending msg to client play-fork-run-23c7adb7-50cd-46bc-8596-0d6b00bb501b: TaskStarted(82,20685,None)
Sending msg to client play-fork-run-23c7adb7-50cd-46bc-8596-0d6b00bb501b: TaskStarted(82,20686,Some(AttributeKey[scala.collection.Seq[sbt.Resolver]]("externalResolvers") in Scope(Build: file:/C:/Users/T/Downloads/typesafe-activator-1.3.12/activator-dist-1.3.12/bin/play-java/, , Project: ProjectReference(file:/C:/Users/T/Downloads/typesafe-activator-1.3.12/activator-dist-1.3.12/bin/play-java/,root))))
Sending msg to client play-fork-run-23c7adb7-50cd-46bc-8596-0d6b00bb501b: TaskStarted(82,20694,Some(AttributeKey[java.lang.String]("updateCacheName") in Scope(Build: file:/C:/Users/T/Downloads/typesafe-activator-1.3.12/activator-dist-1.3.12/bin/play-java/, , Project: ProjectReference(file:/C:/Users/T/Downloads/typesafe-activator-1.3.12/activator-dist-1.3.12/bin/play-java/,root))))
Sending msg to client play-fork-run-23c7adb7-50cd-46bc-8596-0d6b00bb501b: TaskStarted(82,20696,None)
Sending msg to client play-fork-run-23c7adb7-50cd-46bc-8596-0d6b00bb501b: TaskStarted(82,20698,None)
Sending msg to client play-fork-run-23c7adb7-50cd-46bc-8596-0d6b00bb501b: TaskStarted(82,20700,None)
Sending msg to client play-fork-run-23c7adb7-50cd-46bc-8596-0d6b00bb501b: TaskStarted(82,20701,None)
Sending msg to client play-fork-run-23c7adb7-50cd-46bc-8596-0d6b00bb501b: TaskStarted(82,20717,Some(AttributeKey[sbt.SendEventService]("sendEventService") in Scope(Global)))
Sending msg to client play-fork-run-23c7adb7-50cd-46bc-8596-0d6b00bb501b: TaskStarted(82,20721,Some(AttributeKey[scala.collection.Seq[java.lang.String]]("scalacOptions") in Scope(Global)))
Sending msg to client play-fork-run-23c7adb7-50cd-46bc-8596-0d6b00bb501b: TaskStarted(82,20722,None)
Sending msg to client play-fork-run-23c7adb7-50cd-46bc-8596-0d6b00bb501b: TaskStarted(82,20725,Some(AttributeKey[scala.collection.Seq[java.lang.String]]("javacOptions") in Scope(Global)))
Sending msg to client play-fork-run-23c7adb7-50cd-46bc-8596-0d6b00bb501b: TaskStarted(82,20726,None)
Sending msg to client play-fork-run-23c7adb7-50cd-46bc-8596-0d6b00bb501b: TaskStarted(82,20728,None)
Sending msg to client play-fork-run-23c7adb7-50cd-46bc-8596-0d6b00bb501b: TaskStarted(82,20730,Some(AttributeKey[scala.collection.Seq[scala.Function1[xsbti.Position,scala.Option[xsbti.Position]]]]("sourcePositionMappers") in Scope(Global)))
Sending msg to client play-fork-run-23c7adb7-50cd-46bc-8596-0d6b00bb501b: TaskStarted(82,20744,Some(AttributeKey[scala.collection.Seq[java.io.File]]("sources") in Scope(Build: file:/C:/Users/T/Downloads/typesafe-activator-1.3.12/activator-dist-1.3.12/bin/play-java/, , Project: ProjectReference(file:/C:/Users/T/Downloads/typesafe-activator-1.3.12/activator-dist-1.3.12/bin/play-java/,root), Config: compile, Task: AttributeKey[scala.collection.Seq[java.io.File]]("playRoutes"))))
Sending msg to client play-fork-run-23c7adb7-50cd-46bc-8596-0d6b00bb501b: TaskStarted(82,20745,None)
Sending msg to client play-fork-run-23c7adb7-50cd-46bc-8596-0d6b00bb501b: TaskStarted(82,20747,Some(AttributeKey[scala.collection.Seq[java.io.File]]("unmanagedSources") in Scope(Build: file:/C:/Users/T/Downloads/typesafe-activator-1.3.12/activator-dist-1.3.12/bin/play-java/, , Project: ProjectReference(file:/C:/Users/T/Downloads/typesafe-activator-1.3.12/activator-dist-1.3.12/bin/play-java/,root), Config: compile)))
Sending msg to client play-fork-run-23c7adb7-50cd-46bc-8596-0d6b00bb501b: TaskStarted(82,20751,None)
Sending msg to client play-fork-run-23c7adb7-50cd-46bc-8596-0d6b00bb501b: TaskFinished(82,20657,Some(AttributeKey[sbt.inc.IncOptions]("incOptions") in Scope(Global)),true,None)
Sending msg to client play-fork-run-23c7adb7-50cd-46bc-8596-0d6b00bb501b: TaskStarted(82,20656,Some(AttributeKey[sbt.inc.IncOptions]("incOptions") in Scope(Build: file:/C:/Users/T/Downloads/typesafe-activator-1.3.12/activator-dist-1.3.12/bin/play-java/, , Project: ProjectReference(file:/C:/Users/T/Downloads/typesafe-activator-1.3.12/activator-dist-1.3.12/bin/play-java/,root))))
Sending msg to client play-fork-run-23c7adb7-50cd-46bc-8596-0d6b00bb501b: TaskFinished(82,20661,Some(AttributeKey[java.lang.String]("compileAnalysisFilename") in Scope(Build: file:/C:/Users/T/Downloads/typesafe-activator-1.3.12/activator-dist-1.3.12/bin/play-java/, , Project: ProjectReference(file:/C:/Users/T/Downloads/typesafe-activator-1.3.12/activator-dist-1.3.12/bin/play-java/,root), Config: compile)),true,None)
Sending msg to client play-fork-run-23c7adb7-50cd-46bc-8596-0d6b00bb501b: TaskFinished(82,20660,Some(AttributeKey[boolean]("skip") in Scope(Global)),true,None)
Sending msg to client play-fork-run-23c7adb7-50cd-46bc-8596-0d6b00bb501b: TaskFinished(82,20670,None,true,None)
Sending msg to client play-fork-run-23c7adb7-50cd-46bc-8596-0d6b00bb501b: TaskFinished(82,20675,Some(AttributeKey[scala.collection.Seq[sbt.Credentials]]("credentials") in Scope(Global)),true,None)
Sending msg to client play-fork-run-23c7adb7-50cd-46bc-8596-0d6b00bb501b: TaskFinished(82,20659,None,true,None)
Sending msg to client play-fork-run-23c7adb7-50cd-46bc-8596-0d6b00bb501b: TaskStarted(82,20658,None)
Sending msg to client play-fork-run-23c7adb7-50cd-46bc-8596-0d6b00bb501b: TaskStarted(82,20664,None)
Sending msg to client play-fork-run-23c7adb7-50cd-46bc-8596-0d6b00bb501b: TaskStarted(82,20667,None)
Sending msg to client play-fork-run-23c7adb7-50cd-46bc-8596-0d6b00bb501b: TaskStarted(82,20676,None)
Sending msg to client play-fork-run-23c7adb7-50cd-46bc-8596-0d6b00bb501b: TaskStarted(82,20682,None)
Sending msg to client play-fork-run-23c7adb7-50cd-46bc-8596-0d6b00bb501b: TaskStarted(82,20687,None)
Sending msg to client play-fork-run-23c7adb7-50cd-46bc-8596-0d6b00bb501b: TaskStarted(82,20693,None)
Sending msg to client play-fork-run-23c7adb7-50cd-46bc-8596-0d6b00bb501b: TaskStarted(82,20702,None)
Sending msg to client play-fork-run-23c7adb7-50cd-46bc-8596-0d6b00bb501b: TaskStarted(82,20706,None)
Sending msg to client play-fork-run-23c7adb7-50cd-46bc-8596-0d6b00bb501b: TaskStarted(82,20710,None)
Sending msg to client play-fork-run-23c7adb7-50cd-46bc-8596-0d6b00bb501b: TaskStarted(82,20711,None)
Sending msg to client play-fork-run-23c7adb7-50cd-46bc-8596-0d6b00bb501b: TaskStarted(82,20738,None)
Sending msg to client play-fork-run-23c7adb7-50cd-46bc-8596-0d6b00bb501b: TaskStarted(82,20740,None)
Sending msg to client play-fork-run-23c7adb7-50cd-46bc-8596-0d6b00bb501b: TaskStarted(82,20748,None)
Sending msg to client play-fork-run-23c7adb7-50cd-46bc-8596-0d6b00bb501b: TaskStarted(82,20752,None)
Sending msg to client play-fork-run-23c7adb7-50cd-46bc-8596-0d6b00bb501b: TaskStarted(82,20753,None)
Sending msg to client play-fork-run-23c7adb7-50cd-46bc-8596-0d6b00bb501b: TaskStarted(82,20754,None)
Sending msg to client play-fork-run-23c7adb7-50cd-46bc-8596-0d6b00bb501b: TaskStarted(82,20757,None)
Sending msg to client play-fork-run-23c7adb7-50cd-46bc-8596-0d6b00bb501b: TaskStarted(82,20760,None)
Sending msg to client play-fork-run-23c7adb7-50cd-46bc-8596-0d6b00bb501b: TaskFinished(82,20685,None,true,None)
Sending msg to client play-fork-run-23c7adb7-50cd-46bc-8596-0d6b00bb501b: TaskStarted(82,20684,Some(AttributeKey[sbt.BuildStructure]("buildStructure") in Scope(Global)))
Sending msg to client play-fork-run-23c7adb7-50cd-46bc-8596-0d6b00bb501b: TaskStarted(82,20697,Some(AttributeKey[java.io.File]("dependencyCacheDirectory") in Scope(Build: file:/C:/Users/T/Downloads/typesafe-activator-1.3.12/activator-dist-1.3.12/bin/play-java/, , Project: ProjectReference(file:/C:/Users/T/Downloads/typesafe-activator-1.3.12/activator-dist-1.3.12/bin/play-java/,root))))
Sending msg to client play-fork-run-23c7adb7-50cd-46bc-8596-0d6b00bb501b: TaskStarted(82,20712,Some(AttributeKey[xsbti.compile.GlobalsCache]("compilerCache") in Scope(Global)))
Sending msg to client play-fork-run-23c7adb7-50cd-46bc-8596-0d6b00bb501b: TaskFinished(82,20686,Some(AttributeKey[scala.collection.Seq[sbt.Resolver]]("externalResolvers") in Scope(Build: file:/C:/Users/T/Downloads/typesafe-activator-1.3.12/activator-dist-1.3.12/bin/play-java/, , Project: ProjectReference(file:/C:/Users/T/Downloads/typesafe-activator-1.3.12/activator-dist-1.3.12/bin/play-java/,root))),true,None)
Sending msg to client play-fork-run-23c7adb7-50cd-46bc-8596-0d6b00bb501b: TaskFinished(82,20679,Some(AttributeKey[scala.Option[scala.collection.Seq[sbt.Resolver]]]("bootResolvers") in Scope(Build: file:/C:/Users/T/Downloads/typesafe-activator-1.3.12/activator-dist-1.3.12/bin/play-java/, , Project: ProjectReference(file:/C:/Users/T/Downloads/typesafe-activator-1.3.12/activator-dist-1.3.12/bin/play-java/,root))),true,None)
Sending msg to client play-fork-run-23c7adb7-50cd-46bc-8596-0d6b00bb501b: TaskFinished(82,20694,Some(AttributeKey[java.lang.String]("updateCacheName") in Scope(Build: file:/C:/Users/T/Downloads/typesafe-activator-1.3.12/activator-dist-1.3.12/bin/play-java/, , Project: ProjectReference(file:/C:/Users/T/Downloads/typesafe-activator-1.3.12/activator-dist-1.3.12/bin/play-java/,root))),true,None)
Sending msg to client play-fork-run-23c7adb7-50cd-46bc-8596-0d6b00bb501b: TaskFinished(82,20696,None,true,None)
Sending msg to client play-fork-run-23c7adb7-50cd-46bc-8596-0d6b00bb501b: TaskFinished(82,20698,None,true,None)
Sending msg to client play-fork-run-23c7adb7-50cd-46bc-8596-0d6b00bb501b: TaskFinished(82,20700,None,true,None)
Sending msg to client play-fork-run-23c7adb7-50cd-46bc-8596-0d6b00bb501b: TaskFinished(82,20701,None,true,None)
Sending msg to client play-fork-run-23c7adb7-50cd-46bc-8596-0d6b00bb501b: TaskStarted(82,20699,Some(AttributeKey[scala.collection.Seq[sbt.UpdateReport]]("transitiveUpdate") in Scope(Build: file:/C:/Users/T/Downloads/typesafe-activator-1.3.12/activator-dist-1.3.12/bin/play-java/, , Project: ProjectReference(file:/C:/Users/T/Downloads/typesafe-activator-1.3.12/activator-dist-1.3.12/bin/play-java/,root))))
Sending msg to client play-fork-run-23c7adb7-50cd-46bc-8596-0d6b00bb501b: TaskFinished(82,20717,Some(AttributeKey[sbt.SendEventService]("sendEventService") in Scope(Global)),true,None)
Sending msg to client play-fork-run-23c7adb7-50cd-46bc-8596-0d6b00bb501b: TaskFinished(82,20721,Some(AttributeKey[scala.collection.Seq[java.lang.String]]("scalacOptions") in Scope(Global)),true,None)
Sending msg to client play-fork-run-23c7adb7-50cd-46bc-8596-0d6b00bb501b: TaskFinished(82,20722,None,true,None)
Sending msg to client play-fork-run-23c7adb7-50cd-46bc-8596-0d6b00bb501b: TaskStarted(82,20720,Some(AttributeKey[scala.collection.Seq[java.lang.String]]("scalacOptions") in Scope(Build: file:/C:/Users/T/Downloads/typesafe-activator-1.3.12/activator-dist-1.3.12/bin/play-java/, , Project: ProjectReference(file:/C:/Users/T/Downloads/typesafe-activator-1.3.12/activator-dist-1.3.12/bin/play-java/,root))))
Sending msg to client play-fork-run-23c7adb7-50cd-46bc-8596-0d6b00bb501b: TaskFinished(82,20725,Some(AttributeKey[scala.collection.Seq[java.lang.String]]("javacOptions") in Scope(Global)),true,None)
Sending msg to client play-fork-run-23c7adb7-50cd-46bc-8596-0d6b00bb501b: TaskFinished(82,20726,None,true,None)
Sending msg to client play-fork-run-23c7adb7-50cd-46bc-8596-0d6b00bb501b: TaskStarted(82,20724,Some(AttributeKey[scala.collection.Seq[java.lang.String]]("javacOptions") in Scope(Build: file:/C:/Users/T/Downloads/typesafe-activator-1.3.12/activator-dist-1.3.12/bin/play-java/, , Project: ProjectReference(file:/C:/Users/T/Downloads/typesafe-activator-1.3.12/activator-dist-1.3.12/bin/play-java/,root), Config: compile)))
Sending msg to client play-fork-run-23c7adb7-50cd-46bc-8596-0d6b00bb501b: TaskFinished(82,20728,None,true,None)
Sending msg to client play-fork-run-23c7adb7-50cd-46bc-8596-0d6b00bb501b: TaskFinished(82,20730,Some(AttributeKey[scala.collection.Seq[scala.Function1[xsbti.Position,scala.Option[xsbti.Position]]]]("sourcePositionMappers") in Scope(Global)),true,None)
Sending msg to client play-fork-run-23c7adb7-50cd-46bc-8596-0d6b00bb501b: TaskFinished(82,20744,Some(AttributeKey[scala.collection.Seq[java.io.File]]("sources") in Scope(Build: file:/C:/Users/T/Downloads/typesafe-activator-1.3.12/activator-dist-1.3.12/bin/play-java/, , Project: ProjectReference(file:/C:/Users/T/Downloads/typesafe-activator-1.3.12/activator-dist-1.3.12/bin/play-java/,root), Config: compile, Task: AttributeKey[scala.collection.Seq[java.io.File]]("playRoutes"))),true,None)
Sending msg to client play-fork-run-23c7adb7-50cd-46bc-8596-0d6b00bb501b: TaskFinished(82,20745,None,true,None)
Sending msg to client play-fork-run-23c7adb7-50cd-46bc-8596-0d6b00bb501b: TaskStarted(82,20743,Some(AttributeKey[scala.collection.Seq[java.io.File]]("sources") in Scope(Build: file:/C:/Users/T/Downloads/typesafe-activator-1.3.12/activator-dist-1.3.12/bin/play-java/, , Project: ProjectReference(file:/C:/Users/T/Downloads/typesafe-activator-1.3.12/activator-dist-1.3.12/bin/play-java/,root), Config: compile, Task: AttributeKey[scala.collection.Seq[java.io.File]]("playRoutes"))))
Sending msg to client play-fork-run-23c7adb7-50cd-46bc-8596-0d6b00bb501b: TaskFinished(82,20656,Some(AttributeKey[sbt.inc.IncOptions]("incOptions") in Scope(Build: file:/C:/Users/T/Downloads/typesafe-activator-1.3.12/activator-dist-1.3.12/bin/play-java/, , Project: ProjectReference(file:/C:/Users/T/Downloads/typesafe-activator-1.3.12/activator-dist-1.3.12/bin/play-java/,root))),true,None)
Sending msg to client play-fork-run-23c7adb7-50cd-46bc-8596-0d6b00bb501b: TaskFinished(82,20751,None,true,None)
Sending msg to client play-fork-run-23c7adb7-50cd-46bc-8596-0d6b00bb501b: TaskFinished(82,20747,Some(AttributeKey[scala.collection.Seq[java.io.File]]("unmanagedSources") in Scope(Build: file:/C:/Users/T/Downloads/typesafe-activator-1.3.12/activator-dist-1.3.12/bin/play-java/, , Project: ProjectReference(file:/C:/Users/T/Downloads/typesafe-activator-1.3.12/activator-dist-1.3.12/bin/play-java/,root), Config: compile)),true,None)
Sending msg to client play-fork-run-23c7adb7-50cd-46bc-8596-0d6b00bb501b: TaskStarted(82,20746,Some(AttributeKey[scala.collection.Seq[java.io.File]]("unmanagedSources") in Scope(Build: file:/C:/Users/T/Downloads/typesafe-activator-1.3.12/activator-dist-1.3.12/bin/play-java/, , Project: ProjectReference(file:/C:/Users/T/Downloads/typesafe-activator-1.3.12/activator-dist-1.3.12/bin/play-java/,root), Config: compile)))
Sending msg to client play-fork-run-23c7adb7-50cd-46bc-8596-0d6b00bb501b: TaskFinished(82,20658,None,true,None)
Sending msg to client play-fork-run-23c7adb7-50cd-46bc-8596-0d6b00bb501b: TaskFinished(82,20664,None,true,None)
Sending msg to client play-fork-run-23c7adb7-50cd-46bc-8596-0d6b00bb501b: TaskFinished(82,20662,Some(AttributeKey[scala.Function1[java.io.File,scala.Function1[java.lang.String,boolean]]]("definesClass") in Scope(Global)),true,None)
Sending msg to client play-fork-run-23c7adb7-50cd-46bc-8596-0d6b00bb501b: TaskFinished(82,20682,None,true,None)
Sending msg to client play-fork-run-23c7adb7-50cd-46bc-8596-0d6b00bb501b: TaskFinished(82,20687,None,true,None)
Sending msg to client play-fork-run-23c7adb7-50cd-46bc-8596-0d6b00bb501b: TaskFinished(82,20676,None,true,None)
Sending msg to client play-fork-run-23c7adb7-50cd-46bc-8596-0d6b00bb501b: TaskFinished(82,20693,None,true,None)
Sending msg to client play-fork-run-23c7adb7-50cd-46bc-8596-0d6b00bb501b: TaskStarted(82,20692,Some(AttributeKey[scala.collection.immutable.Map[sbt.ModuleID,sbt.SourcePosition]]("dependencyPositions") in Scope(Build: file:/C:/Users/T/Downloads/typesafe-activator-1.3.12/activator-dist-1.3.12/bin/play-java/, , Project: ProjectReference(file:/C:/Users/T/Downloads/typesafe-activator-1.3.12/activator-dist-1.3.12/bin/play-java/,root))))
Sending msg to client play-fork-run-23c7adb7-50cd-46bc-8596-0d6b00bb501b: TaskFinished(82,20667,None,true,None)
Sending msg to client play-fork-run-23c7adb7-50cd-46bc-8596-0d6b00bb501b: TaskFinished(82,20702,None,true,None)
Sending msg to client play-fork-run-23c7adb7-50cd-46bc-8596-0d6b00bb501b: TaskFinished(82,20706,None,true,None)
Sending msg to client play-fork-run-23c7adb7-50cd-46bc-8596-0d6b00bb501b: TaskFinished(82,20711,None,true,None)
Sending msg to client play-fork-run-23c7adb7-50cd-46bc-8596-0d6b00bb501b: TaskFinished(82,20710,None,true,None)
Sending msg to client play-fork-run-23c7adb7-50cd-46bc-8596-0d6b00bb501b: TaskFinished(82,20738,None,true,None)
Sending msg to client play-fork-run-23c7adb7-50cd-46bc-8596-0d6b00bb501b: TaskFinished(82,20740,None,true,None)
Sending msg to client play-fork-run-23c7adb7-50cd-46bc-8596-0d6b00bb501b: TaskFinished(82,20748,None,true,None)
Sending msg to client play-fork-run-23c7adb7-50cd-46bc-8596-0d6b00bb501b: TaskFinished(82,20752,None,true,None)
Sending msg to client play-fork-run-23c7adb7-50cd-46bc-8596-0d6b00bb501b: TaskFinished(82,20754,None,true,None)
Sending msg to client play-fork-run-23c7adb7-50cd-46bc-8596-0d6b00bb501b: TaskFinished(82,20753,None,true,None)
Sending msg to client play-fork-run-23c7adb7-50cd-46bc-8596-0d6b00bb501b: TaskFinished(82,20757,None,true,None)
Sending msg to client play-fork-run-23c7adb7-50cd-46bc-8596-0d6b00bb501b: TaskFinished(82,20760,None,true,None)
Sending msg to client play-fork-run-23c7adb7-50cd-46bc-8596-0d6b00bb501b: TaskFinished(82,20684,Some(AttributeKey[sbt.BuildStructure]("buildStructure") in Scope(Global)),true,None)
Sending msg to client play-fork-run-23c7adb7-50cd-46bc-8596-0d6b00bb501b: TaskStarted(82,20683,Some(AttributeKey[sbt.Settings[sbt.Scope]]("settingsData") in Scope(Global)))
Sending msg to client play-fork-run-23c7adb7-50cd-46bc-8596-0d6b00bb501b: TaskFinished(82,20699,Some(AttributeKey[scala.collection.Seq[sbt.UpdateReport]]("transitiveUpdate") in Scope(Build: file:/C:/Users/T/Downloads/typesafe-activator-1.3.12/activator-dist-1.3.12/bin/play-java/, , Project: ProjectReference(file:/C:/Users/T/Downloads/typesafe-activator-1.3.12/activator-dist-1.3.12/bin/play-java/,root))),true,None)
Sending msg to client play-fork-run-23c7adb7-50cd-46bc-8596-0d6b00bb501b: TaskFinished(82,20712,Some(AttributeKey[xsbti.compile.GlobalsCache]("compilerCache") in Scope(Global)),true,None)
Sending msg to client play-fork-run-23c7adb7-50cd-46bc-8596-0d6b00bb501b: TaskFinished(82,20697,Some(AttributeKey[java.io.File]("dependencyCacheDirectory") in Scope(Build: file:/C:/Users/T/Downloads/typesafe-activator-1.3.12/activator-dist-1.3.12/bin/play-java/, , Project: ProjectReference(file:/C:/Users/T/Downloads/typesafe-activator-1.3.12/activator-dist-1.3.12/bin/play-java/,root))),true,None)
Sending msg to client play-fork-run-23c7adb7-50cd-46bc-8596-0d6b00bb501b: TaskFinished(82,20720,Some(AttributeKey[scala.collection.Seq[java.lang.String]]("scalacOptions") in Scope(Build: file:/C:/Users/T/Downloads/typesafe-activator-1.3.12/activator-dist-1.3.12/bin/play-java/, , Project: ProjectReference(file:/C:/Users/T/Downloads/typesafe-activator-1.3.12/activator-dist-1.3.12/bin/play-java/,root))),true,None)
Sending msg to client play-fork-run-23c7adb7-50cd-46bc-8596-0d6b00bb501b: TaskStarted(82,20732,Some(AttributeKey[java.lang.String]("twirlSourceEncoding") in Scope(Build: file:/C:/Users/T/Downloads/typesafe-activator-1.3.12/activator-dist-1.3.12/bin/play-java/, , Project: ProjectReference(file:/C:/Users/T/Downloads/typesafe-activator-1.3.12/activator-dist-1.3.12/bin/play-java/,root))))
Sending msg to client play-fork-run-23c7adb7-50cd-46bc-8596-0d6b00bb501b: TaskFinished(82,20724,Some(AttributeKey[scala.collection.Seq[java.lang.String]]("javacOptions") in Scope(Build: file:/C:/Users/T/Downloads/typesafe-activator-1.3.12/activator-dist-1.3.12/bin/play-java/, , Project: ProjectReference(file:/C:/Users/T/Downloads/typesafe-activator-1.3.12/activator-dist-1.3.12/bin/play-java/,root), Config: compile)),true,None)
Sending msg to client play-fork-run-23c7adb7-50cd-46bc-8596-0d6b00bb501b: TaskFinished(82,20743,Some(AttributeKey[scala.collection.Seq[java.io.File]]("sources") in Scope(Build: file:/C:/Users/T/Downloads/typesafe-activator-1.3.12/activator-dist-1.3.12/bin/play-java/, , Project: ProjectReference(file:/C:/Users/T/Downloads/typesafe-activator-1.3.12/activator-dist-1.3.12/bin/play-java/,root), Config: compile, Task: AttributeKey[scala.collection.Seq[java.io.File]]("playRoutes"))),true,None)
Sending msg to client play-fork-run-23c7adb7-50cd-46bc-8596-0d6b00bb501b: TaskStarted(82,20742,None)
Sending msg to client play-fork-run-23c7adb7-50cd-46bc-8596-0d6b00bb501b: TaskFinished(82,20746,Some(AttributeKey[scala.collection.Seq[java.io.File]]("unmanagedSources") in Scope(Build: file:/C:/Users/T/Downloads/typesafe-activator-1.3.12/activator-dist-1.3.12/bin/play-java/, , Project: ProjectReference(file:/C:/Users/T/Downloads/typesafe-activator-1.3.12/activator-dist-1.3.12/bin/play-java/,root), Config: compile)),true,None)
Sending msg to client play-fork-run-23c7adb7-50cd-46bc-8596-0d6b00bb501b: TaskStarted(82,20758,Some(AttributeKey[scala.collection.Seq[java.io.File]]("sources") in Scope(Build: file:/C:/Users/T/Downloads/typesafe-activator-1.3.12/activator-dist-1.3.12/bin/play-java/, , Project: ProjectReference(file:/C:/Users/T/Downloads/typesafe-activator-1.3.12/activator-dist-1.3.12/bin/play-java/,root), Config: compile, Task: AttributeKey[scala.Function1[sbt.compiler.IC$Result,sbt.compiler.IC$Result]]("playEnhancerGenerateAccessors"))))
Sending msg to client play-fork-run-23c7adb7-50cd-46bc-8596-0d6b00bb501b: TaskFinished(82,20683,Some(AttributeKey[sbt.Settings[sbt.Scope]]("settingsData") in Scope(Global)),true,None)
Sending msg to client play-fork-run-23c7adb7-50cd-46bc-8596-0d6b00bb501b: TaskStarted(82,20681,Some(AttributeKey[scala.collection.immutable.Map[org.apache.ivy.core.module.id.ModuleRevisionId,org.apache.ivy.core.module.descriptor.ModuleDescriptor]]("projectDescriptors") in Scope(Build: file:/C:/Users/T/Downloads/typesafe-activator-1.3.12/activator-dist-1.3.12/bin/play-java/, , Project: ProjectReference(file:/C:/Users/T/Downloads/typesafe-activator-1.3.12/activator-dist-1.3.12/bin/play-java/,root))))
Sending msg to client play-fork-run-23c7adb7-50cd-46bc-8596-0d6b00bb501b: TaskStarted(82,20690,Some(AttributeKey[scala.collection.Seq[sbt.ModuleID]]("projectDependencies") in Scope(Build: file:/C:/Users/T/Downloads/typesafe-activator-1.3.12/activator-dist-1.3.12/bin/play-java/, , Project: ProjectReference(file:/C:/Users/T/Downloads/typesafe-activator-1.3.12/activator-dist-1.3.12/bin/play-java/,root))))
Sending msg to client play-fork-run-23c7adb7-50cd-46bc-8596-0d6b00bb501b: TaskStarted(82,20695,None)
Sending msg to client play-fork-run-23c7adb7-50cd-46bc-8596-0d6b00bb501b: TaskStarted(82,20709,None)
Sending msg to client play-fork-run-23c7adb7-50cd-46bc-8596-0d6b00bb501b: TaskStarted(82,20723,None)
Sending msg to client play-fork-run-23c7adb7-50cd-46bc-8596-0d6b00bb501b: TaskStarted(82,20750,Some(AttributeKey[sbt.ScalaInstance]("scalaInstance") in Scope(Build: file:/C:/Users/T/Downloads/typesafe-activator-1.3.12/activator-dist-1.3.12/bin/play-java/, , Project: ProjectReference(file:/C:/Users/T/Downloads/typesafe-activator-1.3.12/activator-dist-1.3.12/bin/play-java/,root))))
Sending msg to client play-fork-run-23c7adb7-50cd-46bc-8596-0d6b00bb501b: TaskFinished(82,20732,Some(AttributeKey[java.lang.String]("twirlSourceEncoding") in Scope(Build: file:/C:/Users/T/Downloads/typesafe-activator-1.3.12/activator-dist-1.3.12/bin/play-java/, , Project: ProjectReference(file:/C:/Users/T/Downloads/typesafe-activator-1.3.12/activator-dist-1.3.12/bin/play-java/,root))),true,None)
Sending msg to client play-fork-run-23c7adb7-50cd-46bc-8596-0d6b00bb501b: TaskStarted(82,20731,None)
Sending msg to client play-fork-run-23c7adb7-50cd-46bc-8596-0d6b00bb501b: TaskStarted(82,20737,None)
Sending msg to client play-fork-run-23c7adb7-50cd-46bc-8596-0d6b00bb501b: TaskFinished(82,20742,None,true,None)
Sending msg to client play-fork-run-23c7adb7-50cd-46bc-8596-0d6b00bb501b: TaskStarted(82,20741,Some(AttributeKey[scala.collection.Seq[play.routes.compiler.RoutesCompiler$RoutesCompilerTask]]("playRoutesTasks") in Scope(Build: file:/C:/Users/T/Downloads/typesafe-activator-1.3.12/activator-dist-1.3.12/bin/play-java/, , Project: ProjectReference(file:/C:/Users/T/Downloads/typesafe-activator-1.3.12/activator-dist-1.3.12/bin/play-java/,root), Config: compile)))
Sending msg to client play-fork-run-23c7adb7-50cd-46bc-8596-0d6b00bb501b: TaskFinished(82,20758,Some(AttributeKey[scala.collection.Seq[java.io.File]]("sources") in Scope(Build: file:/C:/Users/T/Downloads/typesafe-activator-1.3.12/activator-dist-1.3.12/bin/play-java/, , Project: ProjectReference(file:/C:/Users/T/Downloads/typesafe-activator-1.3.12/activator-dist-1.3.12/bin/play-java/,root), Config: compile, Task: AttributeKey[scala.Function1[sbt.compiler.IC$Result,sbt.compiler.IC$Result]]("playEnhancerGenerateAccessors"))),true,None)
Sending msg to client play-fork-run-23c7adb7-50cd-46bc-8596-0d6b00bb501b: TaskFinished(82,20690,Some(AttributeKey[scala.collection.Seq[sbt.ModuleID]]("projectDependencies") in Scope(Build: file:/C:/Users/T/Downloads/typesafe-activator-1.3.12/activator-dist-1.3.12/bin/play-java/, , Project: ProjectReference(file:/C:/Users/T/Downloads/typesafe-activator-1.3.12/activator-dist-1.3.12/bin/play-java/,root))),true,None)
Sending msg to client play-fork-run-23c7adb7-50cd-46bc-8596-0d6b00bb501b: TaskStarted(82,20689,Some(AttributeKey[scala.collection.Seq[sbt.ModuleID]]("allDependencies") in Scope(Build: file:/C:/Users/T/Downloads/typesafe-activator-1.3.12/activator-dist-1.3.12/bin/play-java/, , Project: ProjectReference(file:/C:/Users/T/Downloads/typesafe-activator-1.3.12/activator-dist-1.3.12/bin/play-java/,root))))
Sending msg to client play-fork-run-23c7adb7-50cd-46bc-8596-0d6b00bb501b: TaskStarted(82,20761,None)
Sending msg to client play-fork-run-23c7adb7-50cd-46bc-8596-0d6b00bb501b: TaskStarted(82,20763,None)
Sending msg to client play-fork-run-23c7adb7-50cd-46bc-8596-0d6b00bb501b: TaskStarted(82,20768,None)
Sending msg to client play-fork-run-23c7adb7-50cd-46bc-8596-0d6b00bb501b: TaskStarted(82,20770,None)
Sending msg to client play-fork-run-23c7adb7-50cd-46bc-8596-0d6b00bb501b: TaskStarted(82,20771,None)
Sending msg to client play-fork-run-23c7adb7-50cd-46bc-8596-0d6b00bb501b: TaskStarted(82,20773,None)
Sending msg to client play-fork-run-23c7adb7-50cd-46bc-8596-0d6b00bb501b: TaskFinished(82,20692,Some(AttributeKey[scala.collection.immutable.Map[sbt.ModuleID,sbt.SourcePosition]]("dependencyPositions") in Scope(Build: file:/C:/Users/T/Downloads/typesafe-activator-1.3.12/activator-dist-1.3.12/bin/play-java/, , Project: ProjectReference(file:/C:/Users/T/Downloads/typesafe-activator-1.3.12/activator-dist-1.3.12/bin/play-java/,root))),true,None)
Sending msg to client play-fork-run-23c7adb7-50cd-46bc-8596-0d6b00bb501b: TaskStarted(82,20691,Some(AttributeKey[sbt.UnresolvedWarningConfiguration]("unresolvedWarningConfiguration") in Scope(Build: file:/C:/Users/T/Downloads/typesafe-activator-1.3.12/activator-dist-1.3.12/bin/play-java/, , Project: ProjectReference(file:/C:/Users/T/Downloads/typesafe-activator-1.3.12/activator-dist-1.3.12/bin/play-java/,root), Task: AttributeKey[sbt.UpdateReport]("update"))))
Sending msg to client play-fork-run-23c7adb7-50cd-46bc-8596-0d6b00bb501b: TaskFinished(82,20731,None,true,None)
Sending msg to client play-fork-run-23c7adb7-50cd-46bc-8596-0d6b00bb501b: TaskStarted(82,20729,Some(AttributeKey[scala.collection.Seq[scala.Function1[xsbti.Position,scala.Option[xsbti.Position]]]]("sourcePositionMappers") in Scope(Build: file:/C:/Users/T/Downloads/typesafe-activator-1.3.12/activator-dist-1.3.12/bin/play-java/, , Project: ProjectReference(file:/C:/Users/T/Downloads/typesafe-activator-1.3.12/activator-dist-1.3.12/bin/play-java/,root))))
Sending msg to client play-fork-run-23c7adb7-50cd-46bc-8596-0d6b00bb501b: TaskStarted(82,20776,None)
Sending msg to client play-fork-run-23c7adb7-50cd-46bc-8596-0d6b00bb501b: TaskFinished(82,20689,Some(AttributeKey[scala.collection.Seq[sbt.ModuleID]]("allDependencies") in Scope(Build: file:/C:/Users/T/Downloads/typesafe-activator-1.3.12/activator-dist-1.3.12/bin/play-java/, , Project: ProjectReference(file:/C:/Users/T/Downloads/typesafe-activator-1.3.12/activator-dist-1.3.12/bin/play-java/,root))),true,None)
Sending msg to client play-fork-run-23c7adb7-50cd-46bc-8596-0d6b00bb501b: TaskStarted(82,20688,Some(AttributeKey[sbt.ModuleSettings]("moduleSettings") in Scope(Build: file:/C:/Users/T/Downloads/typesafe-activator-1.3.12/activator-dist-1.3.12/bin/play-java/, , Project: ProjectReference(file:/C:/Users/T/Downloads/typesafe-activator-1.3.12/activator-dist-1.3.12/bin/play-java/,root))))
Sending msg to client play-fork-run-23c7adb7-50cd-46bc-8596-0d6b00bb501b: TaskFinished(82,20761,None,true,None)
Sending msg to client play-fork-run-23c7adb7-50cd-46bc-8596-0d6b00bb501b: TaskFinished(82,20695,None,true,None)
Sending msg to client play-fork-run-23c7adb7-50cd-46bc-8596-0d6b00bb501b: TaskFinished(82,20763,None,true,None)
Sending msg to client play-fork-run-23c7adb7-50cd-46bc-8596-0d6b00bb501b: TaskStarted(82,20762,None)
Sending msg to client play-fork-run-23c7adb7-50cd-46bc-8596-0d6b00bb501b: TaskFinished(82,20768,None,true,None)
Sending msg to client play-fork-run-23c7adb7-50cd-46bc-8596-0d6b00bb501b: TaskStarted(82,20767,None)
Sending msg to client play-fork-run-23c7adb7-50cd-46bc-8596-0d6b00bb501b: TaskFinished(82,20770,None,true,None)
Sending msg to client play-fork-run-23c7adb7-50cd-46bc-8596-0d6b00bb501b: TaskFinished(82,20771,None,true,None)
Sending msg to client play-fork-run-23c7adb7-50cd-46bc-8596-0d6b00bb501b: TaskStarted(82,20769,Some(AttributeKey[scala.collection.Seq[sbt.Attributed[java.io.File]]]("unmanagedJars") in Scope(Build: file:/C:/Users/T/Downloads/typesafe-activator-1.3.12/activator-dist-1.3.12/bin/play-java/, , Project: ProjectReference(file:/C:/Users/T/Downloads/typesafe-activator-1.3.12/activator-dist-1.3.12/bin/play-java/,root), Config: compile)))
Sending msg to client play-fork-run-23c7adb7-50cd-46bc-8596-0d6b00bb501b: TaskFinished(82,20773,None,true,None)
Sending msg to client play-fork-run-23c7adb7-50cd-46bc-8596-0d6b00bb501b: TaskStarted(82,20772,None)
Sending msg to client play-fork-run-23c7adb7-50cd-46bc-8596-0d6b00bb501b: TaskFinished(82,20691,Some(AttributeKey[sbt.UnresolvedWarningConfiguration]("unresolvedWarningConfiguration") in Scope(Build: file:/C:/Users/T/Downloads/typesafe-activator-1.3.12/activator-dist-1.3.12/bin/play-java/, , Project: ProjectReference(file:/C:/Users/T/Downloads/typesafe-activator-1.3.12/activator-dist-1.3.12/bin/play-java/,root), Task: AttributeKey[sbt.UpdateReport]("update"))),true,None)
Sending msg to client play-fork-run-23c7adb7-50cd-46bc-8596-0d6b00bb501b: TaskFinished(82,20729,Some(AttributeKey[scala.collection.Seq[scala.Function1[xsbti.Position,scala.Option[xsbti.Position]]]]("sourcePositionMappers") in Scope(Build: file:/C:/Users/T/Downloads/typesafe-activator-1.3.12/activator-dist-1.3.12/bin/play-java/, , Project: ProjectReference(file:/C:/Users/T/Downloads/typesafe-activator-1.3.12/activator-dist-1.3.12/bin/play-java/,root))),true,None)
Sending msg to client play-fork-run-23c7adb7-50cd-46bc-8596-0d6b00bb501b: TaskStarted(82,20727,Some(AttributeKey[scala.collection.Seq[scala.Function1[xsbti.Position,scala.Option[xsbti.Position]]]]("sourcePositionMappers") in Scope(Build: file:/C:/Users/T/Downloads/typesafe-activator-1.3.12/activator-dist-1.3.12/bin/play-java/, , Project: ProjectReference(file:/C:/Users/T/Downloads/typesafe-activator-1.3.12/activator-dist-1.3.12/bin/play-java/,root))))
Sending msg to client play-fork-run-23c7adb7-50cd-46bc-8596-0d6b00bb501b: TaskFinished(82,20776,None,true,None)
Sending msg to client play-fork-run-23c7adb7-50cd-46bc-8596-0d6b00bb501b: TaskStarted(82,20775,None)
Sending msg to client play-fork-run-23c7adb7-50cd-46bc-8596-0d6b00bb501b: TaskFinished(82,20688,Some(AttributeKey[sbt.ModuleSettings]("moduleSettings") in Scope(Build: file:/C:/Users/T/Downloads/typesafe-activator-1.3.12/activator-dist-1.3.12/bin/play-java/, , Project: ProjectReference(file:/C:/Users/T/Downloads/typesafe-activator-1.3.12/activator-dist-1.3.12/bin/play-java/,root))),true,None)
Sending msg to client play-fork-run-23c7adb7-50cd-46bc-8596-0d6b00bb501b: TaskFinished(82,20762,None,true,None)
Sending msg to client play-fork-run-23c7adb7-50cd-46bc-8596-0d6b00bb501b: TaskFinished(82,20681,Some(AttributeKey[scala.collection.immutable.Map[org.apache.ivy.core.module.id.ModuleRevisionId,org.apache.ivy.core.module.descriptor.ModuleDescriptor]]("projectDescriptors") in Scope(Build: file:/C:/Users/T/Downloads/typesafe-activator-1.3.12/activator-dist-1.3.12/bin/play-java/, , Project: ProjectReference(file:/C:/Users/T/Downloads/typesafe-activator-1.3.12/activator-dist-1.3.12/bin/play-java/,root))),true,None)
Sending msg to client play-fork-run-23c7adb7-50cd-46bc-8596-0d6b00bb501b: TaskStarted(82,20680,Some(AttributeKey[sbt.Resolver]("projectResolver") in Scope(Build: file:/C:/Users/T/Downloads/typesafe-activator-1.3.12/activator-dist-1.3.12/bin/play-java/, , Project: ProjectReference(file:/C:/Users/T/Downloads/typesafe-activator-1.3.12/activator-dist-1.3.12/bin/play-java/,root))))
Sending msg to client play-fork-run-23c7adb7-50cd-46bc-8596-0d6b00bb501b: TaskStarted(82,20777,None)
Sending msg to client play-fork-run-23c7adb7-50cd-46bc-8596-0d6b00bb501b: TaskFinished(82,20772,None,true,None)
Sending msg to client play-fork-run-23c7adb7-50cd-46bc-8596-0d6b00bb501b: TaskFinished(82,20723,None,true,None)
Sending msg to client play-fork-run-23c7adb7-50cd-46bc-8596-0d6b00bb501b: TaskFinished(82,20769,Some(AttributeKey[scala.collection.Seq[sbt.Attributed[java.io.File]]]("unmanagedJars") in Scope(Build: file:/C:/Users/T/Downloads/typesafe-activator-1.3.12/activator-dist-1.3.12/bin/play-java/, , Project: ProjectReference(file:/C:/Users/T/Downloads/typesafe-activator-1.3.12/activator-dist-1.3.12/bin/play-java/,root), Config: compile)),true,None)
Sending msg to client play-fork-run-23c7adb7-50cd-46bc-8596-0d6b00bb501b: TaskFinished(82,20727,Some(AttributeKey[scala.collection.Seq[scala.Function1[xsbti.Position,scala.Option[xsbti.Position]]]]("sourcePositionMappers") in Scope(Build: file:/C:/Users/T/Downloads/typesafe-activator-1.3.12/activator-dist-1.3.12/bin/play-java/, , Project: ProjectReference(file:/C:/Users/T/Downloads/typesafe-activator-1.3.12/activator-dist-1.3.12/bin/play-java/,root))),true,None)
Sending msg to client play-fork-run-23c7adb7-50cd-46bc-8596-0d6b00bb501b: TaskFinished(82,20775,None,true,None)
Sending msg to client play-fork-run-23c7adb7-50cd-46bc-8596-0d6b00bb501b: TaskFinished(82,20741,Some(AttributeKey[scala.collection.Seq[play.routes.compiler.RoutesCompiler$RoutesCompilerTask]]("playRoutesTasks") in Scope(Build: file:/C:/Users/T/Downloads/typesafe-activator-1.3.12/activator-dist-1.3.12/bin/play-java/, , Project: ProjectReference(file:/C:/Users/T/Downloads/typesafe-activator-1.3.12/activator-dist-1.3.12/bin/play-java/,root), Config: compile)),true,None)
Sending msg to client play-fork-run-23c7adb7-50cd-46bc-8596-0d6b00bb501b: TaskStarted(82,20739,Some(AttributeKey[scala.collection.Seq[java.io.File]]("playRoutes") in Scope(Build: file:/C:/Users/T/Downloads/typesafe-activator-1.3.12/activator-dist-1.3.12/bin/play-java/, , Project: ProjectReference(file:/C:/Users/T/Downloads/typesafe-activator-1.3.12/activator-dist-1.3.12/bin/play-java/,root), Config: compile)))
Sending msg to client play-fork-run-23c7adb7-50cd-46bc-8596-0d6b00bb501b: TaskFinished(82,20737,None,true,None)
Sending msg to client play-fork-run-23c7adb7-50cd-46bc-8596-0d6b00bb501b: TaskStarted(82,20736,Some(AttributeKey[scala.collection.Seq[java.io.File]]("twirlCompileTemplates") in Scope(Build: file:/C:/Users/T/Downloads/typesafe-activator-1.3.12/activator-dist-1.3.12/bin/play-java/, , Project: ProjectReference(file:/C:/Users/T/Downloads/typesafe-activator-1.3.12/activator-dist-1.3.12/bin/play-java/,root), Config: compile)))
Sending msg to client play-fork-run-23c7adb7-50cd-46bc-8596-0d6b00bb501b: TaskFinished(82,20680,Some(AttributeKey[sbt.Resolver]("projectResolver") in Scope(Build: file:/C:/Users/T/Downloads/typesafe-activator-1.3.12/activator-dist-1.3.12/bin/play-java/, , Project: ProjectReference(file:/C:/Users/T/Downloads/typesafe-activator-1.3.12/activator-dist-1.3.12/bin/play-java/,root))),true,None)
Sending msg to client play-fork-run-23c7adb7-50cd-46bc-8596-0d6b00bb501b: TaskStarted(82,20678,Some(AttributeKey[scala.collection.Seq[sbt.Resolver]]("fullResolvers") in Scope(Build: file:/C:/Users/T/Downloads/typesafe-activator-1.3.12/activator-dist-1.3.12/bin/play-java/, , Project: ProjectReference(file:/C:/Users/T/Downloads/typesafe-activator-1.3.12/activator-dist-1.3.12/bin/play-java/,root))))
Sending msg to client play-fork-run-23c7adb7-50cd-46bc-8596-0d6b00bb501b: TaskFinished(82,20777,None,true,None)
Sending msg to client play-fork-run-23c7adb7-50cd-46bc-8596-0d6b00bb501b: TaskFinished(82,20767,None,true,None)
Sending msg to client play-fork-run-23c7adb7-50cd-46bc-8596-0d6b00bb501b: TaskStarted(82,20766,Some(AttributeKey[scala.collection.Seq[sbt.Attributed[java.io.File]]]("unmanagedJars") in Scope(Build: file:/C:/Users/T/Downloads/typesafe-activator-1.3.12/activator-dist-1.3.12/bin/play-java/, , Project: ProjectReference(file:/C:/Users/T/Downloads/typesafe-activator-1.3.12/activator-dist-1.3.12/bin/play-java/,root), Config: compile)))
Sending msg to client play-fork-run-23c7adb7-50cd-46bc-8596-0d6b00bb501b: TaskFinished(82,20736,Some(AttributeKey[scala.collection.Seq[java.io.File]]("twirlCompileTemplates") in Scope(Build: file:/C:/Users/T/Downloads/typesafe-activator-1.3.12/activator-dist-1.3.12/bin/play-java/, , Project: ProjectReference(file:/C:/Users/T/Downloads/typesafe-activator-1.3.12/activator-dist-1.3.12/bin/play-java/,root), Config: compile)),true,None)
Sending msg to client play-fork-run-23c7adb7-50cd-46bc-8596-0d6b00bb501b: TaskFinished(82,20678,Some(AttributeKey[scala.collection.Seq[sbt.Resolver]]("fullResolvers") in Scope(Build: file:/C:/Users/T/Downloads/typesafe-activator-1.3.12/activator-dist-1.3.12/bin/play-java/, , Project: ProjectReference(file:/C:/Users/T/Downloads/typesafe-activator-1.3.12/activator-dist-1.3.12/bin/play-java/,root))),true,None)
Sending msg to client play-fork-run-23c7adb7-50cd-46bc-8596-0d6b00bb501b: TaskStarted(82,20677,Some(AttributeKey[sbt.IvyConfiguration]("ivyConfiguration") in Scope(Build: file:/C:/Users/T/Downloads/typesafe-activator-1.3.12/activator-dist-1.3.12/bin/play-java/, , Project: ProjectReference(file:/C:/Users/T/Downloads/typesafe-activator-1.3.12/activator-dist-1.3.12/bin/play-java/,root))))
Sending msg to client play-fork-run-23c7adb7-50cd-46bc-8596-0d6b00bb501b: TaskFinished(82,20766,Some(AttributeKey[scala.collection.Seq[sbt.Attributed[java.io.File]]]("unmanagedJars") in Scope(Build: file:/C:/Users/T/Downloads/typesafe-activator-1.3.12/activator-dist-1.3.12/bin/play-java/, , Project: ProjectReference(file:/C:/Users/T/Downloads/typesafe-activator-1.3.12/activator-dist-1.3.12/bin/play-java/,root), Config: compile)),true,None)
Sending msg to client play-fork-run-23c7adb7-50cd-46bc-8596-0d6b00bb501b: TaskStarted(82,20765,None)
Sending msg to client play-fork-run-23c7adb7-50cd-46bc-8596-0d6b00bb501b: TaskFinished(82,20739,Some(AttributeKey[scala.collection.Seq[java.io.File]]("playRoutes") in Scope(Build: file:/C:/Users/T/Downloads/typesafe-activator-1.3.12/activator-dist-1.3.12/bin/play-java/, , Project: ProjectReference(file:/C:/Users/T/Downloads/typesafe-activator-1.3.12/activator-dist-1.3.12/bin/play-java/,root), Config: compile)),true,None)
Sending msg to client play-fork-run-23c7adb7-50cd-46bc-8596-0d6b00bb501b: TaskStarted(82,20735,None)
Sending msg to client play-fork-run-23c7adb7-50cd-46bc-8596-0d6b00bb501b: TaskFinished(82,20765,None,true,None)
Sending msg to client play-fork-run-23c7adb7-50cd-46bc-8596-0d6b00bb501b: TaskStarted(82,20764,None)
Sending msg to client play-fork-run-23c7adb7-50cd-46bc-8596-0d6b00bb501b: TaskFinished(82,20735,None,true,None)
Sending msg to client play-fork-run-23c7adb7-50cd-46bc-8596-0d6b00bb501b: TaskStarted(82,20734,Some(AttributeKey[scala.collection.Seq[java.io.File]]("managedSources") in Scope(Build: file:/C:/Users/T/Downloads/typesafe-activator-1.3.12/activator-dist-1.3.12/bin/play-java/, , Project: ProjectReference(file:/C:/Users/T/Downloads/typesafe-activator-1.3.12/activator-dist-1.3.12/bin/play-java/,root), Config: compile)))
Sending msg to client play-fork-run-23c7adb7-50cd-46bc-8596-0d6b00bb501b: TaskFinished(82,20764,None,true,None)
Sending msg to client play-fork-run-23c7adb7-50cd-46bc-8596-0d6b00bb501b: TaskFinished(82,20709,None,true,None)
Sending msg to client play-fork-run-23c7adb7-50cd-46bc-8596-0d6b00bb501b: TaskStarted(82,20708,Some(AttributeKey[scala.collection.Seq[sbt.Attributed[java.io.File]]]("unmanagedClasspath") in Scope(Build: file:/C:/Users/T/Downloads/typesafe-activator-1.3.12/activator-dist-1.3.12/bin/play-java/, , Project: ProjectReference(file:/C:/Users/T/Downloads/typesafe-activator-1.3.12/activator-dist-1.3.12/bin/play-java/,root), Config: compile)))
Sending msg to client play-fork-run-23c7adb7-50cd-46bc-8596-0d6b00bb501b: TaskFinished(82,20734,Some(AttributeKey[scala.collection.Seq[java.io.File]]("managedSources") in Scope(Build: file:/C:/Users/T/Downloads/typesafe-activator-1.3.12/activator-dist-1.3.12/bin/play-java/, , Project: ProjectReference(file:/C:/Users/T/Downloads/typesafe-activator-1.3.12/activator-dist-1.3.12/bin/play-java/,root), Config: compile)),true,None)
Sending msg to client play-fork-run-23c7adb7-50cd-46bc-8596-0d6b00bb501b: TaskStarted(82,20733,Some(AttributeKey[scala.collection.Seq[java.io.File]]("sources") in Scope(Build: file:/C:/Users/T/Downloads/typesafe-activator-1.3.12/activator-dist-1.3.12/bin/play-java/, , Project: ProjectReference(file:/C:/Users/T/Downloads/typesafe-activator-1.3.12/activator-dist-1.3.12/bin/play-java/,root), Config: compile)))
Sending msg to client play-fork-run-23c7adb7-50cd-46bc-8596-0d6b00bb501b: TaskFinished(82,20708,Some(AttributeKey[scala.collection.Seq[sbt.Attributed[java.io.File]]]("unmanagedClasspath") in Scope(Build: file:/C:/Users/T/Downloads/typesafe-activator-1.3.12/activator-dist-1.3.12/bin/play-java/, , Project: ProjectReference(file:/C:/Users/T/Downloads/typesafe-activator-1.3.12/activator-dist-1.3.12/bin/play-java/,root), Config: compile)),true,None)
Sending msg to client play-fork-run-23c7adb7-50cd-46bc-8596-0d6b00bb501b: TaskFinished(82,20733,Some(AttributeKey[scala.collection.Seq[java.io.File]]("sources") in Scope(Build: file:/C:/Users/T/Downloads/typesafe-activator-1.3.12/activator-dist-1.3.12/bin/play-java/, , Project: ProjectReference(file:/C:/Users/T/Downloads/typesafe-activator-1.3.12/activator-dist-1.3.12/bin/play-java/,root), Config: compile)),true,None)
Sending msg to client play-fork-run-23c7adb7-50cd-46bc-8596-0d6b00bb501b: TaskFinished(82,20677,Some(AttributeKey[sbt.IvyConfiguration]("ivyConfiguration") in Scope(Build: file:/C:/Users/T/Downloads/typesafe-activator-1.3.12/activator-dist-1.3.12/bin/play-java/, , Project: ProjectReference(file:/C:/Users/T/Downloads/typesafe-activator-1.3.12/activator-dist-1.3.12/bin/play-java/,root))),true,None)
Sending msg to client play-fork-run-23c7adb7-50cd-46bc-8596-0d6b00bb501b: TaskStarted(82,20674,Some(AttributeKey[sbt.IvySbt]("ivySbt") in Scope(Build: file:/C:/Users/T/Downloads/typesafe-activator-1.3.12/activator-dist-1.3.12/bin/play-java/, , Project: ProjectReference(file:/C:/Users/T/Downloads/typesafe-activator-1.3.12/activator-dist-1.3.12/bin/play-java/,root))))
Sending msg to client play-fork-run-23c7adb7-50cd-46bc-8596-0d6b00bb501b: TaskFinished(82,20674,Some(AttributeKey[sbt.IvySbt]("ivySbt") in Scope(Build: file:/C:/Users/T/Downloads/typesafe-activator-1.3.12/activator-dist-1.3.12/bin/play-java/, , Project: ProjectReference(file:/C:/Users/T/Downloads/typesafe-activator-1.3.12/activator-dist-1.3.12/bin/play-java/,root))),true,None)
Sending msg to client play-fork-run-23c7adb7-50cd-46bc-8596-0d6b00bb501b: TaskStarted(82,20673,Some(AttributeKey[sbt.IvySbt$Module]("ivyModule") in Scope(Build: file:/C:/Users/T/Downloads/typesafe-activator-1.3.12/activator-dist-1.3.12/bin/play-java/, , Project: ProjectReference(file:/C:/Users/T/Downloads/typesafe-activator-1.3.12/activator-dist-1.3.12/bin/play-java/,root))))
Sending msg to client play-fork-run-23c7adb7-50cd-46bc-8596-0d6b00bb501b: TaskFinished(82,20673,Some(AttributeKey[sbt.IvySbt$Module]("ivyModule") in Scope(Build: file:/C:/Users/T/Downloads/typesafe-activator-1.3.12/activator-dist-1.3.12/bin/play-java/, , Project: ProjectReference(file:/C:/Users/T/Downloads/typesafe-activator-1.3.12/activator-dist-1.3.12/bin/play-java/,root))),true,None)
Sending msg to client play-fork-run-23c7adb7-50cd-46bc-8596-0d6b00bb501b: TaskStarted(82,20672,Some(AttributeKey[sbt.UpdateReport]("update") in Scope(Build: file:/C:/Users/T/Downloads/typesafe-activator-1.3.12/activator-dist-1.3.12/bin/play-java/, , Project: ProjectReference(file:/C:/Users/T/Downloads/typesafe-activator-1.3.12/activator-dist-1.3.12/bin/play-java/,root))))
Sending msg to client play-fork-run-23c7adb7-50cd-46bc-8596-0d6b00bb501b: TaskFinished(82,20672,Some(AttributeKey[sbt.UpdateReport]("update") in Scope(Build: file:/C:/Users/T/Downloads/typesafe-activator-1.3.12/activator-dist-1.3.12/bin/play-java/, , Project: ProjectReference(file:/C:/Users/T/Downloads/typesafe-activator-1.3.12/activator-dist-1.3.12/bin/play-java/,root))),true,None)
Sending msg to client play-fork-run-23c7adb7-50cd-46bc-8596-0d6b00bb501b: TaskStarted(82,20671,Some(AttributeKey[sbt.UpdateReport]("update") in Scope(Build: file:/C:/Users/T/Downloads/typesafe-activator-1.3.12/activator-dist-1.3.12/bin/play-java/, , Project: ProjectReference(file:/C:/Users/T/Downloads/typesafe-activator-1.3.12/activator-dist-1.3.12/bin/play-java/,root))))
Sending msg to client play-fork-run-23c7adb7-50cd-46bc-8596-0d6b00bb501b: TaskFinished(82,20671,Some(AttributeKey[sbt.UpdateReport]("update") in Scope(Build: file:/C:/Users/T/Downloads/typesafe-activator-1.3.12/activator-dist-1.3.12/bin/play-java/, , Project: ProjectReference(file:/C:/Users/T/Downloads/typesafe-activator-1.3.12/activator-dist-1.3.12/bin/play-java/,root))),true,None)
Sending msg to client play-fork-run-23c7adb7-50cd-46bc-8596-0d6b00bb501b: TaskStarted(82,20669,Some(AttributeKey[sbt.Configuration]("classpathConfiguration") in Scope(Build: file:/C:/Users/T/Downloads/typesafe-activator-1.3.12/activator-dist-1.3.12/bin/play-java/, , Project: ProjectReference(file:/C:/Users/T/Downloads/typesafe-activator-1.3.12/activator-dist-1.3.12/bin/play-java/,root), Config: compile)))
Sending msg to client play-fork-run-23c7adb7-50cd-46bc-8596-0d6b00bb501b: TaskStarted(82,20719,Some(AttributeKey[scala.collection.Seq[java.lang.String]]("scalacOptions") in Scope(Build: file:/C:/Users/T/Downloads/typesafe-activator-1.3.12/activator-dist-1.3.12/bin/play-java/, , Project: ProjectReference(file:/C:/Users/T/Downloads/typesafe-activator-1.3.12/activator-dist-1.3.12/bin/play-java/,root), Config: compile)))
Sending msg to client play-fork-run-23c7adb7-50cd-46bc-8596-0d6b00bb501b: TaskStarted(82,20774,None)
Sending msg to client play-fork-run-23c7adb7-50cd-46bc-8596-0d6b00bb501b: TaskFinished(82,20669,Some(AttributeKey[sbt.Configuration]("classpathConfiguration") in Scope(Build: file:/C:/Users/T/Downloads/typesafe-activator-1.3.12/activator-dist-1.3.12/bin/play-java/, , Project: ProjectReference(file:/C:/Users/T/Downloads/typesafe-activator-1.3.12/activator-dist-1.3.12/bin/play-java/,root), Config: compile)),true,None)
Sending msg to client play-fork-run-23c7adb7-50cd-46bc-8596-0d6b00bb501b: TaskStarted(82,20668,None)
Sending msg to client play-fork-run-23c7adb7-50cd-46bc-8596-0d6b00bb501b: TaskStarted(82,20707,None)
Sending msg to client play-fork-run-23c7adb7-50cd-46bc-8596-0d6b00bb501b: TaskFinished(82,20774,None,true,None)
Sending msg to client play-fork-run-23c7adb7-50cd-46bc-8596-0d6b00bb501b: TaskFinished(82,20750,Some(AttributeKey[sbt.ScalaInstance]("scalaInstance") in Scope(Build: file:/C:/Users/T/Downloads/typesafe-activator-1.3.12/activator-dist-1.3.12/bin/play-java/, , Project: ProjectReference(file:/C:/Users/T/Downloads/typesafe-activator-1.3.12/activator-dist-1.3.12/bin/play-java/,root))),true,None)
Sending msg to client play-fork-run-23c7adb7-50cd-46bc-8596-0d6b00bb501b: TaskStarted(82,20749,Some(AttributeKey[sbt.Compiler$Compilers]("compilers") in Scope(Global)))
Sending msg to client play-fork-run-23c7adb7-50cd-46bc-8596-0d6b00bb501b: TaskStarted(82,20780,None)
Sending msg to client play-fork-run-23c7adb7-50cd-46bc-8596-0d6b00bb501b: TaskStarted(82,20781,None)
Sending msg to client play-fork-run-23c7adb7-50cd-46bc-8596-0d6b00bb501b: TaskFinished(82,20719,Some(AttributeKey[scala.collection.Seq[java.lang.String]]("scalacOptions") in Scope(Build: file:/C:/Users/T/Downloads/typesafe-activator-1.3.12/activator-dist-1.3.12/bin/play-java/, , Project: ProjectReference(file:/C:/Users/T/Downloads/typesafe-activator-1.3.12/activator-dist-1.3.12/bin/play-java/,root), Config: compile)),true,None)
Sending msg to client play-fork-run-23c7adb7-50cd-46bc-8596-0d6b00bb501b: TaskFinished(82,20707,None,true,None)
Sending msg to client play-fork-run-23c7adb7-50cd-46bc-8596-0d6b00bb501b: TaskStarted(82,20705,Some(AttributeKey[scala.collection.Seq[sbt.Attributed[java.io.File]]]("managedClasspath") in Scope(Build: file:/C:/Users/T/Downloads/typesafe-activator-1.3.12/activator-dist-1.3.12/bin/play-java/, , Project: ProjectReference(file:/C:/Users/T/Downloads/typesafe-activator-1.3.12/activator-dist-1.3.12/bin/play-java/,root), Config: compile)))
Sending msg to client play-fork-run-23c7adb7-50cd-46bc-8596-0d6b00bb501b: TaskFinished(82,20780,None,true,None)
Sending msg to client play-fork-run-23c7adb7-50cd-46bc-8596-0d6b00bb501b: TaskFinished(82,20781,None,true,None)
Sending msg to client play-fork-run-23c7adb7-50cd-46bc-8596-0d6b00bb501b: TaskStarted(82,20779,None)
Sending msg to client play-fork-run-23c7adb7-50cd-46bc-8596-0d6b00bb501b: TaskFinished(82,20779,None,true,None)
Sending msg to client play-fork-run-23c7adb7-50cd-46bc-8596-0d6b00bb501b: TaskStarted(82,20778,None)
Sending msg to client play-fork-run-23c7adb7-50cd-46bc-8596-0d6b00bb501b: TaskFinished(82,20705,Some(AttributeKey[scala.collection.Seq[sbt.Attributed[java.io.File]]]("managedClasspath") in Scope(Build: file:/C:/Users/T/Downloads/typesafe-activator-1.3.12/activator-dist-1.3.12/bin/play-java/, , Project: ProjectReference(file:/C:/Users/T/Downloads/typesafe-activator-1.3.12/activator-dist-1.3.12/bin/play-java/,root), Config: compile)),true,None)
Sending msg to client play-fork-run-23c7adb7-50cd-46bc-8596-0d6b00bb501b: TaskStarted(82,20704,None)
Sending msg to client play-fork-run-23c7adb7-50cd-46bc-8596-0d6b00bb501b: TaskFinished(82,20749,Some(AttributeKey[sbt.Compiler$Compilers]("compilers") in Scope(Global)),true,None)
Sending msg to client play-fork-run-23c7adb7-50cd-46bc-8596-0d6b00bb501b: TaskFinished(82,20778,None,true,None)
Sending msg to client play-fork-run-23c7adb7-50cd-46bc-8596-0d6b00bb501b: TaskFinished(82,20668,None,true,None)
Sending msg to client play-fork-run-23c7adb7-50cd-46bc-8596-0d6b00bb501b: TaskStarted(82,20666,Some(AttributeKey[scala.collection.Seq[sbt.Attributed[java.io.File]]]("internalDependencyClasspath") in Scope(Build: file:/C:/Users/T/Downloads/typesafe-activator-1.3.12/activator-dist-1.3.12/bin/play-java/, , Project: ProjectReference(file:/C:/Users/T/Downloads/typesafe-activator-1.3.12/activator-dist-1.3.12/bin/play-java/,root), Config: compile)))
Sending msg to client play-fork-run-23c7adb7-50cd-46bc-8596-0d6b00bb501b: TaskFinished(82,20704,None,true,None)
Sending msg to client play-fork-run-23c7adb7-50cd-46bc-8596-0d6b00bb501b: TaskStarted(82,20703,Some(AttributeKey[scala.collection.Seq[sbt.Attributed[java.io.File]]]("externalDependencyClasspath") in Scope(Build: file:/C:/Users/T/Downloads/typesafe-activator-1.3.12/activator-dist-1.3.12/bin/play-java/, , Project: ProjectReference(file:/C:/Users/T/Downloads/typesafe-activator-1.3.12/activator-dist-1.3.12/bin/play-java/,root), Config: compile)))
Sending msg to client play-fork-run-23c7adb7-50cd-46bc-8596-0d6b00bb501b: TaskFinished(82,20666,Some(AttributeKey[scala.collection.Seq[sbt.Attributed[java.io.File]]]("internalDependencyClasspath") in Scope(Build: file:/C:/Users/T/Downloads/typesafe-activator-1.3.12/activator-dist-1.3.12/bin/play-java/, , Project: ProjectReference(file:/C:/Users/T/Downloads/typesafe-activator-1.3.12/activator-dist-1.3.12/bin/play-java/,root), Config: compile)),true,None)
Sending msg to client play-fork-run-23c7adb7-50cd-46bc-8596-0d6b00bb501b: TaskFinished(82,20703,Some(AttributeKey[scala.collection.Seq[sbt.Attributed[java.io.File]]]("externalDependencyClasspath") in Scope(Build: file:/C:/Users/T/Downloads/typesafe-activator-1.3.12/activator-dist-1.3.12/bin/play-java/, , Project: ProjectReference(file:/C:/Users/T/Downloads/typesafe-activator-1.3.12/activator-dist-1.3.12/bin/play-java/,root), Config: compile)),true,None)
Sending msg to client play-fork-run-23c7adb7-50cd-46bc-8596-0d6b00bb501b: TaskStarted(82,20665,None)
Sending msg to client play-fork-run-23c7adb7-50cd-46bc-8596-0d6b00bb501b: TaskFinished(82,20665,None,true,None)
Sending msg to client play-fork-run-23c7adb7-50cd-46bc-8596-0d6b00bb501b: TaskStarted(82,20663,Some(AttributeKey[scala.collection.Seq[sbt.Attributed[java.io.File]]]("dependencyClasspath") in Scope(Build: file:/C:/Users/T/Downloads/typesafe-activator-1.3.12/activator-dist-1.3.12/bin/play-java/, , Project: ProjectReference(file:/C:/Users/T/Downloads/typesafe-activator-1.3.12/activator-dist-1.3.12/bin/play-java/,root), Config: compile)))
Sending msg to client play-fork-run-23c7adb7-50cd-46bc-8596-0d6b00bb501b: TaskFinished(82,20663,Some(AttributeKey[scala.collection.Seq[sbt.Attributed[java.io.File]]]("dependencyClasspath") in Scope(Build: file:/C:/Users/T/Downloads/typesafe-activator-1.3.12/activator-dist-1.3.12/bin/play-java/, , Project: ProjectReference(file:/C:/Users/T/Downloads/typesafe-activator-1.3.12/activator-dist-1.3.12/bin/play-java/,root), Config: compile)),true,None)
Sending msg to client play-fork-run-23c7adb7-50cd-46bc-8596-0d6b00bb501b: TaskStarted(82,20655,Some(AttributeKey[sbt.Compiler$IncSetup]("incCompileSetup") in Scope(Build: file:/C:/Users/T/Downloads/typesafe-activator-1.3.12/activator-dist-1.3.12/bin/play-java/, , Project: ProjectReference(file:/C:/Users/T/Downloads/typesafe-activator-1.3.12/activator-dist-1.3.12/bin/play-java/,root), Config: compile)))
Sending msg to client play-fork-run-23c7adb7-50cd-46bc-8596-0d6b00bb501b: TaskStarted(82,20756,Some(AttributeKey[scala.Function1[sbt.compiler.IC$Result,sbt.compiler.IC$Result]]("playEnhancerGenerateAccessors") in Scope(Build: file:/C:/Users/T/Downloads/typesafe-activator-1.3.12/activator-dist-1.3.12/bin/play-java/, , Project: ProjectReference(file:/C:/Users/T/Downloads/typesafe-activator-1.3.12/activator-dist-1.3.12/bin/play-java/,root), Config: compile)))
Sending msg to client play-fork-run-23c7adb7-50cd-46bc-8596-0d6b00bb501b: TaskStarted(82,20759,Some(AttributeKey[scala.Function1[sbt.compiler.IC$Result,sbt.compiler.IC$Result]]("playEnhancerRewriteAccessors") in Scope(Build: file:/C:/Users/T/Downloads/typesafe-activator-1.3.12/activator-dist-1.3.12/bin/play-java/, , Project: ProjectReference(file:/C:/Users/T/Downloads/typesafe-activator-1.3.12/activator-dist-1.3.12/bin/play-java/,root), Config: compile)))
Sending msg to client play-fork-run-23c7adb7-50cd-46bc-8596-0d6b00bb501b: TaskFinished(82,20756,Some(AttributeKey[scala.Function1[sbt.compiler.IC$Result,sbt.compiler.IC$Result]]("playEnhancerGenerateAccessors") in Scope(Build: file:/C:/Users/T/Downloads/typesafe-activator-1.3.12/activator-dist-1.3.12/bin/play-java/, , Project: ProjectReference(file:/C:/Users/T/Downloads/typesafe-activator-1.3.12/activator-dist-1.3.12/bin/play-java/,root), Config: compile)),true,None)
Sending msg to client play-fork-run-23c7adb7-50cd-46bc-8596-0d6b00bb501b: TaskFinished(82,20759,Some(AttributeKey[scala.Function1[sbt.compiler.IC$Result,sbt.compiler.IC$Result]]("playEnhancerRewriteAccessors") in Scope(Build: file:/C:/Users/T/Downloads/typesafe-activator-1.3.12/activator-dist-1.3.12/bin/play-java/, , Project: ProjectReference(file:/C:/Users/T/Downloads/typesafe-activator-1.3.12/activator-dist-1.3.12/bin/play-java/,root), Config: compile)),true,None)
Sending msg to client play-fork-run-23c7adb7-50cd-46bc-8596-0d6b00bb501b: TaskFinished(82,20655,Some(AttributeKey[sbt.Compiler$IncSetup]("incCompileSetup") in Scope(Build: file:/C:/Users/T/Downloads/typesafe-activator-1.3.12/activator-dist-1.3.12/bin/play-java/, , Project: ProjectReference(file:/C:/Users/T/Downloads/typesafe-activator-1.3.12/activator-dist-1.3.12/bin/play-java/,root), Config: compile)),true,None)
Sending msg to client play-fork-run-23c7adb7-50cd-46bc-8596-0d6b00bb501b: TaskStarted(82,20718,Some(AttributeKey[sbt.Compiler$Inputs]("compileInputs") in Scope(Build: file:/C:/Users/T/Downloads/typesafe-activator-1.3.12/activator-dist-1.3.12/bin/play-java/, , Project: ProjectReference(file:/C:/Users/T/Downloads/typesafe-activator-1.3.12/activator-dist-1.3.12/bin/play-java/,root), Config: compile, Task: AttributeKey[sbt.inc.Analysis]("compile"))))
Sending msg to client play-fork-run-23c7adb7-50cd-46bc-8596-0d6b00bb501b: TaskStarted(82,20755,Some(AttributeKey[sbt.Compiler$PreviousAnalysis]("readAnalysis") in Scope(Build: file:/C:/Users/T/Downloads/typesafe-activator-1.3.12/activator-dist-1.3.12/bin/play-java/, , Project: ProjectReference(file:/C:/Users/T/Downloads/typesafe-activator-1.3.12/activator-dist-1.3.12/bin/play-java/,root), Config: compile)))
Sending msg to client play-fork-run-23c7adb7-50cd-46bc-8596-0d6b00bb501b: TaskFinished(82,20755,Some(AttributeKey[sbt.Compiler$PreviousAnalysis]("readAnalysis") in Scope(Build: file:/C:/Users/T/Downloads/typesafe-activator-1.3.12/activator-dist-1.3.12/bin/play-java/, , Project: ProjectReference(file:/C:/Users/T/Downloads/typesafe-activator-1.3.12/activator-dist-1.3.12/bin/play-java/,root), Config: compile)),true,None)
Sending msg to client play-fork-run-23c7adb7-50cd-46bc-8596-0d6b00bb501b: TaskFinished(82,20718,Some(AttributeKey[sbt.Compiler$Inputs]("compileInputs") in Scope(Build: file:/C:/Users/T/Downloads/typesafe-activator-1.3.12/activator-dist-1.3.12/bin/play-java/, , Project: ProjectReference(file:/C:/Users/T/Downloads/typesafe-activator-1.3.12/activator-dist-1.3.12/bin/play-java/,root), Config: compile, Task: AttributeKey[sbt.inc.Analysis]("compile"))),true,None)
Sending msg to client play-fork-run-23c7adb7-50cd-46bc-8596-0d6b00bb501b: TaskStarted(82,20716,Some(AttributeKey[scala.Option[xsbti.Reporter]]("compilerReporter") in Scope(Build: file:/C:/Users/T/Downloads/typesafe-activator-1.3.12/activator-dist-1.3.12/bin/play-java/, , Project: ProjectReference(file:/C:/Users/T/Downloads/typesafe-activator-1.3.12/activator-dist-1.3.12/bin/play-java/,root), Config: compile, Task: AttributeKey[sbt.inc.Analysis]("compile"))))
Sending msg to client play-fork-run-23c7adb7-50cd-46bc-8596-0d6b00bb501b: TaskFinished(82,20716,Some(AttributeKey[scala.Option[xsbti.Reporter]]("compilerReporter") in Scope(Build: file:/C:/Users/T/Downloads/typesafe-activator-1.3.12/activator-dist-1.3.12/bin/play-java/, , Project: ProjectReference(file:/C:/Users/T/Downloads/typesafe-activator-1.3.12/activator-dist-1.3.12/bin/play-java/,root), Config: compile, Task: AttributeKey[sbt.inc.Analysis]("compile"))),true,None)
Sending msg to client play-fork-run-23c7adb7-50cd-46bc-8596-0d6b00bb501b: TaskStarted(82,20715,Some(AttributeKey[sbt.compiler.IC$Result]("compileIncremental") in Scope(Build: file:/C:/Users/T/Downloads/typesafe-activator-1.3.12/activator-dist-1.3.12/bin/play-java/, , Project: ProjectReference(file:/C:/Users/T/Downloads/typesafe-activator-1.3.12/activator-dist-1.3.12/bin/play-java/,root), Config: compile)))
Sending msg to client play-fork-run-23c7adb7-50cd-46bc-8596-0d6b00bb501b: TaskLogEvent(20715,LogMessage(debug,
Initial source changes: 
	removed:Set()
	added: Set()
	modified: Set()
Removed products: Set()
External API changes: API Changes: Set()
Modified binary dependencies: Set()
Initial directly invalidated sources: Set()

Sources indirectly invalidated by:
	product: Set()
	binary dep: Set()
	external source: Set()))
Sending msg to client play-fork-run-23c7adb7-50cd-46bc-8596-0d6b00bb501b: TaskLogEvent(20715,LogMessage(debug,All initially invalidated sources: Set()
))
Sending msg to client play-fork-run-23c7adb7-50cd-46bc-8596-0d6b00bb501b: TaskFinished(82,20715,Some(AttributeKey[sbt.compiler.IC$Result]("compileIncremental") in Scope(Build: file:/C:/Users/T/Downloads/typesafe-activator-1.3.12/activator-dist-1.3.12/bin/play-java/, , Project: ProjectReference(file:/C:/Users/T/Downloads/typesafe-activator-1.3.12/activator-dist-1.3.12/bin/play-java/,root), Config: compile)),true,None)
Sending msg to client play-fork-run-23c7adb7-50cd-46bc-8596-0d6b00bb501b: TaskStarted(82,20714,Some(AttributeKey[sbt.compiler.IC$Result]("manipulateBytecode") in Scope(Build: file:/C:/Users/T/Downloads/typesafe-activator-1.3.12/activator-dist-1.3.12/bin/play-java/, , Project: ProjectReference(file:/C:/Users/T/Downloads/typesafe-activator-1.3.12/activator-dist-1.3.12/bin/play-java/,root), Config: compile)))
Sending msg to client play-fork-run-23c7adb7-50cd-46bc-8596-0d6b00bb501b: TaskFinished(82,20714,Some(AttributeKey[sbt.compiler.IC$Result]("manipulateBytecode") in Scope(Build: file:/C:/Users/T/Downloads/typesafe-activator-1.3.12/activator-dist-1.3.12/bin/play-java/, , Project: ProjectReference(file:/C:/Users/T/Downloads/typesafe-activator-1.3.12/activator-dist-1.3.12/bin/play-java/,root), Config: compile)),true,None)
Sending msg to client play-fork-run-23c7adb7-50cd-46bc-8596-0d6b00bb501b: TaskStarted(82,20713,Some(AttributeKey[sbt.compiler.IC$Result]("manipulateBytecode") in Scope(Build: file:/C:/Users/T/Downloads/typesafe-activator-1.3.12/activator-dist-1.3.12/bin/play-java/, , Project: ProjectReference(file:/C:/Users/T/Downloads/typesafe-activator-1.3.12/activator-dist-1.3.12/bin/play-java/,root), Config: compile)))
Sending msg to client play-fork-run-23c7adb7-50cd-46bc-8596-0d6b00bb501b: TaskFinished(82,20713,Some(AttributeKey[sbt.compiler.IC$Result]("manipulateBytecode") in Scope(Build: file:/C:/Users/T/Downloads/typesafe-activator-1.3.12/activator-dist-1.3.12/bin/play-java/, , Project: ProjectReference(file:/C:/Users/T/Downloads/typesafe-activator-1.3.12/activator-dist-1.3.12/bin/play-java/,root), Config: compile)),true,None)
Sending msg to client play-fork-run-23c7adb7-50cd-46bc-8596-0d6b00bb501b: TaskStarted(82,20654,Some(AttributeKey[sbt.inc.Analysis]("compile") in Scope(Build: file:/C:/Users/T/Downloads/typesafe-activator-1.3.12/activator-dist-1.3.12/bin/play-java/, , Project: ProjectReference(file:/C:/Users/T/Downloads/typesafe-activator-1.3.12/activator-dist-1.3.12/bin/play-java/,root), Config: compile)))
Sending msg to client play-fork-run-23c7adb7-50cd-46bc-8596-0d6b00bb501b: TaskFinished(82,20654,Some(AttributeKey[sbt.inc.Analysis]("compile") in Scope(Build: file:/C:/Users/T/Downloads/typesafe-activator-1.3.12/activator-dist-1.3.12/bin/play-java/, , Project: ProjectReference(file:/C:/Users/T/Downloads/typesafe-activator-1.3.12/activator-dist-1.3.12/bin/play-java/,root), Config: compile)),true,None)
Sending msg to client play-fork-run-23c7adb7-50cd-46bc-8596-0d6b00bb501b: TaskStarted(82,20653,Some(AttributeKey[scala.collection.Seq[java.lang.String]]("discoveredMainClasses") in Scope(Build: file:/C:/Users/T/Downloads/typesafe-activator-1.3.12/activator-dist-1.3.12/bin/play-java/, , Project: ProjectReference(file:/C:/Users/T/Downloads/typesafe-activator-1.3.12/activator-dist-1.3.12/bin/play-java/,root), Config: compile)))
Sending msg to client play-fork-run-23c7adb7-50cd-46bc-8596-0d6b00bb501b: TaskFinished(82,20653,Some(AttributeKey[scala.collection.Seq[java.lang.String]]("discoveredMainClasses") in Scope(Build: file:/C:/Users/T/Downloads/typesafe-activator-1.3.12/activator-dist-1.3.12/bin/play-java/, , Project: ProjectReference(file:/C:/Users/T/Downloads/typesafe-activator-1.3.12/activator-dist-1.3.12/bin/play-java/,root), Config: compile)),true,None)
Sending msg to client play-fork-run-23c7adb7-50cd-46bc-8596-0d6b00bb501b: TaskStarted(82,20652,None)
Sending msg to client play-fork-run-23c7adb7-50cd-46bc-8596-0d6b00bb501b: TaskFinished(82,20652,None,true,None)
Sending msg to client play-fork-run-23c7adb7-50cd-46bc-8596-0d6b00bb501b: TaskStarted(82,20651,None)
Sending msg to client play-fork-run-23c7adb7-50cd-46bc-8596-0d6b00bb501b: TaskFinished(82,20651,None,true,None)
Sending msg to client play-fork-run-23c7adb7-50cd-46bc-8596-0d6b00bb501b: DetachedLogEvent(LogMessage(debug,cancel strategy finish enabled=false lastCommand=Some(LastCommand(CommandExecutionWork(ExecutionId(82),{file:/C:/Users/T/Downloads/typesafe-activator-1.3.12/activator-dist-1.3.12/bin/play-java/}root/compile:discoveredMainClasses,Set(LiveClient(activator 9b2eb57f-726b-47ca-92b2-b6ad0f963451)),sbt.server.WorkCancellationStatus$$anon$1@6e9928b4)))))
Sending msg to client play-fork-run-23c7adb7-50cd-46bc-8596-0d6b00bb501b: DetachedLogEvent(LogSuccess(Total time: 1 s, completed Nov 17, 2016 9:18:23 AM))
Sending msg to client play-fork-run-23c7adb7-50cd-46bc-8596-0d6b00bb501b: DetachedLogEvent(LogMessage(debug,> server-post-command-cleanup))
Sending msg to client play-fork-run-23c7adb7-50cd-46bc-8596-0d6b00bb501b: ExecutionSuccess(82)
Sending msg to client play-fork-run-23c7adb7-50cd-46bc-8596-0d6b00bb501b: DetachedLogEvent(LogMessage(debug,> server-handle-next-server-request))
Sending msg to client play-fork-run-23c7adb7-50cd-46bc-8596-0d6b00bb501b: ExecutionStarting(83)
Sending msg to client play-fork-run-23c7adb7-50cd-46bc-8596-0d6b00bb501b: DetachedLogEvent(LogMessage(debug,> {file:/C:/Users/T/Downloads/typesafe-activator-1.3.12/activator-dist-1.3.12/bin/play-java/}root/compile:mainClass))
Sending msg to client play-fork-run-23c7adb7-50cd-46bc-8596-0d6b00bb501b: DetachedLogEvent(LogMessage(debug,Evaluating tasks: compile:mainClass))
Sending msg to client play-fork-run-23c7adb7-50cd-46bc-8596-0d6b00bb501b: DetachedLogEvent(LogMessage(debug,Running task... Cancel: sbt.server.ServerTaskCancellation@7f96352a, check cycles: false))
Sending msg to client play-fork-run-23c7adb7-50cd-46bc-8596-0d6b00bb501b: DetachedLogEvent(LogMessage(debug,cancel strategy start enabled=true lastCommand=Some(LastCommand(CommandExecutionWork(ExecutionId(83),{file:/C:/Users/T/Downloads/typesafe-activator-1.3.12/activator-dist-1.3.12/bin/play-java/}root/compile:mainClass,Set(LiveClient(activator 9b2eb57f-726b-47ca-92b2-b6ad0f963451)),sbt.server.WorkCancellationStatus$$anon$1@22b79df8)))))
Sending msg to client play-fork-run-23c7adb7-50cd-46bc-8596-0d6b00bb501b: TaskStarted(83,20784,Some(AttributeKey[scala.Option[java.lang.String]]("mainClass") in Scope(Build: file:/C:/Users/T/Downloads/typesafe-activator-1.3.12/activator-dist-1.3.12/bin/play-java/, , Project: ProjectReference(file:/C:/Users/T/Downloads/typesafe-activator-1.3.12/activator-dist-1.3.12/bin/play-java/,root), Config: compile)))
Sending msg to client play-fork-run-23c7adb7-50cd-46bc-8596-0d6b00bb501b: TaskFinished(83,20784,Some(AttributeKey[scala.Option[java.lang.String]]("mainClass") in Scope(Build: file:/C:/Users/T/Downloads/typesafe-activator-1.3.12/activator-dist-1.3.12/bin/play-java/, , Project: ProjectReference(file:/C:/Users/T/Downloads/typesafe-activator-1.3.12/activator-dist-1.3.12/bin/play-java/,root), Config: compile)),true,None)
Sending msg to client play-fork-run-23c7adb7-50cd-46bc-8596-0d6b00bb501b: TaskStarted(83,20783,None)
Sending msg to client play-fork-run-23c7adb7-50cd-46bc-8596-0d6b00bb501b: TaskFinished(83,20783,None,true,None)
Sending msg to client play-fork-run-23c7adb7-50cd-46bc-8596-0d6b00bb501b: TaskStarted(83,20782,None)
Sending msg to client play-fork-run-23c7adb7-50cd-46bc-8596-0d6b00bb501b: TaskFinished(83,20782,None,true,None)
Sending msg to client play-fork-run-23c7adb7-50cd-46bc-8596-0d6b00bb501b: DetachedLogEvent(LogMessage(debug,cancel strategy finish enabled=false lastCommand=Some(LastCommand(CommandExecutionWork(ExecutionId(83),{file:/C:/Users/T/Downloads/typesafe-activator-1.3.12/activator-dist-1.3.12/bin/play-java/}root/compile:mainClass,Set(LiveClient(activator 9b2eb57f-726b-47ca-92b2-b6ad0f963451)),sbt.server.WorkCancellationStatus$$anon$1@22b79df8)))))
Sending msg to client play-fork-run-23c7adb7-50cd-46bc-8596-0d6b00bb501b: DetachedLogEvent(LogSuccess(Total time: 0 s, completed Nov 17, 2016 9:18:23 AM))
Sending msg to client play-fork-run-23c7adb7-50cd-46bc-8596-0d6b00bb501b: DetachedLogEvent(LogMessage(debug,> server-post-command-cleanup))
Sending msg to client play-fork-run-23c7adb7-50cd-46bc-8596-0d6b00bb501b: ExecutionSuccess(83)
Sending msg to client play-fork-run-23c7adb7-50cd-46bc-8596-0d6b00bb501b: DetachedLogEvent(LogMessage(debug,> server-handle-next-server-request))
Sending msg to client play-fork-run-23c7adb7-50cd-46bc-8596-0d6b00bb501b: BackgroundJobLogEvent(1,LogMessage(error,p.c.s.n.PlayRequestHandler - Exception caught in Netty))
Sending msg to client play-fork-run-23c7adb7-50cd-46bc-8596-0d6b00bb501b: BackgroundJobLogEvent(1,LogMessage(info,java.security.PrivilegedActionException: null))
Sending msg to client play-fork-run-23c7adb7-50cd-46bc-8596-0d6b00bb501b: BackgroundJobLogEvent(1,LogMessage(info,	at java.security.AccessController.doPrivileged(Native Method)))
Sending msg to client play-fork-run-23c7adb7-50cd-46bc-8596-0d6b00bb501b: BackgroundJobLogEvent(1,LogMessage(info,	at play.runsupport.Reloader$.play$runsupport$Reloader$$withReloaderContextClassLoader(Reloader.scala:40)))
Sending msg to client play-fork-run-23c7adb7-50cd-46bc-8596-0d6b00bb501b: BackgroundJobLogEvent(1,LogMessage(info,	at play.runsupport.Reloader.reload(Reloader.scala:337)))
Sending msg to client play-fork-run-23c7adb7-50cd-46bc-8596-0d6b00bb501b: BackgroundJobLogEvent(1,LogMessage(info,	at play.core.server.DevServerStart$$anonfun$mainDev$1$$anon$1$$anonfun$get$1.apply(DevServerStart.scala:123)))
Sending msg to client play-fork-run-23c7adb7-50cd-46bc-8596-0d6b00bb501b: BackgroundJobLogEvent(1,LogMessage(info,	at play.core.server.DevServerStart$$anonfun$mainDev$1$$anon$1$$anonfun$get$1.apply(DevServerStart.scala:121)))
Sending msg to client play-fork-run-23c7adb7-50cd-46bc-8596-0d6b00bb501b: BackgroundJobLogEvent(1,LogMessage(info,	at scala.concurrent.impl.Future$PromiseCompletingRunnable.liftedTree1$1(Future.scala:24)))
Sending msg to client play-fork-run-23c7adb7-50cd-46bc-8596-0d6b00bb501b: BackgroundJobLogEvent(1,LogMessage(info,	at scala.concurrent.impl.Future$PromiseCompletingRunnable.run(Future.scala:24)))
Sending msg to client play-fork-run-23c7adb7-50cd-46bc-8596-0d6b00bb501b: BackgroundJobLogEvent(1,LogMessage(info,	at akka.dispatch.TaskInvocation.run(AbstractDispatcher.scala:39)))
Sending msg to client play-fork-run-23c7adb7-50cd-46bc-8596-0d6b00bb501b: BackgroundJobLogEvent(1,LogMessage(info,	at akka.dispatch.ForkJoinExecutorConfigurator$AkkaForkJoinTask.exec(AbstractDispatcher.scala:409)))
Sending msg to client play-fork-run-23c7adb7-50cd-46bc-8596-0d6b00bb501b: BackgroundJobLogEvent(1,LogMessage(info,	at scala.concurrent.forkjoin.ForkJoinTask.doExec(ForkJoinTask.java:260)))
Sending msg to client play-fork-run-23c7adb7-50cd-46bc-8596-0d6b00bb501b: BackgroundJobLogEvent(1,LogMessage(info,Caused by: akka.pattern.AskTimeoutException: Ask timed out on [Actor[akka://play-fork-run/user/fork-run#-141821099]] after [300000 ms]))
Sending msg to client play-fork-run-23c7adb7-50cd-46bc-8596-0d6b00bb501b: BackgroundJobLogEvent(1,LogMessage(info,	at akka.pattern.PromiseActorRef$$anonfun$1.apply$mcV$sp(AskSupport.scala:333)))
Sending msg to client play-fork-run-23c7adb7-50cd-46bc-8596-0d6b00bb501b: BackgroundJobLogEvent(1,LogMessage(info,	at akka.actor.Scheduler$$anon$7.run(Scheduler.scala:117)))
Sending msg to client play-fork-run-23c7adb7-50cd-46bc-8596-0d6b00bb501b: BackgroundJobLogEvent(1,LogMessage(info,	at scala.concurrent.Future$InternalCallbackExecutor$.unbatchedExecute(Future.scala:599)))
Sending msg to client play-fork-run-23c7adb7-50cd-46bc-8596-0d6b00bb501b: BackgroundJobLogEvent(1,LogMessage(info,	at scala.concurrent.BatchingExecutor$class.execute(BatchingExecutor.scala:109)))
Sending msg to client play-fork-run-23c7adb7-50cd-46bc-8596-0d6b00bb501b: BackgroundJobLogEvent(1,LogMessage(info,	at scala.concurrent.Future$InternalCallbackExecutor$.execute(Future.scala:597)))
Sending msg to client play-fork-run-23c7adb7-50cd-46bc-8596-0d6b00bb501b: BackgroundJobLogEvent(1,LogMessage(info,	at akka.actor.LightArrayRevolverScheduler$TaskHolder.executeTask(Scheduler.scala:467)))
Sending msg to client play-fork-run-23c7adb7-50cd-46bc-8596-0d6b00bb501b: BackgroundJobLogEvent(1,LogMessage(info,	at akka.actor.LightArrayRevolverScheduler$$anon$8.executeBucket$1(Scheduler.scala:419)))
Sending msg to client play-fork-run-23c7adb7-50cd-46bc-8596-0d6b00bb501b: BackgroundJobLogEvent(1,LogMessage(info,	at akka.actor.LightArrayRevolverScheduler$$anon$8.nextTick(Scheduler.scala:423)))
Sending msg to client play-fork-run-23c7adb7-50cd-46bc-8596-0d6b00bb501b: BackgroundJobLogEvent(1,LogMessage(info,	at akka.actor.LightArrayRevolverScheduler$$anon$8.run(Scheduler.scala:375)))
Sending msg to client play-fork-run-23c7adb7-50cd-46bc-8596-0d6b00bb501b: BackgroundJobLogEvent(1,LogMessage(info,	at java.lang.Thread.run(Unknown Source)))
