New log file opened at Mon Nov 28 10:17:56 EST 2016 by 9524@T-Dell
jvm 9524@T-Dell
jvm vmName=Java HotSpot(TM) 64-Bit Server VM vmVendor=Oracle Corporation vmVersion=25.102-b14
jvm specName=Java Virtual Machine Specification specVendor=Oracle Corporation specVersion=1.8
jvm arguments: [-Xms256m, -Xmx1024m, -XX:MetaspaceSize=64m, -XX:MaxMetaspaceSize=256m]
Starting event engine
Starting sbt command engine
Waiting for sbt command engine
Command engine arguments=List()
Command engine baseDirectory=C:\Users\T\Downloads\typesafe-activator-1.3.12\activator-dist-1.3.12\bin\play-java
Command engine initial remaining commands List(--initialize, onFailure load-failed, boot, server-send-ready-for-request, server-handle-next-server-request)
> --initialize
> initialize
> onFailure load-failed
> boot
> reload
[Loading] Scanning directory C:\Users\T\Downloads\typesafe-activator-1.3.12\activator-dist-1.3.12\bin\play-java\project
[Loading] Found non-root projects 
[Loading] Done in C:\Users\T\Downloads\typesafe-activator-1.3.12\activator-dist-1.3.12\bin\play-java\project, returning: ()
deducing auto plugins based on known facts Set(Atom(sbt.plugins.CorePlugin)) and clauses Clauses(List(Clause(Atom(sbt.plugins.JvmPlugin),Set(Atom(sbt.plugins.IvyPlugin))), Clause(Atom(sbt.plugins.JUnitXmlReportPlugin),Set(Atom(sbt.plugins.JvmPlugin))), Clause(Atom(sbt.plugins.CorePlugin),Set(Atom(sbt.plugins.IvyPlugin))), Clause(Atom(sbt.plugins.IvyPlugin),Set(Atom(sbt.plugins.JvmPlugin))), Clause(Atom(sbt.plugins.JvmPlugin),Set(Atom(sbt.plugins.JUnitXmlReportPlugin)))))
  :: deduced result: Matched(sbt.plugins.CorePlugin,sbt.plugins.IvyPlugin,sbt.plugins.JvmPlugin,sbt.plugins.JUnitXmlReportPlugin)
sorting: ns: List(sbt.plugins.CorePlugin, sbt.plugins.IvyPlugin, sbt.plugins.JvmPlugin, sbt.plugins.JUnitXmlReportPlugin)
  :: sorting:: found: List(sbt.plugins.CorePlugin) not found List(sbt.plugins.IvyPlugin, sbt.plugins.JvmPlugin, sbt.plugins.JUnitXmlReportPlugin)
  :: sorting:: found: List(sbt.plugins.CorePlugin, sbt.plugins.IvyPlugin) not found List(sbt.plugins.JvmPlugin, sbt.plugins.JUnitXmlReportPlugin)
  :: sorting:: found: List(sbt.plugins.CorePlugin, sbt.plugins.IvyPlugin, sbt.plugins.JvmPlugin) not found List(sbt.plugins.JUnitXmlReportPlugin)
  :: sorting:: found: List(sbt.plugins.CorePlugin, sbt.plugins.IvyPlugin, sbt.plugins.JvmPlugin, sbt.plugins.JUnitXmlReportPlugin) not found List()
  :: sorted deduced result: List(sbt.plugins.CorePlugin, sbt.plugins.IvyPlugin, sbt.plugins.JvmPlugin, sbt.plugins.JUnitXmlReportPlugin)
[Loading] Done in C:\Users\T\Downloads\typesafe-activator-1.3.12\activator-dist-1.3.12\bin\play-java\project, returning: (play-java-build)
Loading project definition from C:\Users\T\Downloads\typesafe-activator-1.3.12\activator-dist-1.3.12\bin\play-java\project
Running task... Cancel: sbt.TaskCancellationStrategy$Null$@c0fbcce, check cycles: false

Initial source changes: 
	removed:Set()
	added: Set()
	modified: Set()
Removed products: Set()
External API changes: API Changes: Set()
Modified binary dependencies: Set()
Initial directly invalidated sources: Set()

Sources indirectly invalidated by:
	product: Set()
	binary dep: Set()
	external source: Set()
All initially invalidated sources: Set()

Copy resource mappings: 
	
[Loading] Scanning directory C:\Users\T\Downloads\typesafe-activator-1.3.12\activator-dist-1.3.12\bin\play-java
[Loading] Found root project root w/ remaining 
deducing auto plugins based on known facts Set(Atom(play.sbt.PlayJava), Atom(play.ebean.sbt.PlayEbean), Atom(sbt.plugins.CorePlugin)) and clauses Clauses(List(Clause(Atom(sbt.plugins.JvmPlugin),Set(Atom(sbt.plugins.IvyPlugin))), Clause(Atom(sbt.plugins.JUnitXmlReportPlugin),Set(Atom(sbt.plugins.JvmPlugin))), Clause(Atom(play.sbt.forkrun.PlayForkRun),Set(Atom(sbt.plugins.BackgroundRunPlugin))), Clause(Atom(play.sbt.forkrun.PlayForkRun),Set(Atom(play.sbt.Play))), Clause(Atom(play.sbt.forkrun.PlayForkRun),Set(Atom(sbt.plugins.SerializersPlugin))), Clause(Atom(play.sbt.Play),Set(Atom(com.typesafe.sbt.packager.archetypes.JavaServerAppPackaging))), Clause(Atom(play.sbt.Play),Set(Atom(play.sbt.routes.RoutesCompiler))), Clause(Atom(play.sbt.Play),Set(Atom(play.twirl.sbt.SbtTwirl))), Clause(Atom(play.sbt.Play),Set(Atom(com.typesafe.sbt.jse.SbtJsTask))), Clause(Atom(play.sbt.PlayAkkaHttpServer),Set(Atom(play.sbt.Play))), Clause(Atom(play.sbt.PlayJava),Set(Atom(play.sbt.Play))), Clause(Atom(play.sbt.PlayLayoutPlugin),Set(Atom(play.sbt.Play))), Clause(Atom(play.sbt.PlayLogback),Set(Atom(play.sbt.Play))), Clause(Atom(play.sbt.PlayNettyServer),Set(Atom(play.sbt.Play))), Clause(Atom(play.sbt.PlayScala),Set(Atom(play.sbt.Play))), Clause(Atom(play.sbt.routes.RoutesCompiler),Set(Atom(sbt.plugins.JvmPlugin))), Clause(Atom(play.twirl.sbt.SbtTwirl),Set(Atom(sbt.plugins.JvmPlugin))), Clause(Atom(com.typesafe.sbt.packager.archetypes.AkkaAppPackaging),Set(Atom(com.typesafe.sbt.packager.archetypes.JavaAppPackaging))), Clause(Atom(com.typesafe.sbt.packager.archetypes.JavaAppPackaging),Set(Atom(com.typesafe.sbt.packager.windows.WindowsPlugin))), Clause(Atom(com.typesafe.sbt.packager.archetypes.JavaAppPackaging),Set(Atom(com.typesafe.sbt.packager.docker.DockerPlugin))), Clause(Atom(com.typesafe.sbt.packager.archetypes.JavaAppPackaging),Set(Atom(com.typesafe.sbt.packager.debian.DebianPlugin))), Clause(Atom(com.typesafe.sbt.packager.archetypes.JavaAppPackaging),Set(Atom(com.typesafe.sbt.packager.rpm.RpmPlugin))), Clause(Atom(com.typesafe.sbt.packager.archetypes.JavaServerAppPackaging),Set(Atom(com.typesafe.sbt.packager.archetypes.JavaAppPackaging))), Clause(Atom(com.typesafe.sbt.packager.archetypes.jar.ClasspathJarPlugin),Set(Atom(com.typesafe.sbt.packager.archetypes.JavaAppPackaging))), Clause(Atom(com.typesafe.sbt.packager.archetypes.jar.LauncherJarPlugin),Set(Atom(com.typesafe.sbt.packager.archetypes.JavaAppPackaging))), Clause(Atom(com.typesafe.sbt.packager.debian.DebianDeployPlugin),Set(Atom(com.typesafe.sbt.packager.debian.DebianPlugin))), Clause(Atom(com.typesafe.sbt.packager.debian.DebianPlugin),Set(Atom(com.typesafe.sbt.packager.linux.LinuxPlugin))), Clause(Atom(com.typesafe.sbt.packager.debian.JDebPackaging),Set(Atom(com.typesafe.sbt.packager.debian.DebianPlugin))), Clause(Atom(com.typesafe.sbt.packager.docker.DockerPlugin),Set(Atom(com.typesafe.sbt.packager.universal.UniversalPlugin))), Clause(Atom(com.typesafe.sbt.packager.jdkpackager.JDKPackagerDeployPlugin),Set(Atom(com.typesafe.sbt.packager.jdkpackager.JDKPackagerPlugin))), Clause(Atom(com.typesafe.sbt.packager.jdkpackager.JDKPackagerPlugin),Set(Atom(com.typesafe.sbt.packager.archetypes.JavaAppPackaging))), Clause(Atom(com.typesafe.sbt.packager.jdkpackager.JDKPackagerPlugin),Set(Atom(com.typesafe.sbt.packager.archetypes.jar.LauncherJarPlugin))), Clause(Atom(com.typesafe.sbt.packager.linux.LinuxPlugin),Set(Atom(com.typesafe.sbt.packager.universal.UniversalPlugin))), Clause(Atom(com.typesafe.sbt.packager.rpm.RpmDeployPlugin),Set(Atom(com.typesafe.sbt.packager.rpm.RpmPlugin))), Clause(Atom(com.typesafe.sbt.packager.rpm.RpmPlugin),Set(Atom(com.typesafe.sbt.packager.linux.LinuxPlugin))), Clause(Atom(com.typesafe.sbt.packager.universal.UniversalDeployPlugin),Set(Atom(com.typesafe.sbt.packager.universal.UniversalPlugin))), Clause(Atom(com.typesafe.sbt.packager.universal.UniversalPlugin),Set(Atom(com.typesafe.sbt.SbtNativePackager))), Clause(Atom(com.typesafe.sbt.packager.windows.WindowsDeployPlugin),Set(Atom(com.typesafe.sbt.packager.windows.WindowsPlugin))), Clause(Atom(com.typesafe.sbt.packager.windows.WindowsPlugin),Set(Atom(com.typesafe.sbt.packager.universal.UniversalPlugin))), Clause(Atom(com.typesafe.sbt.web.SbtWeb),Set(Atom(sbt.plugins.JvmPlugin))), Clause(Atom(sbt.plugins.BackgroundRunPlugin),Set(Atom(sbt.plugins.JvmPlugin))), Clause(Atom(com.typesafe.sbt.coffeescript.SbtCoffeeScript),Set(Atom(com.typesafe.sbt.jse.SbtJsTask))), Clause(Atom(com.typesafe.sbt.less.SbtLess),Set(Atom(com.typesafe.sbt.jse.SbtJsTask))), Clause(Atom(com.typesafe.sbt.jshint.SbtJSHint),Set(Atom(com.typesafe.sbt.jse.SbtJsTask))), Clause(Atom(com.typesafe.sbt.rjs.SbtRjs),Set(Atom(com.typesafe.sbt.jse.SbtJsTask))), Clause(Atom(com.typesafe.sbt.jse.SbtJsEngine),Set(Atom(com.typesafe.sbt.web.SbtWeb))), Clause(Atom(com.typesafe.sbt.jse.SbtJsTask),Set(Atom(com.typesafe.sbt.jse.SbtJsEngine))), Clause(Atom(com.typesafe.sbt.digest.SbtDigest),Set(Atom(com.typesafe.sbt.web.SbtWeb))), Clause(Atom(com.typesafe.sbt.mocha.SbtMocha),Set(Atom(com.typesafe.sbt.jse.SbtJsTask))), Clause(Atom(org.irundaia.sbt.sass.SbtSassify),Set(Atom(com.typesafe.sbt.web.SbtWeb))), Clause(Atom(com.typesafe.play.sbt.enhancer.PlayEnhancer),Set(Atom(sbt.plugins.JvmPlugin))), Clause(Atom(play.ebean.sbt.PlayEbean),Set(Atom(com.typesafe.play.sbt.enhancer.PlayEnhancer))), Clause(Atom(sbt.plugins.CorePlugin),Set(Atom(sbt.plugins.IvyPlugin))), Clause(Atom(sbt.plugins.IvyPlugin),Set(Atom(sbt.plugins.JvmPlugin))), Clause(Atom(sbt.plugins.JvmPlugin),Set(Atom(sbt.plugins.JUnitXmlReportPlugin))), Clause(And(Set(Atom(sbt.plugins.BackgroundRunPlugin), Atom(play.sbt.Play), Atom(sbt.plugins.SerializersPlugin))),Set(Atom(play.sbt.forkrun.PlayForkRun))), Clause(Atom(play.sbt.Play),Set(Atom(play.sbt.PlayLayoutPlugin))), Clause(Atom(play.sbt.Play),Set(Atom(play.sbt.PlayLogback))), Clause(Atom(play.sbt.Play),Set(Atom(play.sbt.PlayNettyServer))), Clause(Atom(sbt.plugins.JvmPlugin),Set(Atom(sbt.plugins.BackgroundRunPlugin))), Clause(Atom(sbt.plugins.CorePlugin),Set(Atom(sbt.plugins.InteractionServicePlugin))), Clause(Atom(sbt.plugins.CorePlugin),Set(Atom(sbt.plugins.SendEventServicePlugin))), Clause(Atom(sbt.plugins.CorePlugin),Set(Atom(sbt.plugins.SerializersPlugin))), Clause(Atom(com.typesafe.sbt.jse.SbtJsTask),Set(Atom(com.typesafe.sbt.coffeescript.SbtCoffeeScript))), Clause(Atom(com.typesafe.sbt.jse.SbtJsTask),Set(Atom(com.typesafe.sbt.less.SbtLess))), Clause(Atom(com.typesafe.sbt.jse.SbtJsTask),Set(Atom(com.typesafe.sbt.jshint.SbtJSHint))), Clause(Atom(com.typesafe.sbt.jse.SbtJsTask),Set(Atom(com.typesafe.sbt.rjs.SbtRjs))), Clause(Atom(com.typesafe.sbt.web.SbtWeb),Set(Atom(com.typesafe.sbt.jse.SbtJsEngine))), Clause(Atom(com.typesafe.sbt.jse.SbtJsEngine),Set(Atom(com.typesafe.sbt.jse.SbtJsTask))), Clause(Atom(com.typesafe.sbt.web.SbtWeb),Set(Atom(com.typesafe.sbt.digest.SbtDigest))), Clause(Atom(com.typesafe.sbt.jse.SbtJsTask),Set(Atom(com.typesafe.sbt.mocha.SbtMocha))), Clause(Atom(com.typesafe.sbt.web.SbtWeb),Set(Atom(org.irundaia.sbt.sass.SbtSassify))), Clause(Atom(sbt.plugins.JvmPlugin),Set(Atom(com.typesafe.play.sbt.enhancer.PlayEnhancer)))))
  :: deduced result: Matched(sbt.plugins.CorePlugin,play.ebean.sbt.PlayEbean,play.sbt.PlayJava,com.typesafe.play.sbt.enhancer.PlayEnhancer,sbt.plugins.InteractionServicePlugin,sbt.plugins.SendEventServicePlugin,play.sbt.Play,sbt.plugins.SerializersPlugin,sbt.plugins.IvyPlugin,com.typesafe.sbt.packager.archetypes.JavaServerAppPackaging,play.twirl.sbt.SbtTwirl,sbt.plugins.JvmPlugin,play.sbt.PlayNettyServer,play.sbt.PlayLayoutPlugin,play.sbt.routes.RoutesCompiler,play.sbt.PlayLogback,com.typesafe.sbt.jse.SbtJsTask,com.typesafe.sbt.jshint.SbtJSHint,com.typesafe.sbt.packager.archetypes.JavaAppPackaging,sbt.plugins.JUnitXmlReportPlugin,com.typesafe.sbt.mocha.SbtMocha,com.typesafe.sbt.less.SbtLess,com.typesafe.sbt.rjs.SbtRjs,com.typesafe.sbt.jse.SbtJsEngine,com.typesafe.sbt.coffeescript.SbtCoffeeScript,sbt.plugins.BackgroundRunPlugin,com.typesafe.sbt.packager.rpm.RpmPlugin,com.typesafe.sbt.packager.windows.WindowsPlugin,com.typesafe.sbt.web.SbtWeb,com.typesafe.sbt.packager.docker.DockerPlugin,play.sbt.forkrun.PlayForkRun,com.typesafe.sbt.packager.debian.DebianPlugin,org.irundaia.sbt.sass.SbtSassify,com.typesafe.sbt.digest.SbtDigest,com.typesafe.sbt.packager.universal.UniversalPlugin,com.typesafe.sbt.packager.linux.LinuxPlugin,com.typesafe.sbt.SbtNativePackager)
sorting: ns: List(sbt.plugins.CorePlugin, play.ebean.sbt.PlayEbean, play.sbt.PlayJava, com.typesafe.play.sbt.enhancer.PlayEnhancer, sbt.plugins.InteractionServicePlugin, sbt.plugins.SendEventServicePlugin, play.sbt.Play, sbt.plugins.SerializersPlugin, sbt.plugins.IvyPlugin, com.typesafe.sbt.packager.archetypes.JavaServerAppPackaging, play.twirl.sbt.SbtTwirl, sbt.plugins.JvmPlugin, play.sbt.PlayNettyServer, play.sbt.PlayLayoutPlugin, play.sbt.routes.RoutesCompiler, play.sbt.PlayLogback, com.typesafe.sbt.jse.SbtJsTask, com.typesafe.sbt.jshint.SbtJSHint, com.typesafe.sbt.packager.archetypes.JavaAppPackaging, sbt.plugins.JUnitXmlReportPlugin, com.typesafe.sbt.mocha.SbtMocha, com.typesafe.sbt.less.SbtLess, com.typesafe.sbt.rjs.SbtRjs, com.typesafe.sbt.jse.SbtJsEngine, com.typesafe.sbt.coffeescript.SbtCoffeeScript, sbt.plugins.BackgroundRunPlugin, com.typesafe.sbt.packager.rpm.RpmPlugin, com.typesafe.sbt.packager.windows.WindowsPlugin, com.typesafe.sbt.web.SbtWeb, com.typesafe.sbt.packager.docker.DockerPlugin, play.sbt.forkrun.PlayForkRun, com.typesafe.sbt.packager.debian.DebianPlugin, org.irundaia.sbt.sass.SbtSassify, com.typesafe.sbt.digest.SbtDigest, com.typesafe.sbt.packager.universal.UniversalPlugin, com.typesafe.sbt.packager.linux.LinuxPlugin, com.typesafe.sbt.SbtNativePackager)
  :: sorting:: found: List(sbt.plugins.CorePlugin, com.typesafe.sbt.SbtNativePackager) not found List(play.ebean.sbt.PlayEbean, play.sbt.PlayJava, com.typesafe.play.sbt.enhancer.PlayEnhancer, sbt.plugins.InteractionServicePlugin, sbt.plugins.SendEventServicePlugin, play.sbt.Play, sbt.plugins.SerializersPlugin, sbt.plugins.IvyPlugin, com.typesafe.sbt.packager.archetypes.JavaServerAppPackaging, play.twirl.sbt.SbtTwirl, sbt.plugins.JvmPlugin, play.sbt.PlayNettyServer, play.sbt.PlayLayoutPlugin, play.sbt.routes.RoutesCompiler, play.sbt.PlayLogback, com.typesafe.sbt.jse.SbtJsTask, com.typesafe.sbt.jshint.SbtJSHint, com.typesafe.sbt.packager.archetypes.JavaAppPackaging, sbt.plugins.JUnitXmlReportPlugin, com.typesafe.sbt.mocha.SbtMocha, com.typesafe.sbt.less.SbtLess, com.typesafe.sbt.rjs.SbtRjs, com.typesafe.sbt.jse.SbtJsEngine, com.typesafe.sbt.coffeescript.SbtCoffeeScript, sbt.plugins.BackgroundRunPlugin, com.typesafe.sbt.packager.rpm.RpmPlugin, com.typesafe.sbt.packager.windows.WindowsPlugin, com.typesafe.sbt.web.SbtWeb, com.typesafe.sbt.packager.docker.DockerPlugin, play.sbt.forkrun.PlayForkRun, com.typesafe.sbt.packager.debian.DebianPlugin, org.irundaia.sbt.sass.SbtSassify, com.typesafe.sbt.digest.SbtDigest, com.typesafe.sbt.packager.universal.UniversalPlugin, com.typesafe.sbt.packager.linux.LinuxPlugin)
  :: sorting:: found: List(sbt.plugins.CorePlugin, com.typesafe.sbt.SbtNativePackager, sbt.plugins.InteractionServicePlugin, sbt.plugins.SendEventServicePlugin, sbt.plugins.SerializersPlugin, sbt.plugins.IvyPlugin, com.typesafe.sbt.packager.universal.UniversalPlugin) not found List(play.ebean.sbt.PlayEbean, play.sbt.PlayJava, com.typesafe.play.sbt.enhancer.PlayEnhancer, play.sbt.Play, com.typesafe.sbt.packager.archetypes.JavaServerAppPackaging, play.twirl.sbt.SbtTwirl, sbt.plugins.JvmPlugin, play.sbt.PlayNettyServer, play.sbt.PlayLayoutPlugin, play.sbt.routes.RoutesCompiler, play.sbt.PlayLogback, com.typesafe.sbt.jse.SbtJsTask, com.typesafe.sbt.jshint.SbtJSHint, com.typesafe.sbt.packager.archetypes.JavaAppPackaging, sbt.plugins.JUnitXmlReportPlugin, com.typesafe.sbt.mocha.SbtMocha, com.typesafe.sbt.less.SbtLess, com.typesafe.sbt.rjs.SbtRjs, com.typesafe.sbt.jse.SbtJsEngine, com.typesafe.sbt.coffeescript.SbtCoffeeScript, sbt.plugins.BackgroundRunPlugin, com.typesafe.sbt.packager.rpm.RpmPlugin, com.typesafe.sbt.packager.windows.WindowsPlugin, com.typesafe.sbt.web.SbtWeb, com.typesafe.sbt.packager.docker.DockerPlugin, play.sbt.forkrun.PlayForkRun, com.typesafe.sbt.packager.debian.DebianPlugin, org.irundaia.sbt.sass.SbtSassify, com.typesafe.sbt.digest.SbtDigest, com.typesafe.sbt.packager.linux.LinuxPlugin)
  :: sorting:: found: List(sbt.plugins.CorePlugin, com.typesafe.sbt.SbtNativePackager, sbt.plugins.InteractionServicePlugin, sbt.plugins.SendEventServicePlugin, sbt.plugins.SerializersPlugin, sbt.plugins.IvyPlugin, com.typesafe.sbt.packager.universal.UniversalPlugin, sbt.plugins.JvmPlugin, com.typesafe.sbt.packager.windows.WindowsPlugin, com.typesafe.sbt.packager.docker.DockerPlugin, com.typesafe.sbt.packager.linux.LinuxPlugin) not found List(play.ebean.sbt.PlayEbean, play.sbt.PlayJava, com.typesafe.play.sbt.enhancer.PlayEnhancer, play.sbt.Play, com.typesafe.sbt.packager.archetypes.JavaServerAppPackaging, play.twirl.sbt.SbtTwirl, play.sbt.PlayNettyServer, play.sbt.PlayLayoutPlugin, play.sbt.routes.RoutesCompiler, play.sbt.PlayLogback, com.typesafe.sbt.jse.SbtJsTask, com.typesafe.sbt.jshint.SbtJSHint, com.typesafe.sbt.packager.archetypes.JavaAppPackaging, sbt.plugins.JUnitXmlReportPlugin, com.typesafe.sbt.mocha.SbtMocha, com.typesafe.sbt.less.SbtLess, com.typesafe.sbt.rjs.SbtRjs, com.typesafe.sbt.jse.SbtJsEngine, com.typesafe.sbt.coffeescript.SbtCoffeeScript, sbt.plugins.BackgroundRunPlugin, com.typesafe.sbt.packager.rpm.RpmPlugin, com.typesafe.sbt.web.SbtWeb, play.sbt.forkrun.PlayForkRun, com.typesafe.sbt.packager.debian.DebianPlugin, org.irundaia.sbt.sass.SbtSassify, com.typesafe.sbt.digest.SbtDigest)
  :: sorting:: found: List(sbt.plugins.CorePlugin, com.typesafe.sbt.SbtNativePackager, sbt.plugins.InteractionServicePlugin, sbt.plugins.SendEventServicePlugin, sbt.plugins.SerializersPlugin, sbt.plugins.IvyPlugin, com.typesafe.sbt.packager.universal.UniversalPlugin, sbt.plugins.JvmPlugin, com.typesafe.sbt.packager.windows.WindowsPlugin, com.typesafe.sbt.packager.docker.DockerPlugin, com.typesafe.sbt.packager.linux.LinuxPlugin, com.typesafe.play.sbt.enhancer.PlayEnhancer, play.twirl.sbt.SbtTwirl, play.sbt.routes.RoutesCompiler, sbt.plugins.JUnitXmlReportPlugin, sbt.plugins.BackgroundRunPlugin, com.typesafe.sbt.packager.rpm.RpmPlugin, com.typesafe.sbt.web.SbtWeb, com.typesafe.sbt.packager.debian.DebianPlugin) not found List(play.ebean.sbt.PlayEbean, play.sbt.PlayJava, play.sbt.Play, com.typesafe.sbt.packager.archetypes.JavaServerAppPackaging, play.sbt.PlayNettyServer, play.sbt.PlayLayoutPlugin, play.sbt.PlayLogback, com.typesafe.sbt.jse.SbtJsTask, com.typesafe.sbt.jshint.SbtJSHint, com.typesafe.sbt.packager.archetypes.JavaAppPackaging, com.typesafe.sbt.mocha.SbtMocha, com.typesafe.sbt.less.SbtLess, com.typesafe.sbt.rjs.SbtRjs, com.typesafe.sbt.jse.SbtJsEngine, com.typesafe.sbt.coffeescript.SbtCoffeeScript, play.sbt.forkrun.PlayForkRun, org.irundaia.sbt.sass.SbtSassify, com.typesafe.sbt.digest.SbtDigest)
  :: sorting:: found: List(sbt.plugins.CorePlugin, com.typesafe.sbt.SbtNativePackager, sbt.plugins.InteractionServicePlugin, sbt.plugins.SendEventServicePlugin, sbt.plugins.SerializersPlugin, sbt.plugins.IvyPlugin, com.typesafe.sbt.packager.universal.UniversalPlugin, sbt.plugins.JvmPlugin, com.typesafe.sbt.packager.windows.WindowsPlugin, com.typesafe.sbt.packager.docker.DockerPlugin, com.typesafe.sbt.packager.linux.LinuxPlugin, com.typesafe.play.sbt.enhancer.PlayEnhancer, play.twirl.sbt.SbtTwirl, play.sbt.routes.RoutesCompiler, sbt.plugins.JUnitXmlReportPlugin, sbt.plugins.BackgroundRunPlugin, com.typesafe.sbt.packager.rpm.RpmPlugin, com.typesafe.sbt.web.SbtWeb, com.typesafe.sbt.packager.debian.DebianPlugin, play.ebean.sbt.PlayEbean, com.typesafe.sbt.packager.archetypes.JavaAppPackaging, com.typesafe.sbt.jse.SbtJsEngine, org.irundaia.sbt.sass.SbtSassify, com.typesafe.sbt.digest.SbtDigest) not found List(play.sbt.PlayJava, play.sbt.Play, com.typesafe.sbt.packager.archetypes.JavaServerAppPackaging, play.sbt.PlayNettyServer, play.sbt.PlayLayoutPlugin, play.sbt.PlayLogback, com.typesafe.sbt.jse.SbtJsTask, com.typesafe.sbt.jshint.SbtJSHint, com.typesafe.sbt.mocha.SbtMocha, com.typesafe.sbt.less.SbtLess, com.typesafe.sbt.rjs.SbtRjs, com.typesafe.sbt.coffeescript.SbtCoffeeScript, play.sbt.forkrun.PlayForkRun)
  :: sorting:: found: List(sbt.plugins.CorePlugin, com.typesafe.sbt.SbtNativePackager, sbt.plugins.InteractionServicePlugin, sbt.plugins.SendEventServicePlugin, sbt.plugins.SerializersPlugin, sbt.plugins.IvyPlugin, com.typesafe.sbt.packager.universal.UniversalPlugin, sbt.plugins.JvmPlugin, com.typesafe.sbt.packager.windows.WindowsPlugin, com.typesafe.sbt.packager.docker.DockerPlugin, com.typesafe.sbt.packager.linux.LinuxPlugin, com.typesafe.play.sbt.enhancer.PlayEnhancer, play.twirl.sbt.SbtTwirl, play.sbt.routes.RoutesCompiler, sbt.plugins.JUnitXmlReportPlugin, sbt.plugins.BackgroundRunPlugin, com.typesafe.sbt.packager.rpm.RpmPlugin, com.typesafe.sbt.web.SbtWeb, com.typesafe.sbt.packager.debian.DebianPlugin, play.ebean.sbt.PlayEbean, com.typesafe.sbt.packager.archetypes.JavaAppPackaging, com.typesafe.sbt.jse.SbtJsEngine, org.irundaia.sbt.sass.SbtSassify, com.typesafe.sbt.digest.SbtDigest, com.typesafe.sbt.packager.archetypes.JavaServerAppPackaging, com.typesafe.sbt.jse.SbtJsTask) not found List(play.sbt.PlayJava, play.sbt.Play, play.sbt.PlayNettyServer, play.sbt.PlayLayoutPlugin, play.sbt.PlayLogback, com.typesafe.sbt.jshint.SbtJSHint, com.typesafe.sbt.mocha.SbtMocha, com.typesafe.sbt.less.SbtLess, com.typesafe.sbt.rjs.SbtRjs, com.typesafe.sbt.coffeescript.SbtCoffeeScript, play.sbt.forkrun.PlayForkRun)
  :: sorting:: found: List(sbt.plugins.CorePlugin, com.typesafe.sbt.SbtNativePackager, sbt.plugins.InteractionServicePlugin, sbt.plugins.SendEventServicePlugin, sbt.plugins.SerializersPlugin, sbt.plugins.IvyPlugin, com.typesafe.sbt.packager.universal.UniversalPlugin, sbt.plugins.JvmPlugin, com.typesafe.sbt.packager.windows.WindowsPlugin, com.typesafe.sbt.packager.docker.DockerPlugin, com.typesafe.sbt.packager.linux.LinuxPlugin, com.typesafe.play.sbt.enhancer.PlayEnhancer, play.twirl.sbt.SbtTwirl, play.sbt.routes.RoutesCompiler, sbt.plugins.JUnitXmlReportPlugin, sbt.plugins.BackgroundRunPlugin, com.typesafe.sbt.packager.rpm.RpmPlugin, com.typesafe.sbt.web.SbtWeb, com.typesafe.sbt.packager.debian.DebianPlugin, play.ebean.sbt.PlayEbean, com.typesafe.sbt.packager.archetypes.JavaAppPackaging, com.typesafe.sbt.jse.SbtJsEngine, org.irundaia.sbt.sass.SbtSassify, com.typesafe.sbt.digest.SbtDigest, com.typesafe.sbt.packager.archetypes.JavaServerAppPackaging, com.typesafe.sbt.jse.SbtJsTask, play.sbt.Play, com.typesafe.sbt.jshint.SbtJSHint, com.typesafe.sbt.mocha.SbtMocha, com.typesafe.sbt.less.SbtLess, com.typesafe.sbt.rjs.SbtRjs, com.typesafe.sbt.coffeescript.SbtCoffeeScript) not found List(play.sbt.PlayJava, play.sbt.PlayNettyServer, play.sbt.PlayLayoutPlugin, play.sbt.PlayLogback, play.sbt.forkrun.PlayForkRun)
  :: sorting:: found: List(sbt.plugins.CorePlugin, com.typesafe.sbt.SbtNativePackager, sbt.plugins.InteractionServicePlugin, sbt.plugins.SendEventServicePlugin, sbt.plugins.SerializersPlugin, sbt.plugins.IvyPlugin, com.typesafe.sbt.packager.universal.UniversalPlugin, sbt.plugins.JvmPlugin, com.typesafe.sbt.packager.windows.WindowsPlugin, com.typesafe.sbt.packager.docker.DockerPlugin, com.typesafe.sbt.packager.linux.LinuxPlugin, com.typesafe.play.sbt.enhancer.PlayEnhancer, play.twirl.sbt.SbtTwirl, play.sbt.routes.RoutesCompiler, sbt.plugins.JUnitXmlReportPlugin, sbt.plugins.BackgroundRunPlugin, com.typesafe.sbt.packager.rpm.RpmPlugin, com.typesafe.sbt.web.SbtWeb, com.typesafe.sbt.packager.debian.DebianPlugin, play.ebean.sbt.PlayEbean, com.typesafe.sbt.packager.archetypes.JavaAppPackaging, com.typesafe.sbt.jse.SbtJsEngine, org.irundaia.sbt.sass.SbtSassify, com.typesafe.sbt.digest.SbtDigest, com.typesafe.sbt.packager.archetypes.JavaServerAppPackaging, com.typesafe.sbt.jse.SbtJsTask, play.sbt.Play, com.typesafe.sbt.jshint.SbtJSHint, com.typesafe.sbt.mocha.SbtMocha, com.typesafe.sbt.less.SbtLess, com.typesafe.sbt.rjs.SbtRjs, com.typesafe.sbt.coffeescript.SbtCoffeeScript, play.sbt.PlayJava, play.sbt.PlayNettyServer, play.sbt.PlayLayoutPlugin, play.sbt.PlayLogback, play.sbt.forkrun.PlayForkRun) not found List()
  :: sorted deduced result: List(sbt.plugins.CorePlugin, com.typesafe.sbt.SbtNativePackager, sbt.plugins.InteractionServicePlugin, sbt.plugins.SendEventServicePlugin, sbt.plugins.SerializersPlugin, sbt.plugins.IvyPlugin, com.typesafe.sbt.packager.universal.UniversalPlugin, sbt.plugins.JvmPlugin, com.typesafe.sbt.packager.windows.WindowsPlugin, com.typesafe.sbt.packager.docker.DockerPlugin, com.typesafe.sbt.packager.linux.LinuxPlugin, com.typesafe.play.sbt.enhancer.PlayEnhancer, play.twirl.sbt.SbtTwirl, play.sbt.routes.RoutesCompiler, sbt.plugins.JUnitXmlReportPlugin, sbt.plugins.BackgroundRunPlugin, com.typesafe.sbt.packager.rpm.RpmPlugin, com.typesafe.sbt.web.SbtWeb, com.typesafe.sbt.packager.debian.DebianPlugin, play.ebean.sbt.PlayEbean, com.typesafe.sbt.packager.archetypes.JavaAppPackaging, com.typesafe.sbt.jse.SbtJsEngine, org.irundaia.sbt.sass.SbtSassify, com.typesafe.sbt.digest.SbtDigest, com.typesafe.sbt.packager.archetypes.JavaServerAppPackaging, com.typesafe.sbt.jse.SbtJsTask, play.sbt.Play, com.typesafe.sbt.jshint.SbtJSHint, com.typesafe.sbt.mocha.SbtMocha, com.typesafe.sbt.less.SbtLess, com.typesafe.sbt.rjs.SbtRjs, com.typesafe.sbt.coffeescript.SbtCoffeeScript, play.sbt.PlayJava, play.sbt.PlayNettyServer, play.sbt.PlayLayoutPlugin, play.sbt.PlayLogback, play.sbt.forkrun.PlayForkRun)
[Loading] Done in C:\Users\T\Downloads\typesafe-activator-1.3.12\activator-dist-1.3.12\bin\play-java, returning: (root)
Set current project to play-java (in build file:/C:/Users/T/Downloads/typesafe-activator-1.3.12/activator-dist-1.3.12/bin/play-java/)
Reapplying settings...
Set current project to play-java (in build file:/C:/Users/T/Downloads/typesafe-activator-1.3.12/activator-dist-1.3.12/bin/play-java/)
> iflast shell
> server-send-ready-for-request
> server-handle-next-server-request
> compile
Evaluating tasks: compile:compile
Running task... Cancel: sbt.server.ServerTaskCancellation@77b7d1f4, check cycles: false

Initial source changes: 
	removed:Set()
	added: Set()
	modified: Set()
Removed products: Set()
External API changes: API Changes: Set()
Modified binary dependencies: Set()
Initial directly invalidated sources: Set()

Sources indirectly invalidated by:
	product: Set()
	binary dep: Set()
	external source: Set()
All initially invalidated sources: Set()

Total time: 5 s, completed Nov 28, 2016 10:18:35 AM
> server-post-command-cleanup
> server-handle-next-server-request
> {file:/C:/Users/T/Downloads/typesafe-activator-1.3.12/activator-dist-1.3.12/bin/play-java/}root/compile:discoveredMainClasses
Evaluating tasks: compile:discoveredMainClasses
Running task... Cancel: sbt.server.ServerTaskCancellation@71d0efb2, check cycles: false

Initial source changes: 
	removed:Set()
	added: Set()
	modified: Set()
Removed products: Set()
External API changes: API Changes: Set()
Modified binary dependencies: Set()
Initial directly invalidated sources: Set()

Sources indirectly invalidated by:
	product: Set()
	binary dep: Set()
	external source: Set()
All initially invalidated sources: Set()

Total time: 2 s, completed Nov 28, 2016 10:18:38 AM
> server-post-command-cleanup
> server-handle-next-server-request
> {file:/C:/Users/T/Downloads/typesafe-activator-1.3.12/activator-dist-1.3.12/bin/play-java/}root/compile:mainClass
Evaluating tasks: compile:mainClass
Running task... Cancel: sbt.server.ServerTaskCancellation@4a5838c, check cycles: false
Total time: 0 s, completed Nov 28, 2016 10:18:38 AM
> server-post-command-cleanup
> server-handle-next-server-request
Received execution starting without a waiting first ExecutionStarting(4)
Received execution starting without a waiting first ExecutionStarting(4)
Use 'last' for the full log.
> server-post-command-error-handler
> server-post-command-cleanup
> server-handle-next-server-request
> backgroundRun
Evaluating tasks: compile:backgroundRun
Running task... Cancel: sbt.server.ServerTaskCancellation@3b019a09, check cycles: false
Total time: 0 s, completed Nov 28, 2016 10:18:46 AM
> server-post-command-cleanup
> server-handle-next-server-request
> {file:/C:/Users/T/Downloads/typesafe-activator-1.3.12/activator-dist-1.3.12/bin/play-java/}root/*:playForkConfig
Evaluating tasks: *:playForkConfig
Running task... Cancel: sbt.server.ServerTaskCancellation@5a4cdb4e, check cycles: false
Total time: 1 s, completed Nov 28, 2016 10:18:52 AM
> server-post-command-cleanup
> server-handle-next-server-request
> root/playForkNotifyStart http://localhost:9000
Evaluating tasks: *:playForkNotifyStart
Running task... Cancel: sbt.server.ServerTaskCancellation@65ac084a, check cycles: false
Total time: 0 s, completed Nov 28, 2016 10:18:56 AM
> server-post-command-cleanup
> server-handle-next-server-request
> {file:/C:/Users/T/Downloads/typesafe-activator-1.3.12/activator-dist-1.3.12/bin/play-java/}root/*:playForkReload
Evaluating tasks: *:playForkReload
Running task... Cancel: sbt.server.ServerTaskCancellation@7496a849, check cycles: false

Initial source changes: 
	removed:Set()
	added: Set()
	modified: Set()
Removed products: Set()
External API changes: API Changes: Set()
Modified binary dependencies: Set()
Initial directly invalidated sources: Set()

Sources indirectly invalidated by:
	product: Set()
	binary dep: Set()
	external source: Set()
All initially invalidated sources: Set()

Copy resource mappings: 
	(C:\Users\T\Downloads\typesafe-activator-1.3.12\activator-dist-1.3.12\bin\play-java\conf\application.conf,C:\Users\T\Downloads\typesafe-activator-1.3.12\activator-dist-1.3.12\bin\play-java\target\scala-2.11\classes\application.conf)
	(C:\Users\T\Downloads\typesafe-activator-1.3.12\activator-dist-1.3.12\bin\play-java\conf\evolutions,C:\Users\T\Downloads\typesafe-activator-1.3.12\activator-dist-1.3.12\bin\play-java\target\scala-2.11\classes\evolutions)
	(C:\Users\T\Downloads\typesafe-activator-1.3.12\activator-dist-1.3.12\bin\play-java\conf\logback.xml,C:\Users\T\Downloads\typesafe-activator-1.3.12\activator-dist-1.3.12\bin\play-java\target\scala-2.11\classes\logback.xml)
	(C:\Users\T\Downloads\typesafe-activator-1.3.12\activator-dist-1.3.12\bin\play-java\conf\routes,C:\Users\T\Downloads\typesafe-activator-1.3.12\activator-dist-1.3.12\bin\play-java\target\scala-2.11\classes\routes)
	(C:\Users\T\Downloads\typesafe-activator-1.3.12\activator-dist-1.3.12\bin\play-java\conf\evolutions\default,C:\Users\T\Downloads\typesafe-activator-1.3.12\activator-dist-1.3.12\bin\play-java\target\scala-2.11\classes\evolutions\default)
	(C:\Users\T\Downloads\typesafe-activator-1.3.12\activator-dist-1.3.12\bin\play-java\conf\evolutions\default\1.sql,C:\Users\T\Downloads\typesafe-activator-1.3.12\activator-dist-1.3.12\bin\play-java\target\scala-2.11\classes\evolutions\default\1.sql)
Warning: node.js detection failed, sbt will use the Rhino based Trireme JavaScript engine instead to run JavaScript assets compilation, which in some cases may be orders of magnitude slower than using node.js.
Total time: 4 s, completed Nov 28, 2016 10:19:43 AM
> server-post-command-cleanup
> server-handle-next-server-request
> {file:/C:/Users/T/Downloads/typesafe-activator-1.3.12/activator-dist-1.3.12/bin/play-java/}root/*:playForkReload
Evaluating tasks: *:playForkReload
Running task... Cancel: sbt.server.ServerTaskCancellation@4b5fe5ed, check cycles: false

Initial source changes: 
	removed:Set()
	added: Set()
	modified: Set(C:\Users\T\Downloads\typesafe-activator-1.3.12\activator-dist-1.3.12\bin\play-java\target\scala-2.11\twirl\main\views\html\friends.template.scala)
Removed products: Set()
External API changes: API Changes: Set()
Modified binary dependencies: Set()
Initial directly invalidated sources: Set(C:\Users\T\Downloads\typesafe-activator-1.3.12\activator-dist-1.3.12\bin\play-java\target\scala-2.11\twirl\main\views\html\friends.template.scala)

Sources indirectly invalidated by:
	product: Set()
	binary dep: Set()
	external source: Set()
All initially invalidated sources: Set(C:\Users\T\Downloads\typesafe-activator-1.3.12\activator-dist-1.3.12\bin\play-java\target\scala-2.11\twirl\main\views\html\friends.template.scala)

Read from stdout: Compiling 1 Scala source to C:\Users\T\Downloads\typesafe-activator-1.3.12\activator-dist-1.3.12\bin\play-java\target\scala-2.11\classes...
Compiling 1 Scala source to C:\Users\T\Downloads\typesafe-activator-1.3.12\activator-dist-1.3.12\bin\play-java\target\scala-2.11\classes...
Getting compiler-interface from component compiler for Scala 2.11.7
Other repositories:
Default repositories:
Getting compiler-interface from component compiler for Scala 2.11.7
Other repositories:
Default repositories:
Running cached compiler 541705fc, interfacing (CompilerInterface) with Scala compiler version 2.11.7
Calling Scala compiler with arguments  (CompilerInterface):
	-deprecation
	-unchecked
	-encoding
	utf8
	-bootclasspath
	C:\Program Files\Java\jre1.8.0_102\lib\resources.jar;C:\Program Files\Java\jre1.8.0_102\lib\rt.jar;C:\Program Files\Java\jre1.8.0_102\lib\sunrsasign.jar;C:\Program Files\Java\jre1.8.0_102\lib\jsse.jar;C:\Program Files\Java\jre1.8.0_102\lib\jce.jar;C:\Program Files\Java\jre1.8.0_102\lib\charsets.jar;C:\Program Files\Java\jre1.8.0_102\lib\jfr.jar;C:\Program Files\Java\jre1.8.0_102\classes;C:\Users\T\Downloads\typesafe-activator-1.3.12\activator-dist-1.3.12\repository\org.scala-lang\scala-library\2.11.7\jars\scala-library.jar
	-classpath
	C:\Users\T\Downloads\typesafe-activator-1.3.12\activator-dist-1.3.12\bin\play-java\target\scala-2.11\classes;C:\Users\T\Downloads\typesafe-activator-1.3.12\activator-dist-1.3.12\repository\com.typesafe.play\play-enhancer\1.1.0\jars\play-enhancer.jar;C:\Users\T\Downloads\typesafe-activator-1.3.12\activator-dist-1.3.12\repository\com.typesafe.play\twirl-api_2.11\1.1.1\jars\twirl-api_2.11.jar;C:\Users\T\Downloads\typesafe-activator-1.3.12\activator-dist-1.3.12\repository\org.apache.commons\commons-lang3\3.4\jars\commons-lang3.jar;C:\Users\T\.ivy2\cache\org.scala-lang.modules\scala-xml_2.11\bundles\scala-xml_2.11-1.0.1.jar;C:\Users\T\.ivy2\cache\com.typesafe.play\play-ebean_2.11\jars\play-ebean_2.11-3.0.2.jar;C:\Users\T\Downloads\typesafe-activator-1.3.12\activator-dist-1.3.12\repository\com.typesafe.play\play-java-jdbc_2.11\2.5.9\jars\play-java-jdbc_2.11.jar;C:\Users\T\Downloads\typesafe-activator-1.3.12\activator-dist-1.3.12\repository\com.typesafe.play\play-jdbc_2.11\2.5.9\jars\play-jdbc_2.11.jar;C:\Users\T\Downloads\typesafe-activator-1.3.12\activator-dist-1.3.12\repository\com.typesafe.play\play-jdbc-api_2.11\2.5.9\jars\play-jdbc-api_2.11.jar;C:\Users\T\Downloads\typesafe-activator-1.3.12\activator-dist-1.3.12\repository\com.typesafe.play\play_2.11\2.5.9\jars\play_2.11.jar;C:\Users\T\Downloads\typesafe-activator-1.3.12\activator-dist-1.3.12\repository\com.typesafe.play\build-link\2.5.9\jars\build-link.jar;C:\Users\T\Downloads\typesafe-activator-1.3.12\activator-dist-1.3.12\repository\com.typesafe.play\play-exceptions\2.5.9\jars\play-exceptions.jar;C:\Users\T\Downloads\typesafe-activator-1.3.12\activator-dist-1.3.12\repository\com.typesafe.play\play-iteratees_2.11\2.5.9\jars\play-iteratees_2.11.jar;C:\Users\T\.ivy2\cache\org.scala-stm\scala-stm_2.11\jars\scala-stm_2.11-0.7.jar;C:\Users\T\Downloads\typesafe-activator-1.3.12\activator-dist-1.3.12\repository\com.typesafe\config\1.3.0\bundles\config.jar;C:\Users\T\Downloads\typesafe-activator-1.3.12\activator-dist-1.3.12\repository\com.typesafe.play\play-json_2.11\2.5.9\jars\play-json_2.11.jar;C:\Users\T\Downloads\typesafe-activator-1.3.12\activator-dist-1.3.12\repository\com.typesafe.play\play-functional_2.11\2.5.9\jars\play-functional_2.11.jar;C:\Users\T\Downloads\typesafe-activator-1.3.12\activator-dist-1.3.12\repository\com.typesafe.play\play-datacommons_2.11\2.5.9\jars\play-datacommons_2.11.jar;C:\Users\T\Downloads\typesafe-activator-1.3.12\activator-dist-1.3.12\repository\joda-time\joda-time\2.9.4\jars\joda-time.jar;C:\Users\T\Downloads\typesafe-activator-1.3.12\activator-dist-1.3.12\repository\org.joda\joda-convert\1.8.1\jars\joda-convert.jar;C:\Users\T\Downloads\typesafe-activator-1.3.12\activator-dist-1.3.12\repository\org.scala-lang\scala-reflect\2.11.7\jars\scala-reflect.jar;C:\Users\T\Downloads\typesafe-activator-1.3.12\activator-dist-1.3.12\repository\com.fasterxml.jackson.core\jackson-core\2.7.6\bundles\jackson-core.jar;C:\Users\T\Downloads\typesafe-activator-1.3.12\activator-dist-1.3.12\repository\com.fasterxml.jackson.core\jackson-annotations\2.7.6\bundles\jackson-annotations.jar;C:\Users\T\Downloads\typesafe-activator-1.3.12\activator-dist-1.3.12\repository\com.fasterxml.jackson.core\jackson-databind\2.7.6\bundles\jackson-databind.jar;C:\Users\T\Downloads\typesafe-activator-1.3.12\activator-dist-1.3.12\repository\com.fasterxml.jackson.datatype\jackson-datatype-jdk8\2.7.6\bundles\jackson-datatype-jdk8.jar;C:\Users\T\Downloads\typesafe-activator-1.3.12\activator-dist-1.3.12\repository\com.fasterxml.jackson.datatype\jackson-datatype-jsr310\2.7.6\bundles\jackson-datatype-jsr310.jar;C:\Users\T\Downloads\typesafe-activator-1.3.12\activator-dist-1.3.12\repository\com.typesafe.play\play-netty-utils\2.5.9\jars\play-netty-utils.jar;C:\Users\T\Downloads\typesafe-activator-1.3.12\activator-dist-1.3.12\repository\org.slf4j\slf4j-api\1.7.21\jars\slf4j-api.jar;C:\Users\T\Downloads\typesafe-activator-1.3.12\activator-dist-1.3.12\repository\org.slf4j\jul-to-slf4j\1.7.21\jars\jul-to-slf4j.jar;C:\Users\T\Downloads\typesafe-activator-1.3.12\activator-dist-1.3.12\repository\org.slf4j\jcl-over-slf4j\1.7.21\jars\jcl-over-slf4j.jar;C:\Users\T\Downloads\typesafe-activator-1.3.12\activator-dist-1.3.12\repository\com.typesafe.play\play-streams_2.11\2.5.9\jars\play-streams_2.11.jar;C:\Users\T\Downloads\typesafe-activator-1.3.12\activator-dist-1.3.12\repository\org.reactivestreams\reactive-streams\1.0.0\jars\reactive-streams.jar;C:\Users\T\Downloads\typesafe-activator-1.3.12\activator-dist-1.3.12\repository\com.typesafe.akka\akka-stream_2.11\2.4.10\jars\akka-stream_2.11.jar;C:\Users\T\Downloads\typesafe-activator-1.3.12\activator-dist-1.3.12\repository\com.typesafe.akka\akka-actor_2.11\2.4.10\jars\akka-actor_2.11.jar;C:\Users\T\Downloads\typesafe-activator-1.3.12\activator-dist-1.3.12\repository\org.scala-lang.modules\scala-java8-compat_2.11\0.7.0\bundles\scala-java8-compat_2.11.jar;C:\Users\T\Downloads\typesafe-activator-1.3.12\activator-dist-1.3.12\repository\com.typesafe\ssl-config-akka_2.11\0.2.1\bundles\ssl-config-akka_2.11.jar;C:\Users\T\Downloads\typesafe-activator-1.3.12\activator-dist-1.3.12\repository\com.typesafe\ssl-config-core_2.11\0.2.1\bundles\ssl-config-core_2.11.jar;C:\Users\T\.ivy2\cache\org.scala-lang.modules\scala-parser-combinators_2.11\bundles\scala-parser-combinators_2.11-1.0.4.jar;C:\Users\T\Downloads\typesafe-activator-1.3.12\activator-dist-1.3.12\repository\com.typesafe.akka\akka-slf4j_2.11\2.4.10\jars\akka-slf4j_2.11.jar;C:\Users\T\Downloads\typesafe-activator-1.3.12\activator-dist-1.3.12\repository\commons-codec\commons-codec\1.10\jars\commons-codec.jar;C:\Users\T\.ivy2\cache\xerces\xercesImpl\jars\xercesImpl-2.11.0.jar;C:\Users\T\.ivy2\cache\xml-apis\xml-apis\jars\xml-apis-1.4.01.jar;C:\Users\T\.ivy2\cache\javax.transaction\jta\jars\jta-1.1.jar;C:\Users\T\Downloads\typesafe-activator-1.3.12\activator-dist-1.3.12\repository\com.google.inject\guice\4.0\jars\guice.jar;C:\Users\T\Downloads\typesafe-activator-1.3.12\activator-dist-1.3.12\repository\javax.inject\javax.inject\1\jars\javax.inject.jar;C:\Users\T\Downloads\typesafe-activator-1.3.12\activator-dist-1.3.12\repository\aopalliance\aopalliance\1.0\jars\aopalliance.jar;C:\Users\T\Downloads\typesafe-activator-1.3.12\activator-dist-1.3.12\repository\com.google.inject.extensions\guice-assistedinject\4.0\jars\guice-assistedinject.jar;C:\Users\T\Downloads\typesafe-activator-1.3.12\activator-dist-1.3.12\repository\com.jolbox\bonecp\0.8.0.RELEASE\bundles\bonecp.jar;C:\Users\T\Downloads\typesafe-activator-1.3.12\activator-dist-1.3.12\repository\com.zaxxer\HikariCP\2.5.1\bundles\HikariCP.jar;C:\Users\T\Downloads\typesafe-activator-1.3.12\activator-dist-1.3.12\repository\com.googlecode.usc\jdbcdslog\1.0.6.2\jars\jdbcdslog.jar;C:\Users\T\Downloads\typesafe-activator-1.3.12\activator-dist-1.3.12\repository\com.h2database\h2\1.4.192\jars\h2.jar;C:\Users\T\Downloads\typesafe-activator-1.3.12\activator-dist-1.3.12\repository\tyrex\tyrex\1.0.1\jars\tyrex.jar;C:\Users\T\Downloads\typesafe-activator-1.3.12\activator-dist-1.3.12\repository\com.typesafe.play\play-java_2.11\2.5.9\jars\play-java_2.11.jar;C:\Users\T\Downloads\typesafe-activator-1.3.12\activator-dist-1.3.12\repository\org.yaml\snakeyaml\1.16\bundles\snakeyaml.jar;C:\Users\T\Downloads\typesafe-activator-1.3.12\activator-dist-1.3.12\repository\org.hibernate\hibernate-validator\5.2.4.Final\jars\hibernate-validator.jar;C:\Users\T\Downloads\typesafe-activator-1.3.12\activator-dist-1.3.12\repository\javax.validation\validation-api\1.1.0.Final\jars\validation-api.jar;C:\Users\T\Downloads\typesafe-activator-1.3.12\activator-dist-1.3.12\repository\org.jboss.logging\jboss-logging\3.2.1.Final\jars\jboss-logging.jar;C:\Users\T\Downloads\typesafe-activator-1.3.12\activator-dist-1.3.12\repository\com.fasterxml\classmate\1.1.0\bundles\classmate.jar;C:\Users\T\Downloads\typesafe-activator-1.3.12\activator-dist-1.3.12\repository\javax.el\javax.el-api\3.0.0\jars\javax.el-api.jar;C:\Users\T\Downloads\typesafe-activator-1.3.12\activator-dist-1.3.12\repository\org.springframework\spring-context\4.2.7.RELEASE\jars\spring-context.jar;C:\Users\T\Downloads\typesafe-activator-1.3.12\activator-dist-1.3.12\repository\org.springframework\spring-core\4.2.7.RELEASE\jars\spring-core.jar;C:\Users\T\Downloads\typesafe-activator-1.3.12\activator-dist-1.3.12\repository\org.springframework\spring-beans\4.2.7.RELEASE\jars\spring-beans.jar;C:\Users\T\Downloads\typesafe-activator-1.3.12\activator-dist-1.3.12\repository\org.reflections\reflections\0.9.10\jars\reflections.jar;C:\Users\T\Downloads\typesafe-activator-1.3.12\activator-dist-1.3.12\repository\com.google.guava\guava\19.0\bundles\guava.jar;C:\Users\T\Downloads\typesafe-activator-1.3.12\activator-dist-1.3.12\repository\net.jodah\typetools\0.4.4\bundles\typetools.jar;C:\Users\T\Downloads\typesafe-activator-1.3.12\activator-dist-1.3.12\repository\com.google.code.findbugs\jsr305\3.0.1\jars\jsr305.jar;C:\Users\T\Downloads\typesafe-activator-1.3.12\activator-dist-1.3.12\repository\org.apache.tomcat\tomcat-servlet-api\8.0.33\jars\tomcat-servlet-api.jar;C:\Users\T\.ivy2\cache\com.typesafe.play\play-jdbc-evolutions_2.11\jars\play-jdbc-evolutions_2.11-2.5.2.jar;C:\Users\T\.ivy2\cache\org.avaje.ebeanorm\avaje-ebeanorm\jars\avaje-ebeanorm-7.6.1.jar;C:\Users\T\.ivy2\cache\org.jetbrains\annotations\jars\annotations-13.0.jar;C:\Users\T\.ivy2\cache\javax.persistence\persistence-api\jars\persistence-api-1.0.2.jar;C:\Users\T\.ivy2\cache\org.avaje\avaje-datasource-api\jars\avaje-datasource-api-1.1.jar;C:\Users\T\.ivy2\cache\org.avaje\avaje-datasource\jars\avaje-datasource-1.1.2.jar;C:\Users\T\.ivy2\cache\org.avaje.ebeanorm\avaje-ebeanorm-cluster\jars\avaje-ebeanorm-cluster-1.1.1.jar;C:\Users\T\.ivy2\cache\org.avaje\avaje-classpath-scanner-api\jars\avaje-classpath-scanner-api-2.1.jar;C:\Users\T\.ivy2\cache\org.avaje\avaje-classpath-scanner\jars\avaje-classpath-scanner-2.1.1.jar;C:\Users\T\.ivy2\cache\org.avaje.ebeanorm\avaje-ebeanorm-agent\jars\avaje-ebeanorm-agent-4.9.2.jar;C:\Users\T\Downloads\typesafe-activator-1.3.12\activator-dist-1.3.12\repository\com.typesafe.play\play-server_2.11\2.5.9\jars\play-server_2.11.jar;C:\Users\T\Downloads\typesafe-activator-1.3.12\activator-dist-1.3.12\repository\com.typesafe.play\play-netty-server_2.11\2.5.9\jars\play-netty-server_2.11.jar;C:\Users\T\Downloads\typesafe-activator-1.3.12\activator-dist-1.3.12\repository\com.typesafe.netty\netty-reactive-streams-http\1.0.8\jars\netty-reactive-streams-http.jar;C:\Users\T\Downloads\typesafe-activator-1.3.12\activator-dist-1.3.12\repository\com.typesafe.netty\netty-reactive-streams\1.0.8\jars\netty-reactive-streams.jar;C:\Users\T\Downloads\typesafe-activator-1.3.12\activator-dist-1.3.12\repository\io.netty\netty-handler\4.0.41.Final\jars\netty-handler.jar;C:\Users\T\Downloads\typesafe-activator-1.3.12\activator-dist-1.3.12\repository\io.netty\netty-buffer\4.0.41.Final\jars\netty-buffer.jar;C:\Users\T\Downloads\typesafe-activator-1.3.12\activator-dist-1.3.12\repository\io.netty\netty-common\4.0.41.Final\jars\netty-common.jar;C:\Users\T\Downloads\typesafe-activator-1.3.12\activator-dist-1.3.12\repository\io.netty\netty-transport\4.0.41.Final\jars\netty-transport.jar;C:\Users\T\Downloads\typesafe-activator-1.3.12\activator-dist-1.3.12\repository\io.netty\netty-codec\4.0.41.Final\jars\netty-codec.jar;C:\Users\T\Downloads\typesafe-activator-1.3.12\activator-dist-1.3.12\repository\io.netty\netty-codec-http\4.0.41.Final\jars\netty-codec-http.jar;C:\Users\T\.ivy2\cache\io.netty\netty-transport-native-epoll\jars\netty-transport-native-epoll-4.0.41.Final.jar;C:\Users\T\Downloads\typesafe-activator-1.3.12\activator-dist-1.3.12\repository\com.typesafe.play\play-logback_2.11\2.5.9\jars\play-logback_2.11.jar;C:\Users\T\Downloads\typesafe-activator-1.3.12\activator-dist-1.3.12\repository\ch.qos.logback\logback-classic\1.1.7\jars\logback-classic.jar;C:\Users\T\Downloads\typesafe-activator-1.3.12\activator-dist-1.3.12\repository\ch.qos.logback\logback-core\1.1.7\jars\logback-core.jar;C:\Users\T\Downloads\typesafe-activator-1.3.12\activator-dist-1.3.12\repository\com.typesafe.play\play-cache_2.11\2.5.9\jars\play-cache_2.11.jar;C:\Users\T\Downloads\typesafe-activator-1.3.12\activator-dist-1.3.12\repository\net.sf.ehcache\ehcache-core\2.6.11\jars\ehcache-core.jar;C:\Users\T\Downloads\typesafe-activator-1.3.12\activator-dist-1.3.12\repository\com.typesafe.play\play-java-ws_2.11\2.5.9\jars\play-java-ws_2.11.jar;C:\Users\T\Downloads\typesafe-activator-1.3.12\activator-dist-1.3.12\repository\com.typesafe.play\play-ws_2.11\2.5.9\jars\play-ws_2.11.jar;C:\Users\T\Downloads\typesafe-activator-1.3.12\activator-dist-1.3.12\repository\org.asynchttpclient\async-http-client\2.0.11\jars\async-http-client.jar;C:\Users\T\Downloads\typesafe-activator-1.3.12\activator-dist-1.3.12\repository\org.asynchttpclient\netty-resolver-dns\2.0.11\jars\netty-resolver-dns.jar;C:\Users\T\Downloads\typesafe-activator-1.3.12\activator-dist-1.3.12\repository\org.asynchttpclient\netty-resolver\2.0.11\jars\netty-resolver.jar;C:\Users\T\Downloads\typesafe-activator-1.3.12\activator-dist-1.3.12\repository\org.asynchttpclient\netty-codec-dns\2.0.11\jars\netty-codec-dns.jar;C:\Users\T\Downloads\typesafe-activator-1.3.12\activator-dist-1.3.12\repository\org.javassist\javassist\3.20.0-GA\bundles\javassist.jar;C:\Users\T\.ivy2\cache\oauth.signpost\signpost-core\jars\signpost-core-1.2.1.2.jar;C:\Users\T\.ivy2\cache\oauth.signpost\signpost-commonshttp4\jars\signpost-commonshttp4-1.2.1.2.jar;C:\Users\T\Downloads\typesafe-activator-1.3.12\activator-dist-1.3.12\repository\org.apache.httpcomponents\httpcore\4.0.1\jars\httpcore.jar;C:\Users\T\Downloads\typesafe-activator-1.3.12\activator-dist-1.3.12\repository\org.apache.httpcomponents\httpclient\4.0.1\jars\httpclient.jar;C:\Users\T\.ivy2\cache\commons-logging\commons-logging\jars\commons-logging-1.1.1.jar;C:\Users\T\.ivy2\cache\org.avaje\ebean\jars\ebean-2.7.3.jar;C:\Users\T\.ivy2\cache\org.postgresql\postgresql\bundles\postgresql-9.4.1212.jre7.jar;C:\Users\T\.ivy2\cache\mysql\mysql-connector-java\jars\mysql-connector-java-5.1.35.jar
Scala compilation took 12.144327558 s
New invalidations:
	Set()
Initial set of included nodes: Set()
Previously invalidated, but (transitively) depend on new invalidations:
	Set()
All newly invalidated sources after taking into account (previously) recompiled sources:Set()
Copy resource mappings: 
	(C:\Users\T\Downloads\typesafe-activator-1.3.12\activator-dist-1.3.12\bin\play-java\conf\application.conf,C:\Users\T\Downloads\typesafe-activator-1.3.12\activator-dist-1.3.12\bin\play-java\target\scala-2.11\classes\application.conf)
	(C:\Users\T\Downloads\typesafe-activator-1.3.12\activator-dist-1.3.12\bin\play-java\conf\evolutions,C:\Users\T\Downloads\typesafe-activator-1.3.12\activator-dist-1.3.12\bin\play-java\target\scala-2.11\classes\evolutions)
	(C:\Users\T\Downloads\typesafe-activator-1.3.12\activator-dist-1.3.12\bin\play-java\conf\logback.xml,C:\Users\T\Downloads\typesafe-activator-1.3.12\activator-dist-1.3.12\bin\play-java\target\scala-2.11\classes\logback.xml)
	(C:\Users\T\Downloads\typesafe-activator-1.3.12\activator-dist-1.3.12\bin\play-java\conf\routes,C:\Users\T\Downloads\typesafe-activator-1.3.12\activator-dist-1.3.12\bin\play-java\target\scala-2.11\classes\routes)
	(C:\Users\T\Downloads\typesafe-activator-1.3.12\activator-dist-1.3.12\bin\play-java\conf\evolutions\default,C:\Users\T\Downloads\typesafe-activator-1.3.12\activator-dist-1.3.12\bin\play-java\target\scala-2.11\classes\evolutions\default)
	(C:\Users\T\Downloads\typesafe-activator-1.3.12\activator-dist-1.3.12\bin\play-java\conf\evolutions\default\1.sql,C:\Users\T\Downloads\typesafe-activator-1.3.12\activator-dist-1.3.12\bin\play-java\target\scala-2.11\classes\evolutions\default\1.sql)
Total time: 17 s, completed Nov 28, 2016 10:34:09 AM
> server-post-command-cleanup
> server-handle-next-server-request
